2020-07-11 00:12:19,529 [INFO] [backup]  starting backup of 3 device(s)
2020-07-11 00:12:19,779 [INFO] [backup]  backup of m-cba-nsw-bellavista-sbc01 completed
2020-07-11 00:12:20,029 [INFO] [backup]  backup of m-cba-nsw-bellavista-sbc02 completed
2020-07-11 00:12:20,264 [INFO] [backup]  backup of m-cba-nsw-bellavista-sbc03 completed
2020-07-11 00:12:20,264 [INFO] [backup]  backed up 3 device(s) sucessfully. 0 device(s) failed
2020-07-11 00:12:20,264 [INFO] [backup]  **** backup script finished ****

2020-07-11 00:17:19,545 [INFO] [backup]  **** backup script started *****
2020-07-11 00:17:19,545 [INFO] [backup]  starting backup of 3 device(s)
2020-07-11 00:17:19,811 [INFO] [backup]  backup of m-cba-nsw-bellavista-sbc01 completed
2020-07-11 00:17:20,061 [INFO] [backup]  backup of m-cba-nsw-bellavista-sbc02 completed
2020-07-11 00:17:20,295 [INFO] [backup]  backup of m-cba-nsw-bellavista-sbc03 completed
2020-07-11 00:17:20,295 [INFO] [backup]  backed up 3 device(s) sucessfully. 0 device(s) failed
2020-07-11 00:17:20,311 [INFO] [backup]  **** backup script finished ****

2020-07-11 00:22:19,512 [INFO] [backup]  **** backup script started *****
2020-07-11 00:22:19,512 [INFO] [backup]  starting backup of 3 device(s)
2020-07-11 00:22:19,824 [INFO] [backup]  backup of m-cba-nsw-bellavista-sbc01 completed
2020-07-11 00:22:20,059 [INFO] [backup]  backup of m-cba-nsw-bellavista-sbc02 completed
2020-07-11 00:22:20,340 [INFO] [backup]  backup of m-cba-nsw-bellavista-sbc03 completed
2020-07-11 00:22:20,340 [INFO] [backup]  backed up 3 device(s) sucessfully. 0 device(s) failed
2020-07-11 00:22:20,340 [INFO] [backup]  **** backup script finished ****

2020-07-11 00:27:19,541 [INFO] [backup]  **** backup script started *****
2020-07-11 00:27:19,541 [INFO] [backup]  starting backup of 3 device(s)
2020-07-11 00:27:19,791 [INFO] [backup]  backup of m-cba-nsw-bellavista-sbc01 completed
2020-07-11 00:27:20,025 [INFO] [backup]  backup of m-cba-nsw-bellavista-sbc02 completed
2020-07-11 00:27:20,275 [INFO] [backup]  backup of m-cba-nsw-bellavista-sbc03 completed
2020-07-11 00:27:20,275 [INFO] [backup]  backed up 3 device(s) sucessfully. 0 device(s) failed
2020-07-11 00:27:20,275 [INFO] [backup]  **** backup script finished ****

2020-07-11 00:32:19,508 [INFO] [backup]  **** backup script started *****
2020-07-11 00:32:19,508 [INFO] [backup]  starting backup of 3 device(s)
2020-07-11 00:32:19,758 [INFO] [backup]  backup of m-cba-nsw-bellavista-sbc01 completed
2020-07-11 00:32:20,008 [INFO] [backup]  backup of m-cba-nsw-bellavista-sbc02 completed
2020-07-11 00:32:20,242 [INFO] [backup]  backup of m-cba-nsw-bellavista-sbc03 completed
2020-07-11 00:32:20,242 [INFO] [backup]  backed up 3 device(s) sucessfully. 0 device(s) failed
2020-07-11 00:32:20,258 [INFO] [backup]  **** backup script finished ****

2020-07-11 00:37:19,521 [INFO] [backup]  **** backup script started *****
2020-07-11 00:37:19,521 [INFO] [backup]  starting backup of 3 device(s)
2020-07-11 00:37:19,802 [INFO] [backup]  backup of m-cba-nsw-bellavista-sbc01 completed
2020-07-11 00:37:20,036 [INFO] [backup]  backup of m-cba-nsw-bellavista-sbc02 completed
2020-07-11 00:37:20,271 [INFO] [backup]  backup of m-cba-nsw-bellavista-sbc03 completed
2020-07-11 00:37:20,271 [INFO] [backup]  backed up 3 device(s) sucessfully. 0 device(s) failed
2020-07-11 00:37:20,271 [INFO] [backup]  **** backup script finished ****

2020-07-11 00:42:19,518 [INFO] [backup]  **** backup script started *****
2020-07-11 00:42:19,518 [INFO] [backup]  starting backup of 3 device(s)
2020-07-11 00:42:19,768 [INFO] [backup]  backup of m-cba-nsw-bellavista-sbc01 completed
2020-07-11 00:42:20,002 [INFO] [backup]  backup of m-cba-nsw-bellavista-sbc02 completed
2020-07-11 00:42:20,237 [INFO] [backup]  backup of m-cba-nsw-bellavista-sbc03 completed
2020-07-11 00:42:20,237 [INFO] [backup]  backed up 3 device(s) sucessfully. 0 device(s) failed
2020-07-11 00:42:20,237 [INFO] [backup]  **** backup script finished ****

2020-07-11 00:47:19,813 [INFO] [backup]  **** backup script started *****
2020-07-11 00:47:19,828 [INFO] [backup]  starting backup of 3 device(s)
2020-07-11 00:47:20,078 [INFO] [backup]  backup of m-cba-nsw-bellavista-sbc01 completed
2020-07-11 00:47:20,313 [INFO] [backup]  backup of m-cba-nsw-bellavista-sbc02 completed
2020-07-11 00:47:20,563 [INFO] [backup]  backup of m-cba-nsw-bellavista-sbc03 completed
2020-07-11 00:47:20,563 [INFO] [backup]  backed up 3 device(s) sucessfully. 0 device(s) failed
2020-07-11 00:47:20,563 [INFO] [backup]  **** backup script finished ****

2020-07-11 00:52:19,560 [INFO] [backup]  **** backup script started *****
2020-07-11 00:52:19,560 [INFO] [backup]  starting backup of 3 device(s)
2020-07-11 00:52:19,842 [INFO] [backup]  backup of m-cba-nsw-bellavista-sbc01 completed
2020-07-11 00:52:20,123 [INFO] [backup]  backup of m-cba-nsw-bellavista-sbc02 completed
2020-07-11 00:52:20,357 [INFO] [backup]  backup of m-cba-nsw-bellavista-sbc03 completed
2020-07-11 00:52:20,357 [INFO] [backup]  backed up 3 device(s) sucessfully. 0 device(s) failed
2020-07-11 00:52:20,357 [INFO] [backup]  **** backup script finished ****

2020-07-11 00:57:19,510 [INFO] [backup]  **** backup script started *****
2020-07-11 00:57:19,510 [INFO] [backup]  starting backup of 3 device(s)
2020-07-11 00:57:19,745 [INFO] [backup]  backup of m-cba-nsw-bellavista-sbc01 completed
2020-07-11 00:57:19,995 [INFO] [backup]  backup of m-cba-nsw-bellavista-sbc02 completed
2020-07-11 00:57:20,245 [INFO] [backup]  backup of m-cba-nsw-bellavista-sbc03 completed
2020-07-11 00:57:20,245 [INFO] [backup]  backed up 3 device(s) sucessfully. 0 device(s) failed
2020-07-11 00:57:20,245 [INFO] [backup]  **** backup script finished ****

2020-07-11 01:02:19,506 [INFO] [backup]  **** backup script started *****
2020-07-11 01:02:19,506 [INFO] [backup]  starting backup of 3 device(s)
2020-07-11 01:02:19,771 [INFO] [backup]  backup of m-cba-nsw-bellavista-sbc01 completed
2020-07-11 01:02:20,053 [INFO] [backup]  backup of m-cba-nsw-bellavista-sbc02 completed
2020-07-11 01:02:20,287 [INFO] [backup]  backup of m-cba-nsw-bellavista-sbc03 completed
2020-07-11 01:02:20,287 [INFO] [backup]  backed up 3 device(s) sucessfully. 0 device(s) failed
2020-07-11 01:02:20,287 [INFO] [backup]  **** backup script finished ****

2020-07-11 01:07:19,536 [INFO] [backup]  **** backup script started *****
2020-07-11 01:07:19,536 [INFO] [backup]  starting backup of 3 device(s)
2020-07-11 01:07:19,786 [INFO] [backup]  backup of m-cba-nsw-bellavista-sbc01 completed
2020-07-11 01:07:20,051 [INFO] [backup]  backup of m-cba-nsw-bellavista-sbc02 completed
2020-07-11 01:07:20,286 [INFO] [backup]  backup of m-cba-nsw-bellavista-sbc03 completed
2020-07-11 01:07:20,301 [INFO] [backup]  backed up 3 device(s) sucessfully. 0 device(s) failed
2020-07-11 01:07:20,301 [INFO] [backup]  **** backup script finished ****

2020-07-11 01:12:19,534 [INFO] [backup]  **** backup script started *****
2020-07-11 01:12:19,534 [INFO] [backup]  starting backup of 3 device(s)
2020-07-11 01:12:19,784 [INFO] [backup]  backup of m-cba-nsw-bellavista-sbc01 completed
2020-07-11 01:12:20,034 [INFO] [backup]  backup of m-cba-nsw-bellavista-sbc02 completed
2020-07-11 01:12:20,252 [INFO] [backup]  backup of m-cba-nsw-bellavista-sbc03 completed
2020-07-11 01:12:20,252 [INFO] [backup]  backed up 3 device(s) sucessfully. 0 device(s) failed
2020-07-11 01:12:20,252 [INFO] [backup]  **** backup script finished ****

2020-07-11 01:17:19,531 [INFO] [backup]  **** backup script started *****
2020-07-11 01:17:19,531 [INFO] [backup]  starting backup of 3 device(s)
2020-07-11 01:17:19,781 [INFO] [backup]  backup of m-cba-nsw-bellavista-sbc01 completed
2020-07-11 01:17:20,031 [INFO] [backup]  backup of m-cba-nsw-bellavista-sbc02 completed
2020-07-11 01:17:20,281 [INFO] [backup]  backup of m-cba-nsw-bellavista-sbc03 completed
2020-07-11 01:17:20,281 [INFO] [backup]  backed up 3 device(s) sucessfully. 0 device(s) failed
2020-07-11 01:17:20,281 [INFO] [backup]  **** backup script finished ****

2020-07-11 01:22:19,545 [INFO] [backup]  **** backup script started *****
2020-07-11 01:22:19,545 [INFO] [backup]  starting backup of 3 device(s)
2020-07-11 01:22:19,779 [INFO] [backup]  backup of m-cba-nsw-bellavista-sbc01 completed
2020-07-11 01:22:20,013 [INFO] [backup]  backup of m-cba-nsw-bellavista-sbc02 completed
2020-07-11 01:22:20,248 [INFO] [backup]  backup of m-cba-nsw-bellavista-sbc03 completed
2020-07-11 01:22:20,248 [INFO] [backup]  backed up 3 device(s) sucessfully. 0 device(s) failed
2020-07-11 01:22:20,248 [INFO] [backup]  **** backup script finished ****

2020-07-11 01:27:19,573 [INFO] [backup]  **** backup script started *****
2020-07-11 01:27:19,573 [INFO] [backup]  starting backup of 3 device(s)
2020-07-11 01:27:19,839 [INFO] [backup]  backup of m-cba-nsw-bellavista-sbc01 completed
2020-07-11 01:27:20,089 [INFO] [backup]  backup of m-cba-nsw-bellavista-sbc02 completed
2020-07-11 01:27:20,339 [INFO] [backup]  backup of m-cba-nsw-bellavista-sbc03 completed
2020-07-11 01:27:20,339 [INFO] [backup]  backed up 3 device(s) sucessfully. 0 device(s) failed
2020-07-11 01:27:20,339 [INFO] [backup]  **** backup script finished ****

2020-07-11 01:32:19,523 [INFO] [backup]  **** backup script started *****
2020-07-11 01:32:19,523 [INFO] [backup]  starting backup of 3 device(s)
2020-07-11 01:32:19,773 [INFO] [backup]  backup of m-cba-nsw-bellavista-sbc01 completed
2020-07-11 01:32:20,008 [INFO] [backup]  backup of m-cba-nsw-bellavista-sbc02 completed
2020-07-11 01:32:20,289 [INFO] [backup]  backup of m-cba-nsw-bellavista-sbc03 completed
2020-07-11 01:32:20,305 [INFO] [backup]  backed up 3 device(s) sucessfully. 0 device(s) failed
2020-07-11 01:32:20,305 [INFO] [backup]  **** backup script finished ****

2020-07-11 01:37:19,505 [INFO] [backup]  **** backup script started *****
2020-07-11 01:37:19,505 [INFO] [backup]  starting backup of 3 device(s)
2020-07-11 01:37:19,787 [INFO] [backup]  backup of m-cba-nsw-bellavista-sbc01 completed
2020-07-11 01:37:20,021 [INFO] [backup]  backup of m-cba-nsw-bellavista-sbc02 completed
2020-07-11 01:37:20,255 [INFO] [backup]  backup of m-cba-nsw-bellavista-sbc03 completed
2020-07-11 01:37:20,255 [INFO] [backup]  backed up 3 device(s) sucessfully. 0 device(s) failed
2020-07-11 01:37:20,255 [INFO] [backup]  **** backup script finished ****

2020-07-11 01:42:19,487 [INFO] [backup]  **** backup script started *****
2020-07-11 01:42:19,487 [INFO] [backup]  starting backup of 3 device(s)
2020-07-11 01:42:19,738 [INFO] [backup]  backup of m-cba-nsw-bellavista-sbc01 completed
2020-07-11 01:42:19,987 [INFO] [backup]  backup of m-cba-nsw-bellavista-sbc02 completed
2020-07-11 01:42:20,222 [INFO] [backup]  backup of m-cba-nsw-bellavista-sbc03 completed
2020-07-11 01:42:20,222 [INFO] [backup]  backed up 3 device(s) sucessfully. 0 device(s) failed
2020-07-11 01:42:20,222 [INFO] [backup]  **** backup script finished ****

2020-07-11 01:47:19,501 [INFO] [backup]  **** backup script started *****
2020-07-11 01:47:19,501 [INFO] [backup]  starting backup of 3 device(s)
2020-07-11 01:47:19,782 [INFO] [backup]  backup of m-cba-nsw-bellavista-sbc01 completed
2020-07-11 01:47:20,032 [INFO] [backup]  backup of m-cba-nsw-bellavista-sbc02 completed
2020-07-11 01:47:20,267 [INFO] [backup]  backup of m-cba-nsw-bellavista-sbc03 completed
2020-07-11 01:47:20,267 [INFO] [backup]  backed up 3 device(s) sucessfully. 0 device(s) failed
2020-07-11 01:47:20,267 [INFO] [backup]  **** backup script finished ****

2020-07-11 01:52:19,561 [INFO] [backup]  **** backup script started *****
2020-07-11 01:52:19,561 [INFO] [backup]  starting backup of 3 device(s)
2020-07-11 01:52:19,811 [INFO] [backup]  backup of m-cba-nsw-bellavista-sbc01 completed
2020-07-11 01:52:20,061 [INFO] [backup]  backup of m-cba-nsw-bellavista-sbc02 completed
2020-07-11 01:52:20,295 [INFO] [backup]  backup of m-cba-nsw-bellavista-sbc03 completed
2020-07-11 01:52:20,295 [INFO] [backup]  backed up 3 device(s) sucessfully. 0 device(s) failed
2020-07-11 01:52:20,295 [INFO] [backup]  **** backup script finished ****

2020-07-11 01:57:19,527 [INFO] [backup]  **** backup script started *****
2020-07-11 01:57:19,527 [INFO] [backup]  starting backup of 3 device(s)
2020-07-11 01:57:19,809 [INFO] [backup]  backup of m-cba-nsw-bellavista-sbc01 completed
2020-07-11 01:57:20,059 [INFO] [backup]  backup of m-cba-nsw-bellavista-sbc02 completed
2020-07-11 01:57:20,293 [INFO] [backup]  backup of m-cba-nsw-bellavista-sbc03 completed
2020-07-11 01:57:20,293 [INFO] [backup]  backed up 3 device(s) sucessfully. 0 device(s) failed
2020-07-11 01:57:20,293 [INFO] [backup]  **** backup script finished ****

2020-07-11 02:02:19,524 [INFO] [backup]  **** backup script started *****
2020-07-11 02:02:19,524 [INFO] [backup]  starting backup of 3 device(s)
2020-07-11 02:02:19,774 [INFO] [backup]  backup of m-cba-nsw-bellavista-sbc01 completed
2020-07-11 02:02:20,024 [INFO] [backup]  backup of m-cba-nsw-bellavista-sbc02 completed
2020-07-11 02:02:20,274 [INFO] [backup]  backup of m-cba-nsw-bellavista-sbc03 completed
2020-07-11 02:02:20,274 [INFO] [backup]  backed up 3 device(s) sucessfully. 0 device(s) failed
2020-07-11 02:02:20,274 [INFO] [backup]  **** backup script finished ****

2020-07-11 02:07:19,507 [INFO] [backup]  **** backup script started *****
2020-07-11 02:07:19,507 [INFO] [backup]  starting backup of 3 device(s)
2020-07-11 02:07:19,757 [INFO] [backup]  backup of m-cba-nsw-bellavista-sbc01 completed
2020-07-11 02:07:20,039 [INFO] [backup]  backup of m-cba-nsw-bellavista-sbc02 completed
2020-07-11 02:07:20,273 [INFO] [backup]  backup of m-cba-nsw-bellavista-sbc03 completed
2020-07-11 02:07:20,273 [INFO] [backup]  backed up 3 device(s) sucessfully. 0 device(s) failed
2020-07-11 02:07:20,273 [INFO] [backup]  **** backup script finished ****

2020-07-11 02:12:19,520 [INFO] [backup]  **** backup script started *****
2020-07-11 02:12:19,520 [INFO] [backup]  starting backup of 3 device(s)
2020-07-11 02:12:19,802 [INFO] [backup]  backup of m-cba-nsw-bellavista-sbc01 completed
2020-07-11 02:12:20,083 [INFO] [backup]  backup of m-cba-nsw-bellavista-sbc02 completed
2020-07-11 02:12:20,317 [INFO] [backup]  backup of m-cba-nsw-bellavista-sbc03 completed
2020-07-11 02:12:20,317 [INFO] [backup]  backed up 3 device(s) sucessfully. 0 device(s) failed
2020-07-11 02:12:20,317 [INFO] [backup]  **** backup script finished ****

2020-07-11 02:17:19,523 [INFO] [backup]  **** backup script started *****
2020-07-11 02:17:19,523 [INFO] [backup]  starting backup of 3 device(s)
2020-07-11 02:17:19,773 [INFO] [backup]  backup of m-cba-nsw-bellavista-sbc01 completed
2020-07-11 02:17:20,007 [INFO] [backup]  backup of m-cba-nsw-bellavista-sbc02 completed
2020-07-11 02:17:20,288 [INFO] [backup]  backup of m-cba-nsw-bellavista-sbc03 completed
2020-07-11 02:17:20,288 [INFO] [backup]  backed up 3 device(s) sucessfully. 0 device(s) failed
2020-07-11 02:17:20,288 [INFO] [backup]  **** backup script finished ****

2020-07-11 02:22:19,496 [INFO] [backup]  **** backup script started *****
2020-07-11 02:22:19,496 [INFO] [backup]  starting backup of 3 device(s)
2020-07-11 02:22:19,746 [INFO] [backup]  backup of m-cba-nsw-bellavista-sbc01 completed
2020-07-11 02:22:20,043 [INFO] [backup]  backup of m-cba-nsw-bellavista-sbc02 completed
2020-07-11 02:22:20,340 [INFO] [backup]  backup of m-cba-nsw-bellavista-sbc03 completed
2020-07-11 02:22:20,340 [INFO] [backup]  backed up 3 device(s) sucessfully. 0 device(s) failed
2020-07-11 02:22:20,340 [INFO] [backup]  **** backup script finished ****

2020-07-11 02:27:19,498 [INFO] [backup]  **** backup script started *****
2020-07-11 02:27:19,498 [INFO] [backup]  starting backup of 3 device(s)
2020-07-11 02:27:19,748 [INFO] [backup]  backup of m-cba-nsw-bellavista-sbc01 completed
2020-07-11 02:27:19,983 [INFO] [backup]  backup of m-cba-nsw-bellavista-sbc02 completed
2020-07-11 02:27:20,233 [INFO] [backup]  backup of m-cba-nsw-bellavista-sbc03 completed
2020-07-11 02:27:20,233 [INFO] [backup]  backed up 3 device(s) sucessfully. 0 device(s) failed
2020-07-11 02:27:20,233 [INFO] [backup]  **** backup script finished ****

2020-07-11 02:32:19,513 [INFO] [backup]  **** backup script started *****
2020-07-11 02:32:19,513 [INFO] [backup]  starting backup of 3 device(s)
2020-07-11 02:32:19,747 [INFO] [backup]  backup of m-cba-nsw-bellavista-sbc01 completed
2020-07-11 02:32:19,997 [INFO] [backup]  backup of m-cba-nsw-bellavista-sbc02 completed
2020-07-11 02:32:20,231 [INFO] [backup]  backup of m-cba-nsw-bellavista-sbc03 completed
2020-07-11 02:32:20,231 [INFO] [backup]  backed up 3 device(s) sucessfully. 0 device(s) failed
2020-07-11 02:32:20,231 [INFO] [backup]  **** backup script finished ****

2020-07-11 02:37:19,478 [INFO] [backup]  **** backup script started *****
2020-07-11 02:37:19,478 [INFO] [backup]  starting backup of 3 device(s)
2020-07-11 02:37:19,728 [INFO] [backup]  backup of m-cba-nsw-bellavista-sbc01 completed
2020-07-11 02:37:19,978 [INFO] [backup]  backup of m-cba-nsw-bellavista-sbc02 completed
2020-07-11 02:37:20,213 [INFO] [backup]  backup of m-cba-nsw-bellavista-sbc03 completed
2020-07-11 02:37:20,213 [INFO] [backup]  backed up 3 device(s) sucessfully. 0 device(s) failed
2020-07-11 02:37:20,213 [INFO] [backup]  **** backup script finished ****

2020-07-11 02:42:19,491 [INFO] [backup]  **** backup script started *****
2020-07-11 02:42:19,491 [INFO] [backup]  starting backup of 3 device(s)
2020-07-11 02:42:19,741 [INFO] [backup]  backup of m-cba-nsw-bellavista-sbc01 completed
2020-07-11 02:42:20,022 [INFO] [backup]  backup of m-cba-nsw-bellavista-sbc02 completed
2020-07-11 02:42:20,241 [INFO] [backup]  backup of m-cba-nsw-bellavista-sbc03 completed
2020-07-11 02:42:20,241 [INFO] [backup]  backed up 3 device(s) sucessfully. 0 device(s) failed
2020-07-11 02:42:20,241 [INFO] [backup]  **** backup script finished ****

2020-07-11 02:47:19,489 [INFO] [backup]  **** backup script started *****
2020-07-11 02:47:19,489 [INFO] [backup]  starting backup of 3 device(s)
2020-07-11 02:47:19,724 [INFO] [backup]  backup of m-cba-nsw-bellavista-sbc01 completed
2020-07-11 02:47:19,942 [INFO] [backup]  backup of m-cba-nsw-bellavista-sbc02 completed
2020-07-11 02:47:20,224 [INFO] [backup]  backup of m-cba-nsw-bellavista-sbc03 completed
2020-07-11 02:47:20,224 [INFO] [backup]  backed up 3 device(s) sucessfully. 0 device(s) failed
2020-07-11 02:47:20,224 [INFO] [backup]  **** backup script finished ****

2020-07-11 02:52:19,502 [INFO] [backup]  **** backup script started *****
2020-07-11 02:52:19,502 [INFO] [backup]  starting backup of 3 device(s)
2020-07-11 02:52:19,783 [INFO] [backup]  backup of m-cba-nsw-bellavista-sbc01 completed
2020-07-11 02:52:20,018 [INFO] [backup]  backup of m-cba-nsw-bellavista-sbc02 completed
2020-07-11 02:52:20,252 [INFO] [backup]  backup of m-cba-nsw-bellavista-sbc03 completed
2020-07-11 02:52:20,252 [INFO] [backup]  backed up 3 device(s) sucessfully. 0 device(s) failed
2020-07-11 02:52:20,252 [INFO] [backup]  **** backup script finished ****

2020-07-11 02:57:19,530 [INFO] [backup]  **** backup script started *****
2020-07-11 02:57:19,530 [INFO] [backup]  starting backup of 3 device(s)
2020-07-11 02:57:19,780 [INFO] [backup]  backup of m-cba-nsw-bellavista-sbc01 completed
2020-07-11 02:57:20,046 [INFO] [backup]  backup of m-cba-nsw-bellavista-sbc02 completed
2020-07-11 02:57:20,280 [INFO] [backup]  backup of m-cba-nsw-bellavista-sbc03 completed
2020-07-11 02:57:20,280 [INFO] [backup]  backed up 3 device(s) sucessfully. 0 device(s) failed
2020-07-11 02:57:20,280 [INFO] [backup]  **** backup script finished ****

2020-07-11 03:02:19,512 [INFO] [backup]  **** backup script started *****
2020-07-11 03:02:19,512 [INFO] [backup]  starting backup of 3 device(s)
2020-07-11 03:02:19,762 [INFO] [backup]  backup of m-cba-nsw-bellavista-sbc01 completed
2020-07-11 03:02:20,012 [INFO] [backup]  backup of m-cba-nsw-bellavista-sbc02 completed
2020-07-11 03:02:20,246 [INFO] [backup]  backup of m-cba-nsw-bellavista-sbc03 completed
2020-07-11 03:02:20,246 [INFO] [backup]  backed up 3 device(s) sucessfully. 0 device(s) failed
2020-07-11 03:02:20,246 [INFO] [backup]  **** backup script finished ****

2020-07-11 03:07:19,533 [INFO] [backup]  **** backup script started *****
2020-07-11 03:07:19,533 [INFO] [backup]  starting backup of 3 device(s)
2020-07-11 03:07:19,768 [INFO] [backup]  backup of m-cba-nsw-bellavista-sbc01 completed
2020-07-11 03:07:20,002 [INFO] [backup]  backup of m-cba-nsw-bellavista-sbc02 completed
2020-07-11 03:07:20,237 [INFO] [backup]  backup of m-cba-nsw-bellavista-sbc03 completed
2020-07-11 03:07:20,237 [INFO] [backup]  backed up 3 device(s) sucessfully. 0 device(s) failed
2020-07-11 03:07:20,237 [INFO] [backup]  **** backup script finished ****

2020-07-11 03:12:19,488 [INFO] [backup]  **** backup script started *****
2020-07-11 03:12:19,488 [INFO] [backup]  starting backup of 3 device(s)
2020-07-11 03:12:19,722 [INFO] [backup]  backup of m-cba-nsw-bellavista-sbc01 completed
2020-07-11 03:12:19,957 [INFO] [backup]  backup of m-cba-nsw-bellavista-sbc02 completed
2020-07-11 03:12:20,175 [INFO] [backup]  backup of m-cba-nsw-bellavista-sbc03 completed
2020-07-11 03:12:20,191 [INFO] [backup]  backed up 3 device(s) sucessfully. 0 device(s) failed
2020-07-11 03:12:20,191 [INFO] [backup]  **** backup script finished ****

2020-07-11 03:17:19,504 [INFO] [backup]  **** backup script started *****
2020-07-11 03:17:19,504 [INFO] [backup]  starting backup of 3 device(s)
2020-07-11 03:17:19,738 [INFO] [backup]  backup of m-cba-nsw-bellavista-sbc01 completed
2020-07-11 03:17:19,988 [INFO] [backup]  backup of m-cba-nsw-bellavista-sbc02 completed
2020-07-11 03:17:20,223 [INFO] [backup]  backup of m-cba-nsw-bellavista-sbc03 completed
2020-07-11 03:17:20,223 [INFO] [backup]  backed up 3 device(s) sucessfully. 0 device(s) failed
2020-07-11 03:17:20,223 [INFO] [backup]  **** backup script finished ****

2020-07-11 03:22:19,472 [INFO] [backup]  **** backup script started *****
2020-07-11 03:22:19,472 [INFO] [backup]  starting backup of 3 device(s)
2020-07-11 03:22:19,706 [INFO] [backup]  backup of m-cba-nsw-bellavista-sbc01 completed
2020-07-11 03:22:19,940 [INFO] [backup]  backup of m-cba-nsw-bellavista-sbc02 completed
2020-07-11 03:22:20,175 [INFO] [backup]  backup of m-cba-nsw-bellavista-sbc03 completed
2020-07-11 03:22:20,175 [INFO] [backup]  backed up 3 device(s) sucessfully. 0 device(s) failed
2020-07-11 03:22:20,175 [INFO] [backup]  **** backup script finished ****

2020-07-11 03:27:19,500 [INFO] [backup]  **** backup script started *****
2020-07-11 03:27:19,500 [INFO] [backup]  starting backup of 3 device(s)
2020-07-11 03:27:19,750 [INFO] [backup]  backup of m-cba-nsw-bellavista-sbc01 completed
2020-07-11 03:27:20,000 [INFO] [backup]  backup of m-cba-nsw-bellavista-sbc02 completed
2020-07-11 03:27:20,234 [INFO] [backup]  backup of m-cba-nsw-bellavista-sbc03 completed
2020-07-11 03:27:20,234 [INFO] [backup]  backed up 3 device(s) sucessfully. 0 device(s) failed
2020-07-11 03:27:20,234 [INFO] [backup]  **** backup script finished ****

2020-07-11 03:32:19,497 [INFO] [backup]  **** backup script started *****
2020-07-11 03:32:19,497 [INFO] [backup]  starting backup of 3 device(s)
2020-07-11 03:32:19,731 [INFO] [backup]  backup of m-cba-nsw-bellavista-sbc01 completed
2020-07-11 03:32:19,981 [INFO] [backup]  backup of m-cba-nsw-bellavista-sbc02 completed
2020-07-11 03:32:20,231 [INFO] [backup]  backup of m-cba-nsw-bellavista-sbc03 completed
2020-07-11 03:32:20,231 [INFO] [backup]  backed up 3 device(s) sucessfully. 0 device(s) failed
2020-07-11 03:32:20,231 [INFO] [backup]  **** backup script finished ****

2020-07-11 03:37:19,478 [INFO] [backup]  **** backup script started *****
2020-07-11 03:37:19,478 [INFO] [backup]  starting backup of 3 device(s)
2020-07-11 03:37:19,712 [INFO] [backup]  backup of m-cba-nsw-bellavista-sbc01 completed
2020-07-11 03:37:19,947 [INFO] [backup]  backup of m-cba-nsw-bellavista-sbc02 completed
2020-07-11 03:37:20,181 [INFO] [backup]  backup of m-cba-nsw-bellavista-sbc03 completed
2020-07-11 03:37:20,181 [INFO] [backup]  backed up 3 device(s) sucessfully. 0 device(s) failed
2020-07-11 03:37:20,181 [INFO] [backup]  **** backup script finished ****

2020-07-11 03:42:19,491 [INFO] [backup]  **** backup script started *****
2020-07-11 03:42:19,491 [INFO] [backup]  starting backup of 3 device(s)
2020-07-11 03:42:19,741 [INFO] [backup]  backup of m-cba-nsw-bellavista-sbc01 completed
2020-07-11 03:42:19,976 [INFO] [backup]  backup of m-cba-nsw-bellavista-sbc02 completed
2020-07-11 03:42:20,210 [INFO] [backup]  backup of m-cba-nsw-bellavista-sbc03 completed
2020-07-11 03:42:20,210 [INFO] [backup]  backed up 3 device(s) sucessfully. 0 device(s) failed
2020-07-11 03:42:20,210 [INFO] [backup]  **** backup script finished ****

2020-07-11 03:47:19,488 [INFO] [backup]  **** backup script started *****
2020-07-11 03:47:19,488 [INFO] [backup]  starting backup of 3 device(s)
2020-07-11 03:47:19,738 [INFO] [backup]  backup of m-cba-nsw-bellavista-sbc01 completed
2020-07-11 03:47:19,973 [INFO] [backup]  backup of m-cba-nsw-bellavista-sbc02 completed
2020-07-11 03:47:20,207 [INFO] [backup]  backup of m-cba-nsw-bellavista-sbc03 completed
2020-07-11 03:47:20,207 [INFO] [backup]  backed up 3 device(s) sucessfully. 0 device(s) failed
2020-07-11 03:47:20,207 [INFO] [backup]  **** backup script finished ****

2020-07-11 03:52:19,471 [INFO] [backup]  **** backup script started *****
2020-07-11 03:52:19,471 [INFO] [backup]  starting backup of 3 device(s)
2020-07-11 03:52:19,721 [INFO] [backup]  backup of m-cba-nsw-bellavista-sbc01 completed
2020-07-11 03:52:19,986 [INFO] [backup]  backup of m-cba-nsw-bellavista-sbc02 completed
2020-07-11 03:52:20,221 [INFO] [backup]  backup of m-cba-nsw-bellavista-sbc03 completed
2020-07-11 03:52:20,221 [INFO] [backup]  backed up 3 device(s) sucessfully. 0 device(s) failed
2020-07-11 03:52:20,221 [INFO] [backup]  **** backup script finished ****

2020-07-11 03:57:19,485 [INFO] [backup]  **** backup script started *****
2020-07-11 03:57:19,485 [INFO] [backup]  starting backup of 3 device(s)
2020-07-11 03:57:19,750 [INFO] [backup]  backup of m-cba-nsw-bellavista-sbc01 completed
2020-07-11 03:57:20,000 [INFO] [backup]  backup of m-cba-nsw-bellavista-sbc02 completed
2020-07-11 03:57:20,250 [INFO] [backup]  backup of m-cba-nsw-bellavista-sbc03 completed
2020-07-11 03:57:20,250 [INFO] [backup]  backed up 3 device(s) sucessfully. 0 device(s) failed
2020-07-11 03:57:20,250 [INFO] [backup]  **** backup script finished ****

2020-07-11 04:02:19,497 [INFO] [backup]  **** backup script started *****
2020-07-11 04:02:19,497 [INFO] [backup]  starting backup of 3 device(s)
2020-07-11 04:02:19,778 [INFO] [backup]  backup of m-cba-nsw-bellavista-sbc01 completed
2020-07-11 04:02:20,013 [INFO] [backup]  backup of m-cba-nsw-bellavista-sbc02 completed
2020-07-11 04:02:20,232 [INFO] [backup]  backup of m-cba-nsw-bellavista-sbc03 completed
2020-07-11 04:02:20,247 [INFO] [backup]  backed up 3 device(s) sucessfully. 0 device(s) failed
2020-07-11 04:02:20,247 [INFO] [backup]  **** backup script finished ****

2020-07-11 04:07:19,602 [INFO] [backup]  **** backup script started *****
2020-07-11 04:07:19,618 [INFO] [backup]  starting backup of 3 device(s)
2020-07-11 04:07:19,868 [INFO] [backup]  backup of m-cba-nsw-bellavista-sbc01 completed
2020-07-11 04:07:20,102 [INFO] [backup]  backup of m-cba-nsw-bellavista-sbc02 completed
2020-07-11 04:07:20,352 [INFO] [backup]  backup of m-cba-nsw-bellavista-sbc03 completed
2020-07-11 04:07:20,352 [INFO] [backup]  backed up 3 device(s) sucessfully. 0 device(s) failed
2020-07-11 04:07:20,352 [INFO] [backup]  **** backup script finished ****

2020-07-11 04:12:19,490 [INFO] [backup]  **** backup script started *****
2020-07-11 04:12:19,490 [INFO] [backup]  starting backup of 3 device(s)
2020-07-11 04:12:19,740 [INFO] [backup]  backup of m-cba-nsw-bellavista-sbc01 completed
2020-07-11 04:12:19,975 [INFO] [backup]  backup of m-cba-nsw-bellavista-sbc02 completed
2020-07-11 04:12:20,209 [INFO] [backup]  backup of m-cba-nsw-bellavista-sbc03 completed
2020-07-11 04:12:20,209 [INFO] [backup]  backed up 3 device(s) sucessfully. 0 device(s) failed
2020-07-11 04:12:20,209 [INFO] [backup]  **** backup script finished ****

2020-07-11 04:17:19,457 [INFO] [backup]  **** backup script started *****
2020-07-11 04:17:19,457 [INFO] [backup]  starting backup of 3 device(s)
2020-07-11 04:17:19,691 [INFO] [backup]  backup of m-cba-nsw-bellavista-sbc01 completed
2020-07-11 04:17:19,926 [INFO] [backup]  backup of m-cba-nsw-bellavista-sbc02 completed
2020-07-11 04:17:20,145 [INFO] [backup]  backup of m-cba-nsw-bellavista-sbc03 completed
2020-07-11 04:17:20,145 [INFO] [backup]  backed up 3 device(s) sucessfully. 0 device(s) failed
2020-07-11 04:17:20,145 [INFO] [backup]  **** backup script finished ****

2020-07-11 04:22:19,486 [INFO] [backup]  **** backup script started *****
2020-07-11 04:22:19,486 [INFO] [backup]  starting backup of 3 device(s)
2020-07-11 04:22:19,720 [INFO] [backup]  backup of m-cba-nsw-bellavista-sbc01 completed
2020-07-11 04:22:20,002 [INFO] [backup]  backup of m-cba-nsw-bellavista-sbc02 completed
2020-07-11 04:22:20,236 [INFO] [backup]  backup of m-cba-nsw-bellavista-sbc03 completed
2020-07-11 04:22:20,236 [INFO] [backup]  backed up 3 device(s) sucessfully. 0 device(s) failed
2020-07-11 04:22:20,236 [INFO] [backup]  **** backup script finished ****

2020-07-11 04:27:19,484 [INFO] [backup]  **** backup script started *****
2020-07-11 04:27:19,484 [INFO] [backup]  starting backup of 3 device(s)
2020-07-11 04:27:19,718 [INFO] [backup]  backup of m-cba-nsw-bellavista-sbc01 completed
2020-07-11 04:27:19,968 [INFO] [backup]  backup of m-cba-nsw-bellavista-sbc02 completed
2020-07-11 04:27:20,187 [INFO] [backup]  backup of m-cba-nsw-bellavista-sbc03 completed
2020-07-11 04:27:20,187 [INFO] [backup]  backed up 3 device(s) sucessfully. 0 device(s) failed
2020-07-11 04:27:20,187 [INFO] [backup]  **** backup script finished ****

2020-07-11 04:32:19,497 [INFO] [backup]  **** backup script started *****
2020-07-11 04:32:19,497 [INFO] [backup]  starting backup of 3 device(s)
2020-07-11 04:32:19,732 [INFO] [backup]  backup of m-cba-nsw-bellavista-sbc01 completed
2020-07-11 04:32:19,966 [INFO] [backup]  backup of m-cba-nsw-bellavista-sbc02 completed
2020-07-11 04:32:20,185 [INFO] [backup]  backup of m-cba-nsw-bellavista-sbc03 completed
2020-07-11 04:32:20,185 [INFO] [backup]  backed up 3 device(s) sucessfully. 0 device(s) failed
2020-07-11 04:32:20,185 [INFO] [backup]  **** backup script finished ****

2020-07-11 04:37:19,479 [INFO] [backup]  **** backup script started *****
2020-07-11 04:37:19,479 [INFO] [backup]  starting backup of 3 device(s)
2020-07-11 04:37:19,729 [INFO] [backup]  backup of m-cba-nsw-bellavista-sbc01 completed
2020-07-11 04:37:20,010 [INFO] [backup]  backup of m-cba-nsw-bellavista-sbc02 completed
2020-07-11 04:37:20,229 [INFO] [backup]  backup of m-cba-nsw-bellavista-sbc03 completed
2020-07-11 04:37:20,229 [INFO] [backup]  backed up 3 device(s) sucessfully. 0 device(s) failed
2020-07-11 04:37:20,229 [INFO] [backup]  **** backup script finished ****

2020-07-11 04:42:19,476 [INFO] [backup]  **** backup script started *****
2020-07-11 04:42:19,476 [INFO] [backup]  starting backup of 3 device(s)
2020-07-11 04:42:19,726 [INFO] [backup]  backup of m-cba-nsw-bellavista-sbc01 completed
2020-07-11 04:42:19,960 [INFO] [backup]  backup of m-cba-nsw-bellavista-sbc02 completed
2020-07-11 04:42:20,194 [INFO] [backup]  backup of m-cba-nsw-bellavista-sbc03 completed
2020-07-11 04:42:20,194 [INFO] [backup]  backed up 3 device(s) sucessfully. 0 device(s) failed
2020-07-11 04:42:20,194 [INFO] [backup]  **** backup script finished ****

2020-07-11 04:47:19,504 [INFO] [backup]  **** backup script started *****
2020-07-11 04:47:19,504 [INFO] [backup]  starting backup of 3 device(s)
2020-07-11 04:47:19,754 [INFO] [backup]  backup of m-cba-nsw-bellavista-sbc01 completed
2020-07-11 04:47:19,989 [INFO] [backup]  backup of m-cba-nsw-bellavista-sbc02 completed
2020-07-11 04:47:20,239 [INFO] [backup]  backup of m-cba-nsw-bellavista-sbc03 completed
2020-07-11 04:47:20,239 [INFO] [backup]  backed up 3 device(s) sucessfully. 0 device(s) failed
2020-07-11 04:47:20,239 [INFO] [backup]  **** backup script finished ****

2020-07-11 04:52:19,489 [INFO] [backup]  **** backup script started *****
2020-07-11 04:52:19,489 [INFO] [backup]  starting backup of 3 device(s)
2020-07-11 04:52:19,739 [INFO] [backup]  backup of m-cba-nsw-bellavista-sbc01 completed
2020-07-11 04:52:19,973 [INFO] [backup]  backup of m-cba-nsw-bellavista-sbc02 completed
2020-07-11 04:52:20,223 [INFO] [backup]  backup of m-cba-nsw-bellavista-sbc03 completed
2020-07-11 04:52:20,223 [INFO] [backup]  backed up 3 device(s) sucessfully. 0 device(s) failed
2020-07-11 04:52:20,223 [INFO] [backup]  **** backup script finished ****

2020-07-11 04:57:19,473 [INFO] [backup]  **** backup script started *****
2020-07-11 04:57:19,473 [INFO] [backup]  starting backup of 3 device(s)
2020-07-11 04:57:19,723 [INFO] [backup]  backup of m-cba-nsw-bellavista-sbc01 completed
2020-07-11 04:57:19,957 [INFO] [backup]  backup of m-cba-nsw-bellavista-sbc02 completed
2020-07-11 04:57:20,191 [INFO] [backup]  backup of m-cba-nsw-bellavista-sbc03 completed
2020-07-11 04:57:20,191 [INFO] [backup]  backed up 3 device(s) sucessfully. 0 device(s) failed
2020-07-11 04:57:20,191 [INFO] [backup]  **** backup script finished ****

2020-07-11 05:02:19,487 [INFO] [backup]  **** backup script started *****
2020-07-11 05:02:19,487 [INFO] [backup]  starting backup of 3 device(s)
2020-07-11 05:02:19,721 [INFO] [backup]  backup of m-cba-nsw-bellavista-sbc01 completed
2020-07-11 05:02:19,971 [INFO] [backup]  backup of m-cba-nsw-bellavista-sbc02 completed
2020-07-11 05:02:20,205 [INFO] [backup]  backup of m-cba-nsw-bellavista-sbc03 completed
2020-07-11 05:02:20,221 [INFO] [backup]  backed up 3 device(s) sucessfully. 0 device(s) failed
2020-07-11 05:02:20,221 [INFO] [backup]  **** backup script finished ****

2020-07-11 05:07:19,487 [INFO] [backup]  **** backup script started *****
2020-07-11 05:07:19,487 [INFO] [backup]  starting backup of 3 device(s)
2020-07-11 05:07:19,753 [INFO] [backup]  backup of m-cba-nsw-bellavista-sbc01 completed
2020-07-11 05:07:20,003 [INFO] [backup]  backup of m-cba-nsw-bellavista-sbc02 completed
2020-07-11 05:07:20,237 [INFO] [backup]  backup of m-cba-nsw-bellavista-sbc03 completed
2020-07-11 05:07:20,237 [INFO] [backup]  backed up 3 device(s) sucessfully. 0 device(s) failed
2020-07-11 05:07:20,237 [INFO] [backup]  **** backup script finished ****

2020-07-11 05:12:19,497 [INFO] [backup]  **** backup script started *****
2020-07-11 05:12:19,497 [INFO] [backup]  starting backup of 3 device(s)
2020-07-11 05:12:19,763 [INFO] [backup]  backup of m-cba-nsw-bellavista-sbc01 completed
2020-07-11 05:12:19,997 [INFO] [backup]  backup of m-cba-nsw-bellavista-sbc02 completed
2020-07-11 05:12:20,231 [INFO] [backup]  backup of m-cba-nsw-bellavista-sbc03 completed
2020-07-11 05:12:20,231 [INFO] [backup]  backed up 3 device(s) sucessfully. 0 device(s) failed
2020-07-11 05:12:20,231 [INFO] [backup]  **** backup script finished ****

2020-07-11 05:17:19,479 [INFO] [backup]  **** backup script started *****
2020-07-11 05:17:19,479 [INFO] [backup]  starting backup of 3 device(s)
2020-07-11 05:17:19,713 [INFO] [backup]  backup of m-cba-nsw-bellavista-sbc01 completed
2020-07-11 05:17:19,994 [INFO] [backup]  backup of m-cba-nsw-bellavista-sbc02 completed
2020-07-11 05:17:20,229 [INFO] [backup]  backup of m-cba-nsw-bellavista-sbc03 completed
2020-07-11 05:17:20,244 [INFO] [backup]  backed up 3 device(s) sucessfully. 0 device(s) failed
2020-07-11 05:17:20,244 [INFO] [backup]  **** backup script finished ****

2020-07-11 05:22:19,508 [INFO] [backup]  **** backup script started *****
2020-07-11 05:22:19,508 [INFO] [backup]  starting backup of 3 device(s)
2020-07-11 05:22:19,758 [INFO] [backup]  backup of m-cba-nsw-bellavista-sbc01 completed
2020-07-11 05:22:19,992 [INFO] [backup]  backup of m-cba-nsw-bellavista-sbc02 completed
2020-07-11 05:22:20,227 [INFO] [backup]  backup of m-cba-nsw-bellavista-sbc03 completed
2020-07-11 05:22:20,227 [INFO] [backup]  backed up 3 device(s) sucessfully. 0 device(s) failed
2020-07-11 05:22:20,227 [INFO] [backup]  **** backup script finished ****

2020-07-11 05:27:19,481 [INFO] [backup]  **** backup script started *****
2020-07-11 05:27:19,481 [INFO] [backup]  starting backup of 3 device(s)
2020-07-11 05:27:19,731 [INFO] [backup]  backup of m-cba-nsw-bellavista-sbc01 completed
2020-07-11 05:27:19,981 [INFO] [backup]  backup of m-cba-nsw-bellavista-sbc02 completed
2020-07-11 05:27:20,216 [INFO] [backup]  backup of m-cba-nsw-bellavista-sbc03 completed
2020-07-11 05:27:20,216 [INFO] [backup]  backed up 3 device(s) sucessfully. 0 device(s) failed
2020-07-11 05:27:20,216 [INFO] [backup]  **** backup script finished ****

2020-07-11 05:32:19,498 [INFO] [backup]  **** backup script started *****
2020-07-11 05:32:19,498 [INFO] [backup]  starting backup of 3 device(s)
2020-07-11 05:32:19,732 [INFO] [backup]  backup of m-cba-nsw-bellavista-sbc01 completed
2020-07-11 05:32:19,967 [INFO] [backup]  backup of m-cba-nsw-bellavista-sbc02 completed
2020-07-11 05:32:20,186 [INFO] [backup]  backup of m-cba-nsw-bellavista-sbc03 completed
2020-07-11 05:32:20,186 [INFO] [backup]  backed up 3 device(s) sucessfully. 0 device(s) failed
2020-07-11 05:32:20,186 [INFO] [backup]  **** backup script finished ****

2020-07-11 05:37:19,498 [INFO] [backup]  **** backup script started *****
2020-07-11 05:37:19,498 [INFO] [backup]  starting backup of 3 device(s)
2020-07-11 05:37:19,733 [INFO] [backup]  backup of m-cba-nsw-bellavista-sbc01 completed
2020-07-11 05:37:19,967 [INFO] [backup]  backup of m-cba-nsw-bellavista-sbc02 completed
2020-07-11 05:37:20,186 [INFO] [backup]  backup of m-cba-nsw-bellavista-sbc03 completed
2020-07-11 05:37:20,186 [INFO] [backup]  backed up 3 device(s) sucessfully. 0 device(s) failed
2020-07-11 05:37:20,186 [INFO] [backup]  **** backup script finished ****

2020-07-11 05:42:19,527 [INFO] [backup]  **** backup script started *****
2020-07-11 05:42:19,527 [INFO] [backup]  starting backup of 3 device(s)
2020-07-11 05:42:19,762 [INFO] [backup]  backup of m-cba-nsw-bellavista-sbc01 completed
2020-07-11 05:42:19,996 [INFO] [backup]  backup of m-cba-nsw-bellavista-sbc02 completed
2020-07-11 05:42:20,231 [INFO] [backup]  backup of m-cba-nsw-bellavista-sbc03 completed
2020-07-11 05:42:20,231 [INFO] [backup]  backed up 3 device(s) sucessfully. 0 device(s) failed
2020-07-11 05:42:20,231 [INFO] [backup]  **** backup script finished ****

2020-07-11 05:47:19,477 [INFO] [backup]  **** backup script started *****
2020-07-11 05:47:19,477 [INFO] [backup]  starting backup of 3 device(s)
2020-07-11 05:47:19,759 [INFO] [backup]  backup of m-cba-nsw-bellavista-sbc01 completed
2020-07-11 05:47:20,040 [INFO] [backup]  backup of m-cba-nsw-bellavista-sbc02 completed
2020-07-11 05:47:20,274 [INFO] [backup]  backup of m-cba-nsw-bellavista-sbc03 completed
2020-07-11 05:47:20,274 [INFO] [backup]  backed up 3 device(s) sucessfully. 0 device(s) failed
2020-07-11 05:47:20,274 [INFO] [backup]  **** backup script finished ****

2020-07-11 05:52:19,474 [INFO] [backup]  **** backup script started *****
2020-07-11 05:52:19,474 [INFO] [backup]  starting backup of 3 device(s)
2020-07-11 05:52:19,724 [INFO] [backup]  backup of m-cba-nsw-bellavista-sbc01 completed
2020-07-11 05:52:19,943 [INFO] [backup]  backup of m-cba-nsw-bellavista-sbc02 completed
2020-07-11 05:52:20,193 [INFO] [backup]  backup of m-cba-nsw-bellavista-sbc03 completed
2020-07-11 05:52:20,193 [INFO] [backup]  backed up 3 device(s) sucessfully. 0 device(s) failed
2020-07-11 05:52:20,193 [INFO] [backup]  **** backup script finished ****

2020-07-11 05:57:19,457 [INFO] [backup]  **** backup script started *****
2020-07-11 05:57:19,457 [INFO] [backup]  starting backup of 3 device(s)
2020-07-11 05:57:19,707 [INFO] [backup]  backup of m-cba-nsw-bellavista-sbc01 completed
2020-07-11 05:57:19,957 [INFO] [backup]  backup of m-cba-nsw-bellavista-sbc02 completed
2020-07-11 05:57:20,254 [INFO] [backup]  backup of m-cba-nsw-bellavista-sbc03 completed
2020-07-11 05:57:20,254 [INFO] [backup]  backed up 3 device(s) sucessfully. 0 device(s) failed
2020-07-11 05:57:20,254 [INFO] [backup]  **** backup script finished ****

2020-07-11 06:02:19,469 [INFO] [backup]  **** backup script started *****
2020-07-11 06:02:19,469 [INFO] [backup]  starting backup of 3 device(s)
2020-07-11 06:02:19,719 [INFO] [backup]  backup of m-cba-nsw-bellavista-sbc01 completed
2020-07-11 06:02:19,954 [INFO] [backup]  backup of m-cba-nsw-bellavista-sbc02 completed
2020-07-11 06:02:20,188 [INFO] [backup]  backup of m-cba-nsw-bellavista-sbc03 completed
2020-07-11 06:02:20,188 [INFO] [backup]  backed up 3 device(s) sucessfully. 0 device(s) failed
2020-07-11 06:02:20,188 [INFO] [backup]  **** backup script finished ****

2020-07-11 06:07:19,482 [INFO] [backup]  **** backup script started *****
2020-07-11 06:07:19,482 [INFO] [backup]  starting backup of 3 device(s)
2020-07-11 06:07:19,732 [INFO] [backup]  backup of m-cba-nsw-bellavista-sbc01 completed
2020-07-11 06:07:19,982 [INFO] [backup]  backup of m-cba-nsw-bellavista-sbc02 completed
2020-07-11 06:07:20,216 [INFO] [backup]  backup of m-cba-nsw-bellavista-sbc03 completed
2020-07-11 06:07:20,216 [INFO] [backup]  backed up 3 device(s) sucessfully. 0 device(s) failed
2020-07-11 06:07:20,216 [INFO] [backup]  **** backup script finished ****

2020-07-11 06:12:19,517 [INFO] [backup]  **** backup script started *****
2020-07-11 06:12:19,517 [INFO] [backup]  starting backup of 3 device(s)
2020-07-11 06:12:19,751 [INFO] [backup]  backup of m-cba-nsw-bellavista-sbc01 completed
2020-07-11 06:12:20,001 [INFO] [backup]  backup of m-cba-nsw-bellavista-sbc02 completed
2020-07-11 06:12:20,235 [INFO] [backup]  backup of m-cba-nsw-bellavista-sbc03 completed
2020-07-11 06:12:20,235 [INFO] [backup]  backed up 3 device(s) sucessfully. 0 device(s) failed
2020-07-11 06:12:20,235 [INFO] [backup]  **** backup script finished ****

2020-07-11 06:17:19,472 [INFO] [backup]  **** backup script started *****
2020-07-11 06:17:19,472 [INFO] [backup]  starting backup of 3 device(s)
2020-07-11 06:17:19,722 [INFO] [backup]  backup of m-cba-nsw-bellavista-sbc01 completed
2020-07-11 06:17:19,956 [INFO] [backup]  backup of m-cba-nsw-bellavista-sbc02 completed
2020-07-11 06:17:20,206 [INFO] [backup]  backup of m-cba-nsw-bellavista-sbc03 completed
2020-07-11 06:17:20,206 [INFO] [backup]  backed up 3 device(s) sucessfully. 0 device(s) failed
2020-07-11 06:17:20,206 [INFO] [backup]  **** backup script finished ****

2020-07-11 06:22:19,489 [INFO] [backup]  **** backup script started *****
2020-07-11 06:22:19,489 [INFO] [backup]  starting backup of 3 device(s)
2020-07-11 06:22:19,755 [INFO] [backup]  backup of m-cba-nsw-bellavista-sbc01 completed
2020-07-11 06:22:20,005 [INFO] [backup]  backup of m-cba-nsw-bellavista-sbc02 completed
2020-07-11 06:22:20,239 [INFO] [backup]  backup of m-cba-nsw-bellavista-sbc03 completed
2020-07-11 06:22:20,239 [INFO] [backup]  backed up 3 device(s) sucessfully. 0 device(s) failed
2020-07-11 06:22:20,239 [INFO] [backup]  **** backup script finished ****

2020-07-11 06:27:19,490 [INFO] [backup]  **** backup script started *****
2020-07-11 06:27:19,505 [INFO] [backup]  starting backup of 3 device(s)
2020-07-11 06:27:19,740 [INFO] [backup]  backup of m-cba-nsw-bellavista-sbc01 completed
2020-07-11 06:27:19,974 [INFO] [backup]  backup of m-cba-nsw-bellavista-sbc02 completed
2020-07-11 06:27:20,193 [INFO] [backup]  backup of m-cba-nsw-bellavista-sbc03 completed
2020-07-11 06:27:20,193 [INFO] [backup]  backed up 3 device(s) sucessfully. 0 device(s) failed
2020-07-11 06:27:20,209 [INFO] [backup]  **** backup script finished ****

2020-07-11 06:32:19,472 [INFO] [backup]  **** backup script started *****
2020-07-11 06:32:19,472 [INFO] [backup]  starting backup of 3 device(s)
2020-07-11 06:32:19,754 [INFO] [backup]  backup of m-cba-nsw-bellavista-sbc01 completed
2020-07-11 06:32:19,988 [INFO] [backup]  backup of m-cba-nsw-bellavista-sbc02 completed
2020-07-11 06:32:20,207 [INFO] [backup]  backup of m-cba-nsw-bellavista-sbc03 completed
2020-07-11 06:32:20,207 [INFO] [backup]  backed up 3 device(s) sucessfully. 0 device(s) failed
2020-07-11 06:32:20,207 [INFO] [backup]  **** backup script finished ****

2020-07-11 06:37:19,485 [INFO] [backup]  **** backup script started *****
2020-07-11 06:37:19,485 [INFO] [backup]  starting backup of 3 device(s)
2020-07-11 06:37:19,735 [INFO] [backup]  backup of m-cba-nsw-bellavista-sbc01 completed
2020-07-11 06:37:19,969 [INFO] [backup]  backup of m-cba-nsw-bellavista-sbc02 completed
2020-07-11 06:37:20,203 [INFO] [backup]  backup of m-cba-nsw-bellavista-sbc03 completed
2020-07-11 06:37:20,203 [INFO] [backup]  backed up 3 device(s) sucessfully. 0 device(s) failed
2020-07-11 06:37:20,203 [INFO] [backup]  **** backup script finished ****

2020-07-11 06:42:19,513 [INFO] [backup]  **** backup script started *****
2020-07-11 06:42:19,513 [INFO] [backup]  starting backup of 3 device(s)
2020-07-11 06:42:19,763 [INFO] [backup]  backup of m-cba-nsw-bellavista-sbc01 completed
2020-07-11 06:42:19,997 [INFO] [backup]  backup of m-cba-nsw-bellavista-sbc02 completed
2020-07-11 06:42:20,232 [INFO] [backup]  backup of m-cba-nsw-bellavista-sbc03 completed
2020-07-11 06:42:20,247 [INFO] [backup]  backed up 3 device(s) sucessfully. 0 device(s) failed
2020-07-11 06:42:20,247 [INFO] [backup]  **** backup script finished ****

2020-07-11 06:47:19,495 [INFO] [backup]  **** backup script started *****
2020-07-11 06:47:19,495 [INFO] [backup]  starting backup of 3 device(s)
2020-07-11 06:47:19,745 [INFO] [backup]  backup of m-cba-nsw-bellavista-sbc01 completed
2020-07-11 06:47:19,995 [INFO] [backup]  backup of m-cba-nsw-bellavista-sbc02 completed
2020-07-11 06:47:20,229 [INFO] [backup]  backup of m-cba-nsw-bellavista-sbc03 completed
2020-07-11 06:47:20,229 [INFO] [backup]  backed up 3 device(s) sucessfully. 0 device(s) failed
2020-07-11 06:47:20,229 [INFO] [backup]  **** backup script finished ****

2020-07-11 06:52:19,492 [INFO] [backup]  **** backup script started *****
2020-07-11 06:52:19,492 [INFO] [backup]  starting backup of 3 device(s)
2020-07-11 06:52:19,742 [INFO] [backup]  backup of m-cba-nsw-bellavista-sbc01 completed
2020-07-11 06:52:19,976 [INFO] [backup]  backup of m-cba-nsw-bellavista-sbc02 completed
2020-07-11 06:52:20,211 [INFO] [backup]  backup of m-cba-nsw-bellavista-sbc03 completed
2020-07-11 06:52:20,226 [INFO] [backup]  backed up 3 device(s) sucessfully. 0 device(s) failed
2020-07-11 06:52:20,226 [INFO] [backup]  **** backup script finished ****

2020-07-11 06:57:19,489 [INFO] [backup]  **** backup script started *****
2020-07-11 06:57:19,489 [INFO] [backup]  starting backup of 3 device(s)
2020-07-11 06:57:19,755 [INFO] [backup]  backup of m-cba-nsw-bellavista-sbc01 completed
2020-07-11 06:57:20,005 [INFO] [backup]  backup of m-cba-nsw-bellavista-sbc02 completed
2020-07-11 06:57:20,223 [INFO] [backup]  backup of m-cba-nsw-bellavista-sbc03 completed
2020-07-11 06:57:20,239 [INFO] [backup]  backed up 3 device(s) sucessfully. 0 device(s) failed
2020-07-11 06:57:20,239 [INFO] [backup]  **** backup script finished ****

2020-07-11 07:02:19,502 [INFO] [backup]  **** backup script started *****
2020-07-11 07:02:19,502 [INFO] [backup]  starting backup of 3 device(s)
2020-07-11 07:02:19,752 [INFO] [backup]  backup of m-cba-nsw-bellavista-sbc01 completed
2020-07-11 07:02:19,986 [INFO] [backup]  backup of m-cba-nsw-bellavista-sbc02 completed
2020-07-11 07:02:20,220 [INFO] [backup]  backup of m-cba-nsw-bellavista-sbc03 completed
2020-07-11 07:02:20,220 [INFO] [backup]  backed up 3 device(s) sucessfully. 0 device(s) failed
2020-07-11 07:02:20,220 [INFO] [backup]  **** backup script finished ****

2020-07-11 07:07:19,499 [INFO] [backup]  **** backup script started *****
2020-07-11 07:07:19,499 [INFO] [backup]  starting backup of 3 device(s)
2020-07-11 07:07:19,749 [INFO] [backup]  backup of m-cba-nsw-bellavista-sbc01 completed
2020-07-11 07:07:19,999 [INFO] [backup]  backup of m-cba-nsw-bellavista-sbc02 completed
2020-07-11 07:07:20,218 [INFO] [backup]  backup of m-cba-nsw-bellavista-sbc03 completed
2020-07-11 07:07:20,218 [INFO] [backup]  backed up 3 device(s) sucessfully. 0 device(s) failed
2020-07-11 07:07:20,218 [INFO] [backup]  **** backup script finished ****

2020-07-11 07:12:19,514 [INFO] [backup]  **** backup script started *****
2020-07-11 07:12:19,514 [INFO] [backup]  starting backup of 3 device(s)
2020-07-11 07:12:19,795 [INFO] [backup]  backup of m-cba-nsw-bellavista-sbc01 completed
2020-07-11 07:12:20,029 [INFO] [backup]  backup of m-cba-nsw-bellavista-sbc02 completed
2020-07-11 07:12:20,264 [INFO] [backup]  backup of m-cba-nsw-bellavista-sbc03 completed
2020-07-11 07:12:20,264 [INFO] [backup]  backed up 3 device(s) sucessfully. 0 device(s) failed
2020-07-11 07:12:20,264 [INFO] [backup]  **** backup script finished ****

2020-07-11 07:17:19,527 [INFO] [backup]  **** backup script started *****
2020-07-11 07:17:19,527 [INFO] [backup]  starting backup of 3 device(s)
2020-07-11 07:17:19,777 [INFO] [backup]  backup of m-cba-nsw-bellavista-sbc01 completed
2020-07-11 07:17:20,027 [INFO] [backup]  backup of m-cba-nsw-bellavista-sbc02 completed
2020-07-11 07:17:20,246 [INFO] [backup]  backup of m-cba-nsw-bellavista-sbc03 completed
2020-07-11 07:17:20,261 [INFO] [backup]  backed up 3 device(s) sucessfully. 0 device(s) failed
2020-07-11 07:17:20,261 [INFO] [backup]  **** backup script finished ****

2020-07-11 07:22:19,400 [INFO] [backup]  **** backup script started *****
2020-07-11 07:22:19,400 [INFO] [backup]  starting backup of 3 device(s)
2020-07-11 07:22:19,619 [INFO] [backup]  backup of m-cba-nsw-bellavista-sbc01 completed
2020-07-11 07:22:19,869 [INFO] [backup]  backup of m-cba-nsw-bellavista-sbc02 completed
2020-07-11 07:22:20,087 [INFO] [backup]  backup of m-cba-nsw-bellavista-sbc03 completed
2020-07-11 07:22:20,087 [INFO] [backup]  backed up 3 device(s) sucessfully. 0 device(s) failed
2020-07-11 07:22:20,087 [INFO] [backup]  **** backup script finished ****

2020-07-11 07:27:19,516 [INFO] [backup]  **** backup script started *****
2020-07-11 07:27:19,516 [INFO] [backup]  starting backup of 3 device(s)
2020-07-11 07:27:19,766 [INFO] [backup]  backup of m-cba-nsw-bellavista-sbc01 completed
2020-07-11 07:27:20,000 [INFO] [backup]  backup of m-cba-nsw-bellavista-sbc02 completed
2020-07-11 07:27:20,234 [INFO] [backup]  backup of m-cba-nsw-bellavista-sbc03 completed
2020-07-11 07:27:20,234 [INFO] [backup]  backed up 3 device(s) sucessfully. 0 device(s) failed
2020-07-11 07:27:20,234 [INFO] [backup]  **** backup script finished ****

2020-07-11 07:32:19,486 [INFO] [backup]  **** backup script started *****
2020-07-11 07:32:19,486 [INFO] [backup]  starting backup of 3 device(s)
2020-07-11 07:32:19,752 [INFO] [backup]  backup of m-cba-nsw-bellavista-sbc01 completed
2020-07-11 07:32:19,986 [INFO] [backup]  backup of m-cba-nsw-bellavista-sbc02 completed
2020-07-11 07:32:20,236 [INFO] [backup]  backup of m-cba-nsw-bellavista-sbc03 completed
2020-07-11 07:32:20,252 [INFO] [backup]  backed up 3 device(s) sucessfully. 0 device(s) failed
2020-07-11 07:32:20,252 [INFO] [backup]  **** backup script finished ****

2020-07-11 07:37:19,503 [INFO] [backup]  **** backup script started *****
2020-07-11 07:37:19,503 [INFO] [backup]  starting backup of 3 device(s)
2020-07-11 07:37:19,753 [INFO] [backup]  backup of m-cba-nsw-bellavista-sbc01 completed
2020-07-11 07:37:20,003 [INFO] [backup]  backup of m-cba-nsw-bellavista-sbc02 completed
2020-07-11 07:37:20,237 [INFO] [backup]  backup of m-cba-nsw-bellavista-sbc03 completed
2020-07-11 07:37:20,237 [INFO] [backup]  backed up 3 device(s) sucessfully. 0 device(s) failed
2020-07-11 07:37:20,237 [INFO] [backup]  **** backup script finished ****

2020-07-11 07:42:19,547 [INFO] [backup]  **** backup script started *****
2020-07-11 07:42:19,547 [INFO] [backup]  starting backup of 3 device(s)
2020-07-11 07:42:19,797 [INFO] [backup]  backup of m-cba-nsw-bellavista-sbc01 completed
2020-07-11 07:42:20,047 [INFO] [backup]  backup of m-cba-nsw-bellavista-sbc02 completed
2020-07-11 07:42:20,281 [INFO] [backup]  backup of m-cba-nsw-bellavista-sbc03 completed
2020-07-11 07:42:20,281 [INFO] [backup]  backed up 3 device(s) sucessfully. 0 device(s) failed
2020-07-11 07:42:20,281 [INFO] [backup]  **** backup script finished ****

2020-07-11 07:47:19,513 [INFO] [backup]  **** backup script started *****
2020-07-11 07:47:19,513 [INFO] [backup]  starting backup of 3 device(s)
2020-07-11 07:47:19,747 [INFO] [backup]  backup of m-cba-nsw-bellavista-sbc01 completed
2020-07-11 07:47:19,981 [INFO] [backup]  backup of m-cba-nsw-bellavista-sbc02 completed
2020-07-11 07:47:20,216 [INFO] [backup]  backup of m-cba-nsw-bellavista-sbc03 completed
2020-07-11 07:47:20,216 [INFO] [backup]  backed up 3 device(s) sucessfully. 0 device(s) failed
2020-07-11 07:47:20,216 [INFO] [backup]  **** backup script finished ****

2020-07-11 07:52:19,526 [INFO] [backup]  **** backup script started *****
2020-07-11 07:52:19,526 [INFO] [backup]  starting backup of 3 device(s)
2020-07-11 07:52:19,776 [INFO] [backup]  backup of m-cba-nsw-bellavista-sbc01 completed
2020-07-11 07:52:20,010 [INFO] [backup]  backup of m-cba-nsw-bellavista-sbc02 completed
2020-07-11 07:52:20,244 [INFO] [backup]  backup of m-cba-nsw-bellavista-sbc03 completed
2020-07-11 07:52:20,244 [INFO] [backup]  backed up 3 device(s) sucessfully. 0 device(s) failed
2020-07-11 07:52:20,244 [INFO] [backup]  **** backup script finished ****

2020-07-11 07:57:19,555 [INFO] [backup]  **** backup script started *****
2020-07-11 07:57:19,555 [INFO] [backup]  starting backup of 3 device(s)
2020-07-11 07:57:19,805 [INFO] [backup]  backup of m-cba-nsw-bellavista-sbc01 completed
2020-07-11 07:57:20,055 [INFO] [backup]  backup of m-cba-nsw-bellavista-sbc02 completed
2020-07-11 07:57:20,290 [INFO] [backup]  backup of m-cba-nsw-bellavista-sbc03 completed
2020-07-11 07:57:20,290 [INFO] [backup]  backed up 3 device(s) sucessfully. 0 device(s) failed
2020-07-11 07:57:20,290 [INFO] [backup]  **** backup script finished ****

2020-07-11 08:02:19,505 [INFO] [backup]  **** backup script started *****
2020-07-11 08:02:19,505 [INFO] [backup]  starting backup of 3 device(s)
2020-07-11 08:02:19,739 [INFO] [backup]  backup of m-cba-nsw-bellavista-sbc01 completed
2020-07-11 08:02:19,973 [INFO] [backup]  backup of m-cba-nsw-bellavista-sbc02 completed
2020-07-11 08:02:20,192 [INFO] [backup]  backup of m-cba-nsw-bellavista-sbc03 completed
2020-07-11 08:02:20,208 [INFO] [backup]  backed up 3 device(s) sucessfully. 0 device(s) failed
2020-07-11 08:02:20,208 [INFO] [backup]  **** backup script finished ****

2020-07-11 08:07:19,533 [INFO] [backup]  **** backup script started *****
2020-07-11 08:07:19,533 [INFO] [backup]  starting backup of 3 device(s)
2020-07-11 08:07:19,783 [INFO] [backup]  backup of m-cba-nsw-bellavista-sbc01 completed
2020-07-11 08:07:20,048 [INFO] [backup]  backup of m-cba-nsw-bellavista-sbc02 completed
2020-07-11 08:07:20,283 [INFO] [backup]  backup of m-cba-nsw-bellavista-sbc03 completed
2020-07-11 08:07:20,283 [INFO] [backup]  backed up 3 device(s) sucessfully. 0 device(s) failed
2020-07-11 08:07:20,283 [INFO] [backup]  **** backup script finished ****

2020-07-11 08:12:19,492 [INFO] [backup]  **** backup script started *****
2020-07-11 08:12:19,492 [INFO] [backup]  starting backup of 3 device(s)
2020-07-11 08:12:19,742 [INFO] [backup]  backup of m-cba-nsw-bellavista-sbc01 completed
2020-07-11 08:12:19,992 [INFO] [backup]  backup of m-cba-nsw-bellavista-sbc02 completed
2020-07-11 08:12:20,227 [INFO] [backup]  backup of m-cba-nsw-bellavista-sbc03 completed
2020-07-11 08:12:20,227 [INFO] [backup]  backed up 3 device(s) sucessfully. 0 device(s) failed
2020-07-11 08:12:20,227 [INFO] [backup]  **** backup script finished ****

2020-07-11 08:17:19,477 [INFO] [backup]  **** backup script started *****
2020-07-11 08:17:19,493 [INFO] [backup]  starting backup of 3 device(s)
2020-07-11 08:17:19,743 [INFO] [backup]  backup of m-cba-nsw-bellavista-sbc01 completed
2020-07-11 08:17:19,977 [INFO] [backup]  backup of m-cba-nsw-bellavista-sbc02 completed
2020-07-11 08:17:20,196 [INFO] [backup]  backup of m-cba-nsw-bellavista-sbc03 completed
2020-07-11 08:17:20,196 [INFO] [backup]  backed up 3 device(s) sucessfully. 0 device(s) failed
2020-07-11 08:17:20,196 [INFO] [backup]  **** backup script finished ****

2020-07-11 08:22:19,479 [INFO] [backup]  **** backup script started *****
2020-07-11 08:22:19,479 [INFO] [backup]  starting backup of 3 device(s)
2020-07-11 08:22:19,729 [INFO] [backup]  backup of m-cba-nsw-bellavista-sbc01 completed
2020-07-11 08:22:19,963 [INFO] [backup]  backup of m-cba-nsw-bellavista-sbc02 completed
2020-07-11 08:22:20,182 [INFO] [backup]  backup of m-cba-nsw-bellavista-sbc03 completed
2020-07-11 08:22:20,197 [INFO] [backup]  backed up 3 device(s) sucessfully. 0 device(s) failed
2020-07-11 08:22:20,197 [INFO] [backup]  **** backup script finished ****

2020-07-11 08:27:19,493 [INFO] [backup]  **** backup script started *****
2020-07-11 08:27:19,493 [INFO] [backup]  starting backup of 3 device(s)
2020-07-11 08:27:19,727 [INFO] [backup]  backup of m-cba-nsw-bellavista-sbc01 completed
2020-07-11 08:27:19,977 [INFO] [backup]  backup of m-cba-nsw-bellavista-sbc02 completed
2020-07-11 08:27:20,212 [INFO] [backup]  backup of m-cba-nsw-bellavista-sbc03 completed
2020-07-11 08:27:20,212 [INFO] [backup]  backed up 3 device(s) sucessfully. 0 device(s) failed
2020-07-11 08:27:20,212 [INFO] [backup]  **** backup script finished ****

2020-07-11 08:32:19,553 [INFO] [backup]  **** backup script started *****
2020-07-11 08:32:19,553 [INFO] [backup]  starting backup of 3 device(s)
2020-07-11 08:32:19,788 [INFO] [backup]  backup of m-cba-nsw-bellavista-sbc01 completed
2020-07-11 08:32:20,022 [INFO] [backup]  backup of m-cba-nsw-bellavista-sbc02 completed
2020-07-11 08:32:20,256 [INFO] [backup]  backup of m-cba-nsw-bellavista-sbc03 completed
2020-07-11 08:32:20,256 [INFO] [backup]  backed up 3 device(s) sucessfully. 0 device(s) failed
2020-07-11 08:32:20,256 [INFO] [backup]  **** backup script finished ****

2020-07-11 08:37:19,487 [INFO] [backup]  **** backup script started *****
2020-07-11 08:37:19,487 [INFO] [backup]  starting backup of 3 device(s)
2020-07-11 08:37:19,722 [INFO] [backup]  backup of m-cba-nsw-bellavista-sbc01 completed
2020-07-11 08:37:19,956 [INFO] [backup]  backup of m-cba-nsw-bellavista-sbc02 completed
2020-07-11 08:37:20,237 [INFO] [backup]  backup of m-cba-nsw-bellavista-sbc03 completed
2020-07-11 08:37:20,237 [INFO] [backup]  backed up 3 device(s) sucessfully. 0 device(s) failed
2020-07-11 08:37:20,237 [INFO] [backup]  **** backup script finished ****

2020-07-11 08:42:19,547 [INFO] [backup]  **** backup script started *****
2020-07-11 08:42:19,547 [INFO] [backup]  starting backup of 3 device(s)
2020-07-11 08:42:19,781 [INFO] [backup]  backup of m-cba-nsw-bellavista-sbc01 completed
2020-07-11 08:42:20,016 [INFO] [backup]  backup of m-cba-nsw-bellavista-sbc02 completed
2020-07-11 08:42:20,234 [INFO] [backup]  backup of m-cba-nsw-bellavista-sbc03 completed
2020-07-11 08:42:20,250 [INFO] [backup]  backed up 3 device(s) sucessfully. 0 device(s) failed
2020-07-11 08:42:20,250 [INFO] [backup]  **** backup script finished ****

2020-07-11 08:47:19,560 [INFO] [backup]  **** backup script started *****
2020-07-11 08:47:19,560 [INFO] [backup]  starting backup of 3 device(s)
2020-07-11 08:47:19,810 [INFO] [backup]  backup of m-cba-nsw-bellavista-sbc01 completed
2020-07-11 08:47:20,029 [INFO] [backup]  backup of m-cba-nsw-bellavista-sbc02 completed
2020-07-11 08:47:20,279 [INFO] [backup]  backup of m-cba-nsw-bellavista-sbc03 completed
2020-07-11 08:47:20,279 [INFO] [backup]  backed up 3 device(s) sucessfully. 0 device(s) failed
2020-07-11 08:47:20,279 [INFO] [backup]  **** backup script finished ****

2020-07-11 08:52:19,510 [INFO] [backup]  **** backup script started *****
2020-07-11 08:52:19,510 [INFO] [backup]  starting backup of 3 device(s)
2020-07-11 08:52:19,791 [INFO] [backup]  backup of m-cba-nsw-bellavista-sbc01 completed
2020-07-11 08:52:20,025 [INFO] [backup]  backup of m-cba-nsw-bellavista-sbc02 completed
2020-07-11 08:52:20,244 [INFO] [backup]  backup of m-cba-nsw-bellavista-sbc03 completed
2020-07-11 08:52:20,244 [INFO] [backup]  backed up 3 device(s) sucessfully. 0 device(s) failed
2020-07-11 08:52:20,244 [INFO] [backup]  **** backup script finished ****

2020-07-11 08:57:19,538 [INFO] [backup]  **** backup script started *****
2020-07-11 08:57:19,538 [INFO] [backup]  starting backup of 3 device(s)
2020-07-11 08:57:19,850 [INFO] [backup]  backup of m-cba-nsw-bellavista-sbc01 completed
2020-07-11 08:57:20,116 [INFO] [backup]  backup of m-cba-nsw-bellavista-sbc02 completed
2020-07-11 08:57:20,350 [INFO] [backup]  backup of m-cba-nsw-bellavista-sbc03 completed
2020-07-11 08:57:20,350 [INFO] [backup]  backed up 3 device(s) sucessfully. 0 device(s) failed
2020-07-11 08:57:20,350 [INFO] [backup]  **** backup script finished ****

2020-07-11 09:02:19,504 [INFO] [backup]  **** backup script started *****
2020-07-11 09:02:19,504 [INFO] [backup]  starting backup of 3 device(s)
2020-07-11 09:02:19,753 [INFO] [backup]  backup of m-cba-nsw-bellavista-sbc01 completed
2020-07-11 09:02:20,035 [INFO] [backup]  backup of m-cba-nsw-bellavista-sbc02 completed
2020-07-11 09:02:20,269 [INFO] [backup]  backup of m-cba-nsw-bellavista-sbc03 completed
2020-07-11 09:02:20,269 [INFO] [backup]  backed up 3 device(s) sucessfully. 0 device(s) failed
2020-07-11 09:02:20,269 [INFO] [backup]  **** backup script finished ****

2020-07-11 09:07:19,516 [INFO] [backup]  **** backup script started *****
2020-07-11 09:07:19,516 [INFO] [backup]  starting backup of 3 device(s)
2020-07-11 09:07:19,766 [INFO] [backup]  backup of m-cba-nsw-bellavista-sbc01 completed
2020-07-11 09:07:20,000 [INFO] [backup]  backup of m-cba-nsw-bellavista-sbc02 completed
2020-07-11 09:07:20,219 [INFO] [backup]  backup of m-cba-nsw-bellavista-sbc03 completed
2020-07-11 09:07:20,219 [INFO] [backup]  backed up 3 device(s) sucessfully. 0 device(s) failed
2020-07-11 09:07:20,219 [INFO] [backup]  **** backup script finished ****

2020-07-11 09:12:19,501 [INFO] [backup]  **** backup script started *****
2020-07-11 09:12:19,501 [INFO] [backup]  starting backup of 3 device(s)
2020-07-11 09:12:19,751 [INFO] [backup]  backup of m-cba-nsw-bellavista-sbc01 completed
2020-07-11 09:12:19,985 [INFO] [backup]  backup of m-cba-nsw-bellavista-sbc02 completed
2020-07-11 09:12:20,220 [INFO] [backup]  backup of m-cba-nsw-bellavista-sbc03 completed
2020-07-11 09:12:20,220 [INFO] [backup]  backed up 3 device(s) sucessfully. 0 device(s) failed
2020-07-11 09:12:20,220 [INFO] [backup]  **** backup script finished ****

2020-07-11 09:17:19,545 [INFO] [backup]  **** backup script started *****
2020-07-11 09:17:19,545 [INFO] [backup]  starting backup of 3 device(s)
2020-07-11 09:17:19,795 [INFO] [backup]  backup of m-cba-nsw-bellavista-sbc01 completed
2020-07-11 09:17:20,076 [INFO] [backup]  backup of m-cba-nsw-bellavista-sbc02 completed
2020-07-11 09:17:20,326 [INFO] [backup]  backup of m-cba-nsw-bellavista-sbc03 completed
2020-07-11 09:17:20,326 [INFO] [backup]  backed up 3 device(s) sucessfully. 0 device(s) failed
2020-07-11 09:17:20,326 [INFO] [backup]  **** backup script finished ****

2020-07-11 09:22:19,512 [INFO] [backup]  **** backup script started *****
2020-07-11 09:22:19,512 [INFO] [backup]  starting backup of 3 device(s)
2020-07-11 09:22:19,762 [INFO] [backup]  backup of m-cba-nsw-bellavista-sbc01 completed
2020-07-11 09:22:20,012 [INFO] [backup]  backup of m-cba-nsw-bellavista-sbc02 completed
2020-07-11 09:22:20,247 [INFO] [backup]  backup of m-cba-nsw-bellavista-sbc03 completed
2020-07-11 09:22:20,247 [INFO] [backup]  backed up 3 device(s) sucessfully. 0 device(s) failed
2020-07-11 09:22:20,247 [INFO] [backup]  **** backup script finished ****

2020-07-11 09:27:19,518 [INFO] [backup]  **** backup script started *****
2020-07-11 09:27:19,518 [INFO] [backup]  starting backup of 3 device(s)
2020-07-11 09:27:19,784 [INFO] [backup]  backup of m-cba-nsw-bellavista-sbc01 completed
2020-07-11 09:27:20,034 [INFO] [backup]  backup of m-cba-nsw-bellavista-sbc02 completed
2020-07-11 09:27:20,268 [INFO] [backup]  backup of m-cba-nsw-bellavista-sbc03 completed
2020-07-11 09:27:20,268 [INFO] [backup]  backed up 3 device(s) sucessfully. 0 device(s) failed
2020-07-11 09:27:20,268 [INFO] [backup]  **** backup script finished ****

2020-07-11 09:32:19,519 [INFO] [backup]  **** backup script started *****
2020-07-11 09:32:19,519 [INFO] [backup]  starting backup of 3 device(s)
2020-07-11 09:32:19,769 [INFO] [backup]  backup of m-cba-nsw-bellavista-sbc01 completed
2020-07-11 09:32:20,004 [INFO] [backup]  backup of m-cba-nsw-bellavista-sbc02 completed
2020-07-11 09:32:20,254 [INFO] [backup]  backup of m-cba-nsw-bellavista-sbc03 completed
2020-07-11 09:32:20,254 [INFO] [backup]  backed up 3 device(s) sucessfully. 0 device(s) failed
2020-07-11 09:32:20,254 [INFO] [backup]  **** backup script finished ****

2020-07-11 09:37:19,504 [INFO] [backup]  **** backup script started *****
2020-07-11 09:37:19,504 [INFO] [backup]  starting backup of 3 device(s)
2020-07-11 09:37:19,754 [INFO] [backup]  backup of m-cba-nsw-bellavista-sbc01 completed
2020-07-11 09:37:20,004 [INFO] [backup]  backup of m-cba-nsw-bellavista-sbc02 completed
2020-07-11 09:37:20,239 [INFO] [backup]  backup of m-cba-nsw-bellavista-sbc03 completed
2020-07-11 09:37:20,239 [INFO] [backup]  backed up 3 device(s) sucessfully. 0 device(s) failed
2020-07-11 09:37:20,239 [INFO] [backup]  **** backup script finished ****

2020-07-11 09:42:19,532 [INFO] [backup]  **** backup script started *****
2020-07-11 09:42:19,532 [INFO] [backup]  starting backup of 3 device(s)
2020-07-11 09:42:19,767 [INFO] [backup]  backup of m-cba-nsw-bellavista-sbc01 completed
2020-07-11 09:42:20,001 [INFO] [backup]  backup of m-cba-nsw-bellavista-sbc02 completed
2020-07-11 09:42:20,282 [INFO] [backup]  backup of m-cba-nsw-bellavista-sbc03 completed
2020-07-11 09:42:20,282 [INFO] [backup]  backed up 3 device(s) sucessfully. 0 device(s) failed
2020-07-11 09:42:20,282 [INFO] [backup]  **** backup script finished ****

2020-07-11 09:47:19,545 [INFO] [backup]  **** backup script started *****
2020-07-11 09:47:19,545 [INFO] [backup]  starting backup of 3 device(s)
2020-07-11 09:47:19,795 [INFO] [backup]  backup of m-cba-nsw-bellavista-sbc01 completed
2020-07-11 09:47:20,029 [INFO] [backup]  backup of m-cba-nsw-bellavista-sbc02 completed
2020-07-11 09:47:20,279 [INFO] [backup]  backup of m-cba-nsw-bellavista-sbc03 completed
2020-07-11 09:47:20,279 [INFO] [backup]  backed up 3 device(s) sucessfully. 0 device(s) failed
2020-07-11 09:47:20,279 [INFO] [backup]  **** backup script finished ****

2020-07-11 09:52:19,526 [INFO] [backup]  **** backup script started *****
2020-07-11 09:52:19,526 [INFO] [backup]  starting backup of 3 device(s)
2020-07-11 09:52:19,761 [INFO] [backup]  backup of m-cba-nsw-bellavista-sbc01 completed
2020-07-11 09:52:20,011 [INFO] [backup]  backup of m-cba-nsw-bellavista-sbc02 completed
2020-07-11 09:52:20,245 [INFO] [backup]  backup of m-cba-nsw-bellavista-sbc03 completed
2020-07-11 09:52:20,245 [INFO] [backup]  backed up 3 device(s) sucessfully. 0 device(s) failed
2020-07-11 09:52:20,245 [INFO] [backup]  **** backup script finished ****

2020-07-11 09:57:19,571 [INFO] [backup]  **** backup script started *****
2020-07-11 09:57:19,571 [INFO] [backup]  starting backup of 3 device(s)
2020-07-11 09:57:19,821 [INFO] [backup]  backup of m-cba-nsw-bellavista-sbc01 completed
2020-07-11 09:57:20,071 [INFO] [backup]  backup of m-cba-nsw-bellavista-sbc02 completed
2020-07-11 09:57:20,306 [INFO] [backup]  backup of m-cba-nsw-bellavista-sbc03 completed
2020-07-11 09:57:20,306 [INFO] [backup]  backed up 3 device(s) sucessfully. 0 device(s) failed
2020-07-11 09:57:20,306 [INFO] [backup]  **** backup script finished ****

2020-07-11 10:02:19,521 [INFO] [backup]  **** backup script started *****
2020-07-11 10:02:19,521 [INFO] [backup]  starting backup of 3 device(s)
2020-07-11 10:02:19,771 [INFO] [backup]  backup of m-cba-nsw-bellavista-sbc01 completed
2020-07-11 10:02:20,006 [INFO] [backup]  backup of m-cba-nsw-bellavista-sbc02 completed
2020-07-11 10:02:20,240 [INFO] [backup]  backup of m-cba-nsw-bellavista-sbc03 completed
2020-07-11 10:02:20,240 [INFO] [backup]  backed up 3 device(s) sucessfully. 0 device(s) failed
2020-07-11 10:02:20,240 [INFO] [backup]  **** backup script finished ****

2020-07-11 10:07:19,518 [INFO] [backup]  **** backup script started *****
2020-07-11 10:07:19,518 [INFO] [backup]  starting backup of 3 device(s)
2020-07-11 10:07:19,784 [INFO] [backup]  backup of m-cba-nsw-bellavista-sbc01 completed
2020-07-11 10:07:20,018 [INFO] [backup]  backup of m-cba-nsw-bellavista-sbc02 completed
2020-07-11 10:07:20,252 [INFO] [backup]  backup of m-cba-nsw-bellavista-sbc03 completed
2020-07-11 10:07:20,252 [INFO] [backup]  backed up 3 device(s) sucessfully. 0 device(s) failed
2020-07-11 10:07:20,252 [INFO] [backup]  **** backup script finished ****

2020-07-11 10:12:19,515 [INFO] [backup]  **** backup script started *****
2020-07-11 10:12:19,515 [INFO] [backup]  starting backup of 3 device(s)
2020-07-11 10:12:19,765 [INFO] [backup]  backup of m-cba-nsw-bellavista-sbc01 completed
2020-07-11 10:12:20,015 [INFO] [backup]  backup of m-cba-nsw-bellavista-sbc02 completed
2020-07-11 10:12:20,250 [INFO] [backup]  backup of m-cba-nsw-bellavista-sbc03 completed
2020-07-11 10:12:20,250 [INFO] [backup]  backed up 3 device(s) sucessfully. 0 device(s) failed
2020-07-11 10:12:20,250 [INFO] [backup]  **** backup script finished ****

2020-07-11 10:17:19,540 [INFO] [backup]  **** backup script started *****
2020-07-11 10:17:19,540 [INFO] [backup]  starting backup of 3 device(s)
2020-07-11 10:17:19,790 [INFO] [backup]  backup of m-cba-nsw-bellavista-sbc01 completed
2020-07-11 10:17:20,024 [INFO] [backup]  backup of m-cba-nsw-bellavista-sbc02 completed
2020-07-11 10:17:20,259 [INFO] [backup]  backup of m-cba-nsw-bellavista-sbc03 completed
2020-07-11 10:17:20,259 [INFO] [backup]  backed up 3 device(s) sucessfully. 0 device(s) failed
2020-07-11 10:17:20,259 [INFO] [backup]  **** backup script finished ****

2020-07-11 10:22:19,541 [INFO] [backup]  **** backup script started *****
2020-07-11 10:22:19,541 [INFO] [backup]  starting backup of 3 device(s)
2020-07-11 10:22:19,791 [INFO] [backup]  backup of m-cba-nsw-bellavista-sbc01 completed
2020-07-11 10:22:20,041 [INFO] [backup]  backup of m-cba-nsw-bellavista-sbc02 completed
2020-07-11 10:22:20,275 [INFO] [backup]  backup of m-cba-nsw-bellavista-sbc03 completed
2020-07-11 10:22:20,275 [INFO] [backup]  backed up 3 device(s) sucessfully. 0 device(s) failed
2020-07-11 10:22:20,275 [INFO] [backup]  **** backup script finished ****

2020-07-11 10:27:19,495 [INFO] [backup]  **** backup script started *****
2020-07-11 10:27:19,495 [INFO] [backup]  starting backup of 3 device(s)
2020-07-11 10:27:19,745 [INFO] [backup]  backup of m-cba-nsw-bellavista-sbc01 completed
2020-07-11 10:27:19,979 [INFO] [backup]  backup of m-cba-nsw-bellavista-sbc02 completed
2020-07-11 10:27:20,213 [INFO] [backup]  backup of m-cba-nsw-bellavista-sbc03 completed
2020-07-11 10:27:20,213 [INFO] [backup]  backed up 3 device(s) sucessfully. 0 device(s) failed
2020-07-11 10:27:20,213 [INFO] [backup]  **** backup script finished ****

2020-07-11 10:32:19,523 [INFO] [backup]  **** backup script started *****
2020-07-11 10:32:19,523 [INFO] [backup]  starting backup of 3 device(s)
2020-07-11 10:32:19,758 [INFO] [backup]  backup of m-cba-nsw-bellavista-sbc01 completed
2020-07-11 10:32:20,008 [INFO] [backup]  backup of m-cba-nsw-bellavista-sbc02 completed
2020-07-11 10:32:20,242 [INFO] [backup]  backup of m-cba-nsw-bellavista-sbc03 completed
2020-07-11 10:32:20,242 [INFO] [backup]  backed up 3 device(s) sucessfully. 0 device(s) failed
2020-07-11 10:32:20,242 [INFO] [backup]  **** backup script finished ****

2020-07-11 10:37:19,536 [INFO] [backup]  **** backup script started *****
2020-07-11 10:37:19,536 [INFO] [backup]  starting backup of 3 device(s)
2020-07-11 10:37:19,801 [INFO] [backup]  backup of m-cba-nsw-bellavista-sbc01 completed
2020-07-11 10:37:20,036 [INFO] [backup]  backup of m-cba-nsw-bellavista-sbc02 completed
2020-07-11 10:37:20,301 [INFO] [backup]  backup of m-cba-nsw-bellavista-sbc03 completed
2020-07-11 10:37:20,301 [INFO] [backup]  backed up 3 device(s) sucessfully. 0 device(s) failed
2020-07-11 10:37:20,301 [INFO] [backup]  **** backup script finished ****

2020-07-11 10:42:19,517 [INFO] [backup]  **** backup script started *****
2020-07-11 10:42:19,517 [INFO] [backup]  starting backup of 3 device(s)
2020-07-11 10:42:19,798 [INFO] [backup]  backup of m-cba-nsw-bellavista-sbc01 completed
2020-07-11 10:42:20,033 [INFO] [backup]  backup of m-cba-nsw-bellavista-sbc02 completed
2020-07-11 10:42:20,267 [INFO] [backup]  backup of m-cba-nsw-bellavista-sbc03 completed
2020-07-11 10:42:20,267 [INFO] [backup]  backed up 3 device(s) sucessfully. 0 device(s) failed
2020-07-11 10:42:20,267 [INFO] [backup]  **** backup script finished ****

2020-07-11 10:47:19,531 [INFO] [backup]  **** backup script started *****
2020-07-11 10:47:19,531 [INFO] [backup]  starting backup of 3 device(s)
2020-07-11 10:47:19,828 [INFO] [backup]  backup of m-cba-nsw-bellavista-sbc01 completed
2020-07-11 10:47:20,062 [INFO] [backup]  backup of m-cba-nsw-bellavista-sbc02 completed
2020-07-11 10:47:20,281 [INFO] [backup]  backup of m-cba-nsw-bellavista-sbc03 completed
2020-07-11 10:47:20,281 [INFO] [backup]  backed up 3 device(s) sucessfully. 0 device(s) failed
2020-07-11 10:47:20,281 [INFO] [backup]  **** backup script finished ****

2020-07-11 10:52:19,434 [INFO] [backup]  **** backup script started *****
2020-07-11 10:52:19,434 [INFO] [backup]  starting backup of 3 device(s)
2020-07-11 10:52:19,653 [INFO] [backup]  backup of m-cba-nsw-bellavista-sbc01 completed
2020-07-11 10:52:19,871 [INFO] [backup]  backup of m-cba-nsw-bellavista-sbc02 completed
2020-07-11 10:52:20,075 [INFO] [backup]  backup of m-cba-nsw-bellavista-sbc03 completed
2020-07-11 10:52:20,075 [INFO] [backup]  backed up 3 device(s) sucessfully. 0 device(s) failed
2020-07-11 10:52:20,075 [INFO] [backup]  **** backup script finished ****

2020-07-11 10:57:19,509 [INFO] [backup]  **** backup script started *****
2020-07-11 10:57:19,525 [INFO] [backup]  starting backup of 3 device(s)
2020-07-11 10:57:19,775 [INFO] [backup]  backup of m-cba-nsw-bellavista-sbc01 completed
2020-07-11 10:57:20,009 [INFO] [backup]  backup of m-cba-nsw-bellavista-sbc02 completed
2020-07-11 10:57:20,228 [INFO] [backup]  backup of m-cba-nsw-bellavista-sbc03 completed
2020-07-11 10:57:20,243 [INFO] [backup]  backed up 3 device(s) sucessfully. 0 device(s) failed
2020-07-11 10:57:20,243 [INFO] [backup]  **** backup script finished ****

2020-07-11 11:02:19,506 [INFO] [backup]  **** backup script started *****
2020-07-11 11:02:19,506 [INFO] [backup]  starting backup of 3 device(s)
2020-07-11 11:02:19,740 [INFO] [backup]  backup of m-cba-nsw-bellavista-sbc01 completed
2020-07-11 11:02:19,975 [INFO] [backup]  backup of m-cba-nsw-bellavista-sbc02 completed
2020-07-11 11:02:20,193 [INFO] [backup]  backup of m-cba-nsw-bellavista-sbc03 completed
2020-07-11 11:02:20,209 [INFO] [backup]  backed up 3 device(s) sucessfully. 0 device(s) failed
2020-07-11 11:02:20,209 [INFO] [backup]  **** backup script finished ****

2020-07-11 11:07:19,519 [INFO] [backup]  **** backup script started *****
2020-07-11 11:07:19,519 [INFO] [backup]  starting backup of 3 device(s)
2020-07-11 11:07:19,753 [INFO] [backup]  backup of m-cba-nsw-bellavista-sbc01 completed
2020-07-11 11:07:19,972 [INFO] [backup]  backup of m-cba-nsw-bellavista-sbc02 completed
2020-07-11 11:07:20,206 [INFO] [backup]  backup of m-cba-nsw-bellavista-sbc03 completed
2020-07-11 11:07:20,206 [INFO] [backup]  backed up 3 device(s) sucessfully. 0 device(s) failed
2020-07-11 11:07:20,206 [INFO] [backup]  **** backup script finished ****

2020-07-11 11:12:19,501 [INFO] [backup]  **** backup script started *****
2020-07-11 11:12:19,501 [INFO] [backup]  starting backup of 3 device(s)
2020-07-11 11:12:19,735 [INFO] [backup]  backup of m-cba-nsw-bellavista-sbc01 completed
2020-07-11 11:12:19,970 [INFO] [backup]  backup of m-cba-nsw-bellavista-sbc02 completed
2020-07-11 11:12:20,204 [INFO] [backup]  backup of m-cba-nsw-bellavista-sbc03 completed
2020-07-11 11:12:20,204 [INFO] [backup]  backed up 3 device(s) sucessfully. 0 device(s) failed
2020-07-11 11:12:20,204 [INFO] [backup]  **** backup script finished ****

2020-07-11 11:17:19,521 [INFO] [backup]  **** backup script started *****
2020-07-11 11:17:19,521 [INFO] [backup]  starting backup of 3 device(s)
2020-07-11 11:17:19,771 [INFO] [backup]  backup of m-cba-nsw-bellavista-sbc01 completed
2020-07-11 11:17:20,006 [INFO] [backup]  backup of m-cba-nsw-bellavista-sbc02 completed
2020-07-11 11:17:20,225 [INFO] [backup]  backup of m-cba-nsw-bellavista-sbc03 completed
2020-07-11 11:17:20,240 [INFO] [backup]  backed up 3 device(s) sucessfully. 0 device(s) failed
2020-07-11 11:17:20,240 [INFO] [backup]  **** backup script finished ****

2020-07-11 11:22:19,536 [INFO] [backup]  **** backup script started *****
2020-07-11 11:22:19,536 [INFO] [backup]  starting backup of 3 device(s)
2020-07-11 11:22:19,770 [INFO] [backup]  backup of m-cba-nsw-bellavista-sbc01 completed
2020-07-11 11:22:20,020 [INFO] [backup]  backup of m-cba-nsw-bellavista-sbc02 completed
2020-07-11 11:22:20,239 [INFO] [backup]  backup of m-cba-nsw-bellavista-sbc03 completed
2020-07-11 11:22:20,239 [INFO] [backup]  backed up 3 device(s) sucessfully. 0 device(s) failed
2020-07-11 11:22:20,239 [INFO] [backup]  **** backup script finished ****

2020-07-11 11:27:19,538 [INFO] [backup]  **** backup script started *****
2020-07-11 11:27:19,538 [INFO] [backup]  starting backup of 3 device(s)
2020-07-11 11:27:19,772 [INFO] [backup]  backup of m-cba-nsw-bellavista-sbc01 completed
2020-07-11 11:27:19,991 [INFO] [backup]  backup of m-cba-nsw-bellavista-sbc02 completed
2020-07-11 11:27:20,225 [INFO] [backup]  backup of m-cba-nsw-bellavista-sbc03 completed
2020-07-11 11:27:20,225 [INFO] [backup]  backed up 3 device(s) sucessfully. 0 device(s) failed
2020-07-11 11:27:20,225 [INFO] [backup]  **** backup script finished ****

2020-07-11 11:32:19,507 [INFO] [backup]  **** backup script started *****
2020-07-11 11:32:19,507 [INFO] [backup]  starting backup of 3 device(s)
2020-07-11 11:32:19,757 [INFO] [backup]  backup of m-cba-nsw-bellavista-sbc01 completed
2020-07-11 11:32:19,992 [INFO] [backup]  backup of m-cba-nsw-bellavista-sbc02 completed
2020-07-11 11:32:20,226 [INFO] [backup]  backup of m-cba-nsw-bellavista-sbc03 completed
2020-07-11 11:32:20,242 [INFO] [backup]  backed up 3 device(s) sucessfully. 0 device(s) failed
2020-07-11 11:32:20,242 [INFO] [backup]  **** backup script finished ****

2020-07-11 11:37:19,506 [INFO] [backup]  **** backup script started *****
2020-07-11 11:37:19,506 [INFO] [backup]  starting backup of 3 device(s)
2020-07-11 11:37:19,740 [INFO] [backup]  backup of m-cba-nsw-bellavista-sbc01 completed
2020-07-11 11:37:19,959 [INFO] [backup]  backup of m-cba-nsw-bellavista-sbc02 completed
2020-07-11 11:37:20,194 [INFO] [backup]  backup of m-cba-nsw-bellavista-sbc03 completed
2020-07-11 11:37:20,194 [INFO] [backup]  backed up 3 device(s) sucessfully. 0 device(s) failed
2020-07-11 11:37:20,194 [INFO] [backup]  **** backup script finished ****

2020-07-11 11:42:19,503 [INFO] [backup]  **** backup script started *****
2020-07-11 11:42:19,503 [INFO] [backup]  starting backup of 3 device(s)
2020-07-11 11:42:19,738 [INFO] [backup]  backup of m-cba-nsw-bellavista-sbc01 completed
2020-07-11 11:42:19,972 [INFO] [backup]  backup of m-cba-nsw-bellavista-sbc02 completed
2020-07-11 11:42:20,222 [INFO] [backup]  backup of m-cba-nsw-bellavista-sbc03 completed
2020-07-11 11:42:20,222 [INFO] [backup]  backed up 3 device(s) sucessfully. 0 device(s) failed
2020-07-11 11:42:20,222 [INFO] [backup]  **** backup script finished ****

2020-07-11 11:47:19,547 [INFO] [backup]  **** backup script started *****
2020-07-11 11:47:19,547 [INFO] [backup]  starting backup of 3 device(s)
2020-07-11 11:47:19,766 [INFO] [backup]  backup of m-cba-nsw-bellavista-sbc01 completed
2020-07-11 11:47:20,000 [INFO] [backup]  backup of m-cba-nsw-bellavista-sbc02 completed
2020-07-11 11:47:20,250 [INFO] [backup]  backup of m-cba-nsw-bellavista-sbc03 completed
2020-07-11 11:47:20,250 [INFO] [backup]  backed up 3 device(s) sucessfully. 0 device(s) failed
2020-07-11 11:47:20,250 [INFO] [backup]  **** backup script finished ****

2020-07-11 11:52:19,498 [INFO] [backup]  **** backup script started *****
2020-07-11 11:52:19,498 [INFO] [backup]  starting backup of 3 device(s)
2020-07-11 11:52:19,732 [INFO] [backup]  backup of m-cba-nsw-bellavista-sbc01 completed
2020-07-11 11:52:19,998 [INFO] [backup]  backup of m-cba-nsw-bellavista-sbc02 completed
2020-07-11 11:52:20,232 [INFO] [backup]  backup of m-cba-nsw-bellavista-sbc03 completed
2020-07-11 11:52:20,232 [INFO] [backup]  backed up 3 device(s) sucessfully. 0 device(s) failed
2020-07-11 11:52:20,232 [INFO] [backup]  **** backup script finished ****

2020-07-11 11:57:19,496 [INFO] [backup]  **** backup script started *****
2020-07-11 11:57:19,496 [INFO] [backup]  starting backup of 3 device(s)
2020-07-11 11:57:19,746 [INFO] [backup]  backup of m-cba-nsw-bellavista-sbc01 completed
2020-07-11 11:57:19,980 [INFO] [backup]  backup of m-cba-nsw-bellavista-sbc02 completed
2020-07-11 11:57:20,214 [INFO] [backup]  backup of m-cba-nsw-bellavista-sbc03 completed
2020-07-11 11:57:20,214 [INFO] [backup]  backed up 3 device(s) sucessfully. 0 device(s) failed
2020-07-11 11:57:20,214 [INFO] [backup]  **** backup script finished ****

2020-07-11 12:02:19,492 [INFO] [backup]  **** backup script started *****
2020-07-11 12:02:19,492 [INFO] [backup]  starting backup of 3 device(s)
2020-07-11 12:02:19,742 [INFO] [backup]  backup of m-cba-nsw-bellavista-sbc01 completed
2020-07-11 12:02:19,977 [INFO] [backup]  backup of m-cba-nsw-bellavista-sbc02 completed
2020-07-11 12:02:20,211 [INFO] [backup]  backup of m-cba-nsw-bellavista-sbc03 completed
2020-07-11 12:02:20,211 [INFO] [backup]  backed up 3 device(s) sucessfully. 0 device(s) failed
2020-07-11 12:02:20,211 [INFO] [backup]  **** backup script finished ****

2020-07-11 12:07:19,489 [INFO] [backup]  **** backup script started *****
2020-07-11 12:07:19,489 [INFO] [backup]  starting backup of 3 device(s)
2020-07-11 12:07:19,739 [INFO] [backup]  backup of m-cba-nsw-bellavista-sbc01 completed
2020-07-11 12:07:19,974 [INFO] [backup]  backup of m-cba-nsw-bellavista-sbc02 completed
2020-07-11 12:07:20,192 [INFO] [backup]  backup of m-cba-nsw-bellavista-sbc03 completed
2020-07-11 12:07:20,192 [INFO] [backup]  backed up 3 device(s) sucessfully. 0 device(s) failed
2020-07-11 12:07:20,192 [INFO] [backup]  **** backup script finished ****

2020-07-11 12:12:19,502 [INFO] [backup]  **** backup script started *****
2020-07-11 12:12:19,502 [INFO] [backup]  starting backup of 3 device(s)
2020-07-11 12:12:19,736 [INFO] [backup]  backup of m-cba-nsw-bellavista-sbc01 completed
2020-07-11 12:12:19,971 [INFO] [backup]  backup of m-cba-nsw-bellavista-sbc02 completed
2020-07-11 12:12:20,190 [INFO] [backup]  backup of m-cba-nsw-bellavista-sbc03 completed
2020-07-11 12:12:20,205 [INFO] [backup]  backed up 3 device(s) sucessfully. 0 device(s) failed
2020-07-11 12:12:20,205 [INFO] [backup]  **** backup script finished ****

2020-07-11 12:17:19,467 [INFO] [backup]  **** backup script started *****
2020-07-11 12:17:19,467 [INFO] [backup]  starting backup of 3 device(s)
2020-07-11 12:17:19,701 [INFO] [backup]  backup of m-cba-nsw-bellavista-sbc01 completed
2020-07-11 12:17:19,934 [INFO] [backup]  backup of m-cba-nsw-bellavista-sbc02 completed
2020-07-11 12:17:20,144 [INFO] [backup]  backup of m-cba-nsw-bellavista-sbc03 completed
2020-07-11 12:17:20,144 [INFO] [backup]  backed up 3 device(s) sucessfully. 0 device(s) failed
2020-07-11 12:17:20,144 [INFO] [backup]  **** backup script finished ****

2020-07-11 12:22:19,440 [INFO] [backup]  **** backup script started *****
2020-07-11 12:22:19,444 [INFO] [backup]  starting backup of 3 device(s)
2020-07-11 12:22:19,681 [INFO] [backup]  backup of m-cba-nsw-bellavista-sbc01 completed
2020-07-11 12:22:19,906 [INFO] [backup]  backup of m-cba-nsw-bellavista-sbc02 completed
2020-07-11 12:22:20,127 [INFO] [backup]  backup of m-cba-nsw-bellavista-sbc03 completed
2020-07-11 12:22:20,131 [INFO] [backup]  backed up 3 device(s) sucessfully. 0 device(s) failed
2020-07-11 12:22:20,131 [INFO] [backup]  **** backup script finished ****

2020-07-11 12:27:19,436 [INFO] [backup]  **** backup script started *****
2020-07-11 12:27:19,436 [INFO] [backup]  starting backup of 3 device(s)
2020-07-11 12:27:19,669 [INFO] [backup]  backup of m-cba-nsw-bellavista-sbc01 completed
2020-07-11 12:27:19,894 [INFO] [backup]  backup of m-cba-nsw-bellavista-sbc02 completed
2020-07-11 12:27:20,120 [INFO] [backup]  backup of m-cba-nsw-bellavista-sbc03 completed
2020-07-11 12:27:20,120 [INFO] [backup]  backed up 3 device(s) sucessfully. 0 device(s) failed
2020-07-11 12:27:20,120 [INFO] [backup]  **** backup script finished ****

2020-07-11 12:32:19,432 [INFO] [backup]  **** backup script started *****
2020-07-11 12:32:19,432 [INFO] [backup]  starting backup of 3 device(s)
2020-07-11 12:32:19,669 [INFO] [backup]  backup of m-cba-nsw-bellavista-sbc01 completed
2020-07-11 12:32:19,939 [INFO] [backup]  backup of m-cba-nsw-bellavista-sbc02 completed
2020-07-11 12:32:20,164 [INFO] [backup]  backup of m-cba-nsw-bellavista-sbc03 completed
2020-07-11 12:32:20,164 [INFO] [backup]  backed up 3 device(s) sucessfully. 0 device(s) failed
2020-07-11 12:32:20,168 [INFO] [backup]  **** backup script finished ****

2020-07-11 12:37:19,484 [INFO] [backup]  **** backup script started *****
2020-07-11 12:37:19,505 [INFO] [backup]  starting backup of 3 device(s)
2020-07-11 12:37:19,738 [INFO] [backup]  backup of m-cba-nsw-bellavista-sbc01 completed
2020-07-11 12:37:19,971 [INFO] [backup]  backup of m-cba-nsw-bellavista-sbc02 completed
2020-07-11 12:37:20,212 [INFO] [backup]  backup of m-cba-nsw-bellavista-sbc03 completed
2020-07-11 12:37:20,212 [INFO] [backup]  backed up 3 device(s) sucessfully. 0 device(s) failed
2020-07-11 12:37:20,212 [INFO] [backup]  **** backup script finished ****

2020-07-11 12:42:19,739 [INFO] [backup]  **** backup script started *****
2020-07-11 12:42:19,747 [INFO] [backup]  starting backup of 3 device(s)
2020-07-11 12:42:19,996 [INFO] [backup]  backup of m-cba-nsw-bellavista-sbc01 completed
2020-07-11 12:42:20,234 [INFO] [backup]  backup of m-cba-nsw-bellavista-sbc02 completed
2020-07-11 12:42:20,471 [INFO] [backup]  backup of m-cba-nsw-bellavista-sbc03 completed
2020-07-11 12:42:20,471 [INFO] [backup]  backed up 3 device(s) sucessfully. 0 device(s) failed
2020-07-11 12:42:20,471 [INFO] [backup]  **** backup script finished ****

2020-07-11 12:47:19,451 [INFO] [backup]  **** backup script started *****
2020-07-11 12:47:19,455 [INFO] [backup]  starting backup of 3 device(s)
2020-07-11 12:47:19,693 [INFO] [backup]  backup of m-cba-nsw-bellavista-sbc01 completed
2020-07-11 12:47:19,914 [INFO] [backup]  backup of m-cba-nsw-bellavista-sbc02 completed
2020-07-11 12:47:20,135 [INFO] [backup]  backup of m-cba-nsw-bellavista-sbc03 completed
2020-07-11 12:47:20,135 [INFO] [backup]  backed up 3 device(s) sucessfully. 0 device(s) failed
2020-07-11 12:47:20,135 [INFO] [backup]  **** backup script finished ****

2020-07-11 12:52:19,464 [INFO] [backup]  **** backup script started *****
2020-07-11 12:52:19,464 [INFO] [backup]  starting backup of 3 device(s)
2020-07-11 12:52:19,741 [INFO] [backup]  backup of m-cba-nsw-bellavista-sbc01 completed
2020-07-11 12:52:19,966 [INFO] [backup]  backup of m-cba-nsw-bellavista-sbc02 completed
2020-07-11 12:52:20,192 [INFO] [backup]  backup of m-cba-nsw-bellavista-sbc03 completed
2020-07-11 12:52:20,192 [INFO] [backup]  backed up 3 device(s) sucessfully. 0 device(s) failed
2020-07-11 12:52:20,192 [INFO] [backup]  **** backup script finished ****

2020-07-11 12:57:19,448 [INFO] [backup]  **** backup script started *****
2020-07-11 12:57:19,448 [INFO] [backup]  starting backup of 3 device(s)
2020-07-11 12:57:19,662 [INFO] [backup]  backup of m-cba-nsw-bellavista-sbc01 completed
2020-07-11 12:57:19,872 [INFO] [backup]  backup of m-cba-nsw-bellavista-sbc02 completed
2020-07-11 12:57:20,077 [INFO] [backup]  backup of m-cba-nsw-bellavista-sbc03 completed
2020-07-11 12:57:20,077 [INFO] [backup]  backed up 3 device(s) sucessfully. 0 device(s) failed
2020-07-11 12:57:20,077 [INFO] [backup]  **** backup script finished ****

2020-07-11 13:02:19,467 [INFO] [backup]  **** backup script started *****
2020-07-11 13:02:19,467 [INFO] [backup]  starting backup of 3 device(s)
2020-07-11 13:02:19,708 [INFO] [backup]  backup of m-cba-nsw-bellavista-sbc01 completed
2020-07-11 13:02:19,946 [INFO] [backup]  backup of m-cba-nsw-bellavista-sbc02 completed
2020-07-11 13:02:20,187 [INFO] [backup]  backup of m-cba-nsw-bellavista-sbc03 completed
2020-07-11 13:02:20,187 [INFO] [backup]  backed up 3 device(s) sucessfully. 0 device(s) failed
2020-07-11 13:02:20,187 [INFO] [backup]  **** backup script finished ****

2020-07-11 13:07:19,457 [INFO] [backup]  **** backup script started *****
2020-07-11 13:07:19,457 [INFO] [backup]  starting backup of 3 device(s)
2020-07-11 13:07:19,699 [INFO] [backup]  backup of m-cba-nsw-bellavista-sbc01 completed
2020-07-11 13:07:19,928 [INFO] [backup]  backup of m-cba-nsw-bellavista-sbc02 completed
2020-07-11 13:07:20,162 [INFO] [backup]  backup of m-cba-nsw-bellavista-sbc03 completed
2020-07-11 13:07:20,162 [INFO] [backup]  backed up 3 device(s) sucessfully. 0 device(s) failed
2020-07-11 13:07:20,162 [INFO] [backup]  **** backup script finished ****

2020-07-11 13:12:19,456 [INFO] [backup]  **** backup script started *****
2020-07-11 13:12:19,456 [INFO] [backup]  starting backup of 3 device(s)
2020-07-11 13:12:19,702 [INFO] [backup]  backup of m-cba-nsw-bellavista-sbc01 completed
2020-07-11 13:12:19,932 [INFO] [backup]  backup of m-cba-nsw-bellavista-sbc02 completed
2020-07-11 13:12:20,205 [INFO] [backup]  backup of m-cba-nsw-bellavista-sbc03 completed
2020-07-11 13:12:20,205 [INFO] [backup]  backed up 3 device(s) sucessfully. 0 device(s) failed
2020-07-11 13:12:20,205 [INFO] [backup]  **** backup script finished ****

2020-07-11 13:17:19,455 [INFO] [backup]  **** backup script started *****
2020-07-11 13:17:19,455 [INFO] [backup]  starting backup of 3 device(s)
2020-07-11 13:17:19,739 [INFO] [backup]  backup of m-cba-nsw-bellavista-sbc01 completed
2020-07-11 13:17:19,979 [INFO] [backup]  backup of m-cba-nsw-bellavista-sbc02 completed
2020-07-11 13:17:20,217 [INFO] [backup]  backup of m-cba-nsw-bellavista-sbc03 completed
2020-07-11 13:17:20,221 [INFO] [backup]  backed up 3 device(s) sucessfully. 0 device(s) failed
2020-07-11 13:17:20,221 [INFO] [backup]  **** backup script finished ****

2020-07-11 13:17:38,949 [INFO] [backup]  **** backup script started *****
2020-07-11 13:17:38,949 [INFO] [backup]  starting backup of 3 device(s)
2020-07-11 13:17:39,223 [INFO] [backup]  backup of m-cba-nsw-bellavista-sbc01 completed
2020-07-11 13:17:39,448 [INFO] [backup]  backup of m-cba-nsw-bellavista-sbc02 completed
2020-07-11 13:17:39,681 [INFO] [backup]  backup of m-cba-nsw-bellavista-sbc03 completed
2020-07-11 13:17:39,681 [INFO] [backup]  backed up 3 device(s) sucessfully. 0 device(s) failed
2020-07-11 13:17:39,681 [INFO] [backup]  **** backup script finished ****

2020-07-11 13:22:19,389 [INFO] [backup]  **** backup script started *****
2020-07-11 13:22:19,389 [INFO] [backup]  starting backup of 3 device(s)
2020-07-11 13:22:19,635 [INFO] [backup]  backup of m-cba-nsw-bellavista-sbc01 completed
2020-07-11 13:22:19,868 [INFO] [backup]  backup of m-cba-nsw-bellavista-sbc02 completed
2020-07-11 13:22:20,110 [INFO] [backup]  backup of m-cba-nsw-bellavista-sbc03 completed
2020-07-11 13:22:20,110 [INFO] [backup]  backed up 3 device(s) sucessfully. 0 device(s) failed
2020-07-11 13:22:20,110 [INFO] [backup]  **** backup script finished ****

2020-07-11 13:27:19,388 [INFO] [backup]  **** backup script started *****
2020-07-11 13:27:19,388 [INFO] [backup]  starting backup of 3 device(s)
2020-07-11 13:27:19,633 [INFO] [backup]  backup of m-cba-nsw-bellavista-sbc01 completed
2020-07-11 13:27:19,871 [INFO] [backup]  backup of m-cba-nsw-bellavista-sbc02 completed
2020-07-11 13:27:20,105 [INFO] [backup]  backup of m-cba-nsw-bellavista-sbc03 completed
2020-07-11 13:27:20,109 [INFO] [backup]  backed up 3 device(s) sucessfully. 0 device(s) failed
2020-07-11 13:27:20,109 [INFO] [backup]  **** backup script finished ****

2020-07-11 13:31:01,281 [ERROR] [<module>]  !!!! Exception Occured !!!!
Traceback (most recent call last):
  File "C:\nora\backup.py", line 24, in backup
    logger_backup.info("**** backup script started *****")
NameError: name 'logger_backup' is not defined

During handling of the above exception, another exception occurred:

Traceback (most recent call last):
  File "C:\nora\backup.py", line 80, in <module>
    backup()
  File "C:\nora\backup.py", line 64, in backup
    logger_backup.exception("Exception Occured")
NameError: name 'logger_backup' is not defined
2020-07-11 13:31:01,281 [ERROR] [<module>]  unable to setup logger
Traceback (most recent call last):
  File "C:\nora\backup.py", line 24, in backup
    logger_backup.info("**** backup script started *****")
NameError: name 'logger_backup' is not defined

During handling of the above exception, another exception occurred:

Traceback (most recent call last):
  File "C:\nora\backup.py", line 80, in <module>
    backup()
  File "C:\nora\backup.py", line 64, in backup
    logger_backup.exception("Exception Occured")
NameError: name 'logger_backup' is not defined
2020-07-11 13:32:19,381 [ERROR] [<module>]  !!!! Exception Occured !!!!
Traceback (most recent call last):
  File "backup.py", line 24, in backup
    logger_backup.info("**** backup script started *****")
NameError: name 'logger_backup' is not defined

During handling of the above exception, another exception occurred:

Traceback (most recent call last):
  File "backup.py", line 80, in <module>
    backup()
  File "backup.py", line 64, in backup
    logger_backup.exception("Exception Occured")
NameError: name 'logger_backup' is not defined
2020-07-11 13:32:19,385 [ERROR] [<module>]  unable to setup logger
Traceback (most recent call last):
  File "backup.py", line 24, in backup
    logger_backup.info("**** backup script started *****")
NameError: name 'logger_backup' is not defined

During handling of the above exception, another exception occurred:

Traceback (most recent call last):
  File "backup.py", line 80, in <module>
    backup()
  File "backup.py", line 64, in backup
    logger_backup.exception("Exception Occured")
NameError: name 'logger_backup' is not defined
2020-07-11 13:34:56,812 [INFO] [backup]  **** backup script started *****
2020-07-11 13:34:56,812 [INFO] [backup]  starting backup of 3 device(s)
2020-07-11 13:34:57,078 [INFO] [backup]  backup of m-cba-nsw-bellavista-sbc01 completed
2020-07-11 13:34:57,326 [INFO] [backup]  backup of m-cba-nsw-bellavista-sbc02 completed
2020-07-11 13:34:57,567 [INFO] [backup]  backup of m-cba-nsw-bellavista-sbc03 completed
2020-07-11 13:34:57,567 [INFO] [backup]  backed up 3 device(s) sucessfully. 0 device(s) failed
2020-07-11 13:34:57,567 [INFO] [backup]  **** backup script finished ****

2020-07-11 13:35:48,468 [INFO] [backup]  **** backup script started *****
2020-07-11 13:35:48,468 [INFO] [backup]  starting backup of 3 device(s)
2020-07-11 13:35:48,705 [INFO] [backup]  backup of m-cba-nsw-bellavista-sbc01 completed
2020-07-11 13:35:48,937 [INFO] [backup]  backup of m-cba-nsw-bellavista-sbc02 completed
2020-07-11 13:35:49,206 [INFO] [backup]  backup of m-cba-nsw-bellavista-sbc03 completed
2020-07-11 13:35:49,210 [INFO] [backup]  backed up 3 device(s) sucessfully. 0 device(s) failed
2020-07-11 13:35:49,210 [INFO] [backup]  **** backup script finished ****

2020-07-11 13:35:49,210 [INFO] [cleanup]  **** file cleanup starting ****
2020-07-11 13:35:49,210 [ERROR] [cleanup]  !!!! Exception Occured !!!!
Traceback (most recent call last):
  File "C:\nora\common.py", line 26, in cleanup
    for root, dirs, files in os.walk(root_path, topdown=False):
NameError: name 'os' is not defined
2020-07-11 13:37:08,893 [INFO] [backup]  **** backup script started *****
2020-07-11 13:37:08,893 [INFO] [backup]  starting backup of 3 device(s)
2020-07-11 13:37:09,115 [INFO] [backup]  backup of m-cba-nsw-bellavista-sbc01 completed
2020-07-11 13:37:09,323 [INFO] [backup]  backup of m-cba-nsw-bellavista-sbc02 completed
2020-07-11 13:37:09,537 [INFO] [backup]  backup of m-cba-nsw-bellavista-sbc03 completed
2020-07-11 13:37:09,537 [INFO] [backup]  backed up 3 device(s) sucessfully. 0 device(s) failed
2020-07-11 13:37:09,537 [INFO] [backup]  **** backup script finished ****

2020-07-11 13:37:09,537 [INFO] [cleanup]  **** file cleanup starting ****
2020-07-11 13:37:10,649 [INFO] [cleanup]  sucessfully deleted 0 file(s)
2020-07-11 13:37:10,653 [INFO] [cleanup]  **** file cleanup finished ****

2020-07-11 13:37:19,384 [INFO] [backup]  **** backup script started *****
2020-07-11 13:37:19,384 [INFO] [backup]  starting backup of 3 device(s)
2020-07-11 13:37:19,642 [INFO] [backup]  backup of m-cba-nsw-bellavista-sbc01 completed
2020-07-11 13:37:19,877 [INFO] [backup]  backup of m-cba-nsw-bellavista-sbc02 completed
2020-07-11 13:37:20,111 [INFO] [backup]  backup of m-cba-nsw-bellavista-sbc03 completed
2020-07-11 13:37:20,111 [INFO] [backup]  backed up 3 device(s) sucessfully. 0 device(s) failed
2020-07-11 13:37:20,115 [INFO] [backup]  **** backup script finished ****

2020-07-11 13:37:20,115 [INFO] [cleanup]  **** file cleanup starting ****
2020-07-11 13:37:20,751 [INFO] [cleanup]  sucessfully deleted 0 file(s)
2020-07-11 13:37:20,751 [INFO] [cleanup]  **** file cleanup finished ****

2020-07-11 13:42:19,382 [INFO] [backup]  **** backup script started *****
2020-07-11 13:42:19,386 [INFO] [backup]  starting backup of 3 device(s)
2020-07-11 13:42:19,623 [INFO] [backup]  backup of m-cba-nsw-bellavista-sbc01 completed
2020-07-11 13:42:19,861 [INFO] [backup]  backup of m-cba-nsw-bellavista-sbc02 completed
2020-07-11 13:42:20,095 [INFO] [backup]  backup of m-cba-nsw-bellavista-sbc03 completed
2020-07-11 13:42:20,099 [INFO] [backup]  backed up 3 device(s) sucessfully. 0 device(s) failed
2020-07-11 13:42:20,099 [INFO] [backup]  **** backup script finished ****

2020-07-11 13:42:20,099 [INFO] [cleanup]  **** file cleanup starting ****
2020-07-11 13:42:20,759 [INFO] [cleanup]  sucessfully deleted 0 file(s)
2020-07-11 13:42:20,759 [INFO] [cleanup]  **** file cleanup finished ****

2020-07-11 13:47:19,394 [INFO] [backup]  **** backup script started *****
2020-07-11 13:47:19,394 [INFO] [backup]  starting backup of 3 device(s)
2020-07-11 13:47:19,644 [INFO] [backup]  backup of m-cba-nsw-bellavista-sbc01 completed
2020-07-11 13:47:19,887 [INFO] [backup]  backup of m-cba-nsw-bellavista-sbc02 completed
2020-07-11 13:47:20,125 [INFO] [backup]  backup of m-cba-nsw-bellavista-sbc03 completed
2020-07-11 13:47:20,125 [INFO] [backup]  backed up 3 device(s) sucessfully. 0 device(s) failed
2020-07-11 13:47:20,125 [INFO] [backup]  **** backup script finished ****

2020-07-11 13:47:20,125 [INFO] [cleanup]  **** file cleanup starting ****
2020-07-11 13:47:20,773 [INFO] [cleanup]  sucessfully deleted 0 file(s)
2020-07-11 13:47:20,773 [INFO] [cleanup]  **** file cleanup finished ****

2020-07-11 13:50:45,421 [INFO] [backup]  **** backup script started *****
2020-07-11 13:50:45,421 [INFO] [backup]  starting backup of 3 device(s)
2020-07-11 13:50:45,646 [INFO] [backup]  backup of m-cba-nsw-bellavista-sbc01 completed
2020-07-11 13:50:45,864 [INFO] [backup]  backup of m-cba-nsw-bellavista-sbc02 completed
2020-07-11 13:50:46,081 [INFO] [backup]  backup of m-cba-nsw-bellavista-sbc03 completed
2020-07-11 13:50:46,081 [INFO] [backup]  backed up 3 device(s) sucessfully. 0 device(s) failed
2020-07-11 13:50:46,081 [INFO] [backup]  **** backup script finished ****

2020-07-11 13:50:46,085 [INFO] [cleanup]  **** file cleanup starting ****
2020-07-11 13:51:11,526 [INFO] [cleanup]  sucessfully deleted 0 file(s)
2020-07-11 13:51:11,526 [INFO] [cleanup]  **** file cleanup finished ****

2020-07-11 13:52:19,349 [INFO] [backup]  **** backup script started *****
2020-07-11 13:52:19,349 [INFO] [backup]  starting backup of 3 device(s)
2020-07-11 13:52:19,570 [INFO] [backup]  backup of m-cba-nsw-bellavista-sbc01 completed
2020-07-11 13:52:19,820 [INFO] [backup]  backup of m-cba-nsw-bellavista-sbc02 completed
2020-07-11 13:52:20,033 [INFO] [backup]  backup of m-cba-nsw-bellavista-sbc03 completed
2020-07-11 13:52:20,037 [INFO] [backup]  backed up 3 device(s) sucessfully. 0 device(s) failed
2020-07-11 13:52:20,037 [INFO] [backup]  **** backup script finished ****

2020-07-11 13:52:20,037 [INFO] [cleanup]  **** file cleanup starting ****
2020-07-11 13:52:20,592 [INFO] [cleanup]  sucessfully deleted 0 file(s)
2020-07-11 13:52:20,592 [INFO] [cleanup]  **** file cleanup finished ****

2020-07-11 13:52:21,883 [INFO] [backup]  **** backup script started *****
2020-07-11 13:52:21,883 [INFO] [backup]  starting backup of 3 device(s)
2020-07-11 13:52:22,265 [INFO] [backup]  backup of m-cba-nsw-bellavista-sbc01 completed
2020-07-11 13:52:22,489 [INFO] [backup]  backup of m-cba-nsw-bellavista-sbc02 completed
2020-07-11 13:52:22,707 [INFO] [backup]  backup of m-cba-nsw-bellavista-sbc03 completed
2020-07-11 13:52:22,707 [INFO] [backup]  backed up 3 device(s) sucessfully. 0 device(s) failed
2020-07-11 13:52:22,707 [INFO] [backup]  **** backup script finished ****

2020-07-11 13:52:22,711 [INFO] [cleanup]  **** file cleanup starting ****
2020-07-11 13:52:23,245 [INFO] [cleanup]  sucessfully deleted 0 file(s)
2020-07-11 13:52:23,245 [INFO] [cleanup]  **** file cleanup finished ****

2020-07-11 13:57:19,392 [INFO] [backup]  **** backup script started *****
2020-07-11 13:57:19,392 [INFO] [backup]  starting backup of 3 device(s)
2020-07-11 13:57:19,638 [INFO] [backup]  backup of m-cba-nsw-bellavista-sbc01 completed
2020-07-11 13:57:19,876 [INFO] [backup]  backup of m-cba-nsw-bellavista-sbc02 completed
2020-07-11 13:57:20,117 [INFO] [backup]  backup of m-cba-nsw-bellavista-sbc03 completed
2020-07-11 13:57:20,117 [INFO] [backup]  backed up 3 device(s) sucessfully. 0 device(s) failed
2020-07-11 13:57:20,117 [INFO] [backup]  **** backup script finished ****

2020-07-11 13:57:20,117 [INFO] [cleanup]  **** file cleanup starting ****
2020-07-11 13:57:20,768 [INFO] [cleanup]  sucessfully deleted 0 file(s)
2020-07-11 13:57:20,768 [INFO] [cleanup]  **** file cleanup finished ****

2020-07-11 13:59:20,162 [INFO] [backup]  **** backup script started *****
2020-07-11 13:59:20,162 [INFO] [backup]  starting backup of 3 device(s)
2020-07-11 13:59:20,395 [INFO] [backup]  backup of m-cba-nsw-bellavista-sbc01 completed
2020-07-11 13:59:20,668 [INFO] [backup]  backup of m-cba-nsw-bellavista-sbc02 completed
2020-07-11 13:59:20,893 [INFO] [backup]  backup of m-cba-nsw-bellavista-sbc03 completed
2020-07-11 13:59:20,897 [INFO] [backup]  backed up 3 device(s) sucessfully. 0 device(s) failed
2020-07-11 13:59:20,897 [INFO] [backup]  **** backup script finished ****

2020-07-11 13:59:20,897 [INFO] [cleanup]  **** file cleanup starting ****
2020-07-11 14:01:35,429 [INFO] [backup]  **** backup script started *****
2020-07-11 14:01:35,433 [INFO] [backup]  starting backup of 3 device(s)
2020-07-11 14:01:35,650 [INFO] [backup]  backup of m-cba-nsw-bellavista-sbc01 completed
2020-07-11 14:01:35,863 [INFO] [backup]  backup of m-cba-nsw-bellavista-sbc02 completed
2020-07-11 14:01:36,076 [INFO] [backup]  backup of m-cba-nsw-bellavista-sbc03 completed
2020-07-11 14:01:36,076 [INFO] [backup]  backed up 3 device(s) sucessfully. 0 device(s) failed
2020-07-11 14:01:36,076 [INFO] [backup]  **** backup script finished ****

2020-07-11 14:01:36,080 [INFO] [cleanup]  **** file cleanup starting ****
2020-07-11 14:01:36,417 [INFO] [cleanup]  sucessfully deleted 0 file(s)
2020-07-11 14:01:36,417 [INFO] [cleanup]  **** file cleanup finished ****

2020-07-11 14:02:10,873 [INFO] [backup]  **** backup script started *****
2020-07-11 14:02:10,877 [INFO] [backup]  starting backup of 3 device(s)
2020-07-11 14:02:11,091 [INFO] [backup]  backup of m-cba-nsw-bellavista-sbc01 completed
2020-07-11 14:02:11,308 [INFO] [backup]  backup of m-cba-nsw-bellavista-sbc02 completed
2020-07-11 14:02:11,517 [INFO] [backup]  backup of m-cba-nsw-bellavista-sbc03 completed
2020-07-11 14:02:11,517 [INFO] [backup]  backed up 3 device(s) sucessfully. 0 device(s) failed
2020-07-11 14:02:11,517 [INFO] [backup]  **** backup script finished ****

2020-07-11 14:02:11,517 [INFO] [cleanup]  **** file cleanup starting ****
2020-07-11 14:02:12,777 [INFO] [cleanup]  sucessfully deleted 4109 file(s)
2020-07-11 14:02:12,777 [INFO] [cleanup]  **** file cleanup finished ****

2020-07-11 14:02:19,335 [INFO] [backup]  **** backup script started *****
2020-07-11 14:02:19,335 [INFO] [backup]  starting backup of 3 device(s)
2020-07-11 14:02:19,559 [INFO] [backup]  backup of m-cba-nsw-bellavista-sbc01 completed
2020-07-11 14:02:19,783 [INFO] [backup]  backup of m-cba-nsw-bellavista-sbc02 completed
2020-07-11 14:02:20,000 [INFO] [backup]  backup of m-cba-nsw-bellavista-sbc03 completed
2020-07-11 14:02:20,004 [INFO] [backup]  backed up 3 device(s) sucessfully. 0 device(s) failed
2020-07-11 14:02:20,004 [INFO] [backup]  **** backup script finished ****

2020-07-11 14:02:20,004 [INFO] [cleanup]  **** file cleanup starting ****
2020-07-11 14:02:20,109 [INFO] [cleanup]  sucessfully deleted 2 file(s)
2020-07-11 14:02:20,109 [INFO] [cleanup]  **** file cleanup finished ****

