2020-07-05 22:25:41,053 [INFO] [<module>]  **** reports script started ****
2020-07-05 22:25:41,053 [INFO] [reports]  search for file(s) starting 
2020-07-05 22:25:46,679 [INFO] [reports]  found 398 file(s)
2020-07-05 22:25:46,679 [INFO] [reports]  Loading file(s) starting 
2020-07-05 22:25:50,184 [INFO] [reports]  Loaded 398 file(s) 
2020-07-05 22:25:50,184 [INFO] [reports]  processing data... this may take a while
2020-07-05 22:25:53,047 [INFO] [reports]  processing data complete. Operation took 2.8645 seconds
2020-07-05 22:25:53,047 [INFO] [reports]  Writing report to file - K:\REPORTS\m-cba-nsw-bellavista-sbc01_m-cba-nsw-bellavista-sbc02.csv
2020-07-05 22:25:53,067 [INFO] [reports]  Report writing completed
2020-07-05 22:25:53,071 [INFO] [reports]  search for file(s) starting 
2020-07-05 22:25:53,071 [INFO] [reports]  no files found matching the date range found for K:\HDR\m-cba-nsw-bellavista-sbc03\system
2020-07-05 22:25:53,071 [INFO] [reports]  search for file(s) starting 
2020-07-05 22:25:53,071 [INFO] [reports]  no files found matching the date range found for K:\HDR\m-cba-nsw-bellavista-sbc04\system
2020-07-05 22:25:53,071 [INFO] [reports]  search for file(s) starting 
2020-07-05 22:25:53,071 [INFO] [reports]  no files found matching the date range found for K:\HDR\m-cba-nsw-burwood-sbc01_m-cba-nsw-burwood-sbc02\system
2020-07-05 22:25:53,071 [INFO] [reports]  search for file(s) starting 
2020-07-05 22:25:53,071 [INFO] [reports]  no files found matching the date range found for K:\HDR\m-cba-nsw-burwood-sbc03\system
2020-07-05 22:25:53,071 [INFO] [reports]  search for file(s) starting 
2020-07-05 22:25:53,071 [INFO] [reports]  no files found matching the date range found for K:\HDR\m-cba-nsw-burwood-sbc04\system
2020-07-05 22:25:53,071 [INFO] [<module>]  **** report script finished ****

2020-07-11 16:06:48,122 [INFO] [<module>]  **** reports script started ****
2020-07-11 16:06:48,122 [INFO] [reports]  search for file(s) starting 
2020-07-11 16:06:55,183 [INFO] [reports]  found 398 file(s)
2020-07-11 16:06:55,183 [INFO] [reports]  Loading file(s) starting 
2020-07-11 16:06:58,703 [INFO] [reports]  Loaded 398 file(s) 
2020-07-11 16:06:58,703 [INFO] [reports]  processing data... this may take a while
2020-07-11 16:07:01,469 [INFO] [reports]  processing data complete. Operation took 2.7639 seconds
2020-07-11 16:07:01,469 [INFO] [reports]  Writing report to file - K:\REPORTS\m-cba-nsw-bellavista-sbc01_m-cba-nsw-bellavista-sbc02.csv
2020-07-11 16:07:01,485 [INFO] [reports]  Report writing completed
2020-07-11 16:07:01,489 [INFO] [cleanup]  **** file cleanup starting ****
2020-07-11 16:07:01,489 [INFO] [cleanup]  sucessfully deleted 0 file(s)
2020-07-11 16:07:01,489 [INFO] [cleanup]  **** file cleanup finished ****

2020-07-11 16:07:01,489 [ERROR] [<module>]  !!! Exception Occured !!!!
Traceback (most recent call last):
  File "C:\nora\reports.py", line 101, in <module>
    cleanup(DAYS_TO_KEEP_HDR,HDR_LOCAL_PATH,"REPORTS")
NameError: name 'DAYS_TO_KEEP_HDR' is not defined
2020-07-11 16:10:48,545 [INFO] [<module>]  **** reports script started ****
2020-07-11 16:10:48,545 [INFO] [reports]  search for file(s) starting 
2020-07-11 16:10:54,448 [INFO] [reports]  found 398 file(s)
2020-07-11 16:10:54,448 [INFO] [reports]  Loading file(s) starting 
2020-07-11 16:10:55,433 [INFO] [reports]  Loaded 398 file(s) 
2020-07-11 16:10:55,433 [INFO] [reports]  processing data... this may take a while
2020-07-11 16:10:55,570 [INFO] [reports]  processing data complete. Operation took 0.1368 seconds
2020-07-11 16:10:55,570 [INFO] [reports]  Writing report to file - K:\REPORTS\m-cba-nsw-bellavista-sbc01_m-cba-nsw-bellavista-sbc02.csv
2020-07-11 16:10:55,574 [INFO] [reports]  Report writing completed
2020-07-11 16:10:55,574 [INFO] [cleanup]  **** file cleanup starting ****
2020-07-11 16:10:55,574 [INFO] [cleanup]  sucessfully deleted 0 file(s)
2020-07-11 16:10:55,578 [INFO] [cleanup]  **** file cleanup finished ****

2020-07-11 16:10:55,578 [ERROR] [<module>]  !!! Exception Occured !!!!
Traceback (most recent call last):
  File "C:\nora\reports.py", line 101, in <module>
    cleanup(DAYS_TO_KEP_HDR,HDR_LOCAL_PATH,"REPORTS")
NameError: name 'DAYS_TO_KEP_HDR' is not defined
2020-07-11 16:12:46,024 [INFO] [<module>]  **** reports script started ****
2020-07-11 16:12:46,028 [INFO] [reports]  search for file(s) starting 
2020-07-11 16:12:46,028 [INFO] [reports]  no files found matching the date range found for L:\HDR\m-cba-nsw-bellavista-sbc01_m-cba-nsw-bellavista-sbc02\system
2020-07-11 16:12:46,028 [INFO] [cleanup]  **** file cleanup starting ****
2020-07-11 16:12:46,028 [INFO] [cleanup]  sucessfully deleted 0 file(s)
2020-07-11 16:12:46,028 [INFO] [cleanup]  **** file cleanup finished ****

2020-07-11 16:12:46,028 [INFO] [cleanup]  **** file cleanup starting ****
2020-07-11 16:12:46,028 [INFO] [cleanup]  sucessfully deleted 0 file(s)
2020-07-11 16:12:46,028 [INFO] [cleanup]  **** file cleanup finished ****

2020-07-11 16:12:46,028 [INFO] [reports]  search for file(s) starting 
2020-07-11 16:12:46,028 [INFO] [reports]  no files found matching the date range found for L:\HDR\m-cba-nsw-bellavista-sbc03\system
2020-07-11 16:12:46,028 [INFO] [cleanup]  **** file cleanup starting ****
2020-07-11 16:12:46,028 [INFO] [cleanup]  sucessfully deleted 0 file(s)
2020-07-11 16:12:46,028 [INFO] [cleanup]  **** file cleanup finished ****

2020-07-11 16:12:46,028 [INFO] [cleanup]  **** file cleanup starting ****
2020-07-11 16:12:46,028 [INFO] [cleanup]  sucessfully deleted 0 file(s)
2020-07-11 16:12:46,028 [INFO] [cleanup]  **** file cleanup finished ****

2020-07-11 16:12:46,028 [INFO] [reports]  search for file(s) starting 
2020-07-11 16:12:46,028 [INFO] [reports]  no files found matching the date range found for L:\HDR\m-cba-nsw-bellavista-sbc04\system
2020-07-11 16:12:46,028 [INFO] [cleanup]  **** file cleanup starting ****
2020-07-11 16:12:46,032 [INFO] [cleanup]  sucessfully deleted 0 file(s)
2020-07-11 16:12:46,032 [INFO] [cleanup]  **** file cleanup finished ****

2020-07-11 16:12:46,032 [INFO] [cleanup]  **** file cleanup starting ****
2020-07-11 16:12:46,032 [INFO] [cleanup]  sucessfully deleted 0 file(s)
2020-07-11 16:12:46,032 [INFO] [cleanup]  **** file cleanup finished ****

2020-07-11 16:12:46,032 [INFO] [reports]  search for file(s) starting 
2020-07-11 16:12:46,032 [INFO] [reports]  no files found matching the date range found for L:\HDR\m-cba-nsw-burwood-sbc01_m-cba-nsw-burwood-sbc02\system
2020-07-11 16:12:46,032 [INFO] [cleanup]  **** file cleanup starting ****
2020-07-11 16:12:46,032 [INFO] [cleanup]  sucessfully deleted 0 file(s)
2020-07-11 16:12:46,032 [INFO] [cleanup]  **** file cleanup finished ****

2020-07-11 16:12:46,032 [INFO] [cleanup]  **** file cleanup starting ****
2020-07-11 16:12:46,032 [INFO] [cleanup]  sucessfully deleted 0 file(s)
2020-07-11 16:12:46,032 [INFO] [cleanup]  **** file cleanup finished ****

2020-07-11 16:12:46,032 [INFO] [reports]  search for file(s) starting 
2020-07-11 16:12:46,032 [INFO] [reports]  no files found matching the date range found for L:\HDR\m-cba-nsw-burwood-sbc03\system
2020-07-11 16:12:46,032 [INFO] [cleanup]  **** file cleanup starting ****
2020-07-11 16:12:46,032 [INFO] [cleanup]  sucessfully deleted 0 file(s)
2020-07-11 16:12:46,032 [INFO] [cleanup]  **** file cleanup finished ****

2020-07-11 16:12:46,032 [INFO] [cleanup]  **** file cleanup starting ****
2020-07-11 16:12:46,032 [INFO] [cleanup]  sucessfully deleted 0 file(s)
2020-07-11 16:12:46,032 [INFO] [cleanup]  **** file cleanup finished ****

2020-07-11 16:12:46,032 [INFO] [reports]  search for file(s) starting 
2020-07-11 16:12:46,032 [INFO] [reports]  no files found matching the date range found for L:\HDR\m-cba-nsw-burwood-sbc04\system
2020-07-11 16:12:46,036 [INFO] [cleanup]  **** file cleanup starting ****
2020-07-11 16:12:46,036 [INFO] [cleanup]  sucessfully deleted 0 file(s)
2020-07-11 16:12:46,036 [INFO] [cleanup]  **** file cleanup finished ****

2020-07-11 16:12:46,036 [INFO] [cleanup]  **** file cleanup starting ****
2020-07-11 16:12:46,036 [INFO] [cleanup]  sucessfully deleted 0 file(s)
2020-07-11 16:12:46,036 [INFO] [cleanup]  **** file cleanup finished ****

2020-07-11 16:12:46,036 [INFO] [<module>]  **** report script finished ****

2020-07-11 16:20:41,191 [INFO] [<module>]  **** reports script started ****
2020-07-11 16:20:41,199 [INFO] [reports]  search for file(s) starting 
2020-07-11 16:20:47,069 [INFO] [reports]  found 398 file(s)
2020-07-11 16:20:47,073 [INFO] [reports]  Loading file(s) starting 
2020-07-11 16:20:48,052 [INFO] [reports]  Loaded 398 file(s) 
2020-07-11 16:20:48,056 [INFO] [reports]  processing data... this may take a while
2020-07-11 16:20:48,209 [INFO] [reports]  processing data complete. Operation took 0.1550 seconds
2020-07-11 16:20:48,213 [INFO] [reports]  Writing report to file - K:\REPORTS\m-cba-nsw-bellavista-sbc01_m-cba-nsw-bellavista-sbc02.csv
2020-07-11 16:20:48,225 [INFO] [reports]  Report writing completed
2020-07-11 16:20:48,229 [INFO] [cleanup]  **** file cleanup starting ****
2020-07-11 16:20:48,233 [INFO] [cleanup]  sucessfully deleted 0 file(s)
2020-07-11 16:20:48,237 [INFO] [cleanup]  **** file cleanup finished ****

2020-07-11 16:20:48,241 [INFO] [cleanup]  **** file cleanup starting ****
2020-07-11 16:31:10,118 [INFO] [cleanup]  sucessfully deleted 0 file(s)
2020-07-11 16:31:10,174 [INFO] [cleanup]  **** file cleanup finished ****

2020-07-11 16:31:10,178 [INFO] [reports]  search for file(s) starting 
2020-07-11 16:31:10,178 [INFO] [reports]  no files found matching the date range found for K:\HDR\m-cba-nsw-bellavista-sbc03\system
2020-07-11 16:31:10,182 [INFO] [cleanup]  **** file cleanup starting ****
2020-07-11 16:31:10,186 [INFO] [cleanup]  sucessfully deleted 0 file(s)
2020-07-11 16:31:10,190 [INFO] [cleanup]  **** file cleanup finished ****

2020-07-11 16:31:10,194 [INFO] [cleanup]  **** file cleanup starting ****
2020-07-11 16:33:34,391 [INFO] [<module>]  **** reports script started ****
2020-07-11 16:33:34,395 [INFO] [reports]  search for file(s) starting 
2020-07-11 16:33:40,000 [INFO] [reports]  found 398 file(s)
2020-07-11 16:33:40,052 [INFO] [reports]  Loading file(s) starting 
2020-07-11 16:33:41,041 [INFO] [reports]  Loaded 398 file(s) 
2020-07-11 16:33:41,045 [INFO] [reports]  processing data... this may take a while
2020-07-11 16:33:43,441 [INFO] [reports]  processing data complete.operation took 2.3948 seconds
2020-07-11 16:33:43,457 [INFO] [reports]  Writing report to file - K:\REPORTS\m-cba-nsw-bellavista-sbc01_m-cba-nsw-bellavista-sbc02.csv
2020-07-11 16:33:43,469 [INFO] [reports]  report writing completed

2020-07-11 16:33:43,473 [INFO] [cleanup]  **** file cleanup starting ****
2020-07-11 16:33:43,481 [INFO] [cleanup]  sucessfully deleted 0 file(s),
2020-07-11 16:33:43,481 [ERROR] [<module>]  !!! Exception Occured !!!!
Traceback (most recent call last):
  File "C:\nora\reports.py", line 98, in <module>
    cleanup(DAYS_TO_KEEP_REPORTS,REPORT_LOCAL_FILE_PATH,"REPORTS")
  File "C:\nora\common.py", line 47, in cleanup
    logger.info(f"cleanup took {toc-tic:0.4f} seconds")
NameError: name 'toc' is not defined
2020-07-11 16:34:23,481 [INFO] [<module>]  **** reports script started ****
2020-07-11 16:34:23,485 [INFO] [reports]  search for file(s) starting 
2020-07-11 16:34:29,204 [INFO] [reports]  found 398 file(s)
2020-07-11 16:34:29,240 [INFO] [reports]  Loading file(s) starting 
2020-07-11 16:34:30,254 [INFO] [reports]  Loaded 398 file(s) 
2020-07-11 16:34:30,290 [INFO] [reports]  processing data... this may take a while
2020-07-11 16:34:31,533 [INFO] [reports]  processing data complete.operation took 1.2416 seconds
2020-07-11 16:34:31,545 [INFO] [reports]  Writing report to file - K:\REPORTS\m-cba-nsw-bellavista-sbc01_m-cba-nsw-bellavista-sbc02.csv
2020-07-11 16:34:31,561 [INFO] [reports]  report writing completed

2020-07-11 16:34:31,565 [INFO] [cleanup]  **** file cleanup starting ****
2020-07-11 16:34:31,569 [INFO] [cleanup]  sucessfully deleted 0 file(s),
2020-07-11 16:34:31,573 [INFO] [cleanup]  cleanup took 0.0002 seconds
2020-07-11 16:34:31,577 [INFO] [cleanup]  **** file cleanup finished ****

2020-07-11 16:34:31,581 [INFO] [cleanup]  **** file cleanup starting ****
2020-07-11 16:37:45,020 [INFO] [<module>]  **** reports script started ****
2020-07-11 16:37:45,024 [INFO] [reports]  search for file(s) starting 
2020-07-11 16:37:51,493 [INFO] [reports]  found 398 file(s)
2020-07-11 16:37:51,526 [INFO] [reports]  Loading file(s) starting 
2020-07-11 16:37:52,527 [INFO] [reports]  Loaded 398 file(s) 
2020-07-11 16:37:52,575 [INFO] [reports]  processing data... this may take a while
2020-07-11 16:37:52,720 [INFO] [reports]  processing data complete.operation took 0.1413 seconds
2020-07-11 16:37:52,724 [INFO] [reports]  Writing report to file - K:\REPORTS\m-cba-nsw-bellavista-sbc01_m-cba-nsw-bellavista-sbc02.csv
2020-07-11 16:37:52,732 [INFO] [reports]  report writing completed

2020-07-11 16:37:52,736 [INFO] [cleanup]  **** Reports file cleanup starting ****
2020-07-11 16:37:52,744 [INFO] [cleanup]  sucessfully deleted 0 file(s),
2020-07-11 16:37:52,748 [INFO] [cleanup]  cleanup took 0.0048 seconds
2020-07-11 16:37:52,752 [INFO] [cleanup]  **** Reports file cleanup finished ****

2020-07-11 16:37:52,760 [INFO] [cleanup]  **** HDR file cleanup starting ****
2020-07-11 17:03:28,607 [INFO] [<module>]  **** reports script started ****
2020-07-11 17:03:28,607 [INFO] [reports]  search for file(s) starting 
2020-07-11 17:03:35,174 [INFO] [reports]  found 398 file(s)
2020-07-11 17:03:35,174 [INFO] [reports]  loading file(s) starting 
2020-07-11 17:03:36,214 [INFO] [reports]  loaded 398 file(s) 
2020-07-11 17:03:36,214 [INFO] [reports]  processing data... this may take a while
2020-07-11 17:03:38,852 [INFO] [reports]  processing data complete.operation took 2.6384 seconds
2020-07-11 17:03:38,852 [INFO] [reports]  writing report to file - K:\REPORTS\m-cba-nsw-bellavista-sbc01_m-cba-nsw-bellavista-sbc02.csv
2020-07-11 17:03:38,860 [INFO] [reports]  report writing completed

2020-07-11 17:03:38,864 [ERROR] [<module>]  !!! Exception Occured !!!!
Traceback (most recent call last):
  File "C:\nora\reports.py", line 98, in <module>
    cleanup(DAYS_TO_KEEP_REPORTS,REPORT_OCAL_FILE_PATH,"REPORTS","Reports")
NameError: name 'REPORT_OCAL_FILE_PATH' is not defined
2020-07-11 17:04:39,248 [INFO] [<module>]  **** reports script started ****
2020-07-11 17:04:39,252 [INFO] [reports]  search for file(s) starting 
2020-07-11 17:04:44,964 [INFO] [reports]  found 398 file(s)
2020-07-11 17:04:45,016 [INFO] [reports]  loading file(s) starting 
2020-07-11 17:04:46,034 [INFO] [reports]  loaded 398 file(s) 
2020-07-11 17:04:46,062 [INFO] [reports]  processing data... this may take a while
2020-07-11 17:04:46,199 [INFO] [reports]  processing data complete.operation took 0.1373 seconds
2020-07-11 17:04:46,203 [INFO] [reports]  writing report to file - K:\REPORTS\m-cba-nsw-bellavista-sbc01_m-cba-nsw-bellavista-sbc02.csv
2020-07-11 17:04:46,207 [INFO] [reports]  report writing completed

2020-07-11 17:04:46,211 [ERROR] [<module>]  !!! Exception Occured !!!!
Traceback (most recent call last):
  File "C:\nora\reports.py", line 99, in <module>
    cleanup(DAYS_TO_KEEP_REPORTS,REPORT_OCAL_FILE_PATH,"REPORTS","Reports")
NameError: name 'REPORT_OCAL_FILE_PATH' is not defined
2020-07-11 17:08:24,692 [INFO] [<module>]  **** reports script started ****
2020-07-11 17:08:24,696 [INFO] [reports]  search for file(s) starting 
2020-07-11 17:08:30,517 [INFO] [reports]  found 398 file(s)
2020-07-11 17:08:30,557 [INFO] [reports]  loading file(s) starting 
2020-07-11 17:08:31,571 [INFO] [reports]  loaded 398 file(s) 
2020-07-11 17:08:31,603 [INFO] [reports]  processing data... this may take a while
2020-07-11 17:08:31,748 [INFO] [reports]  processing data complete.operation took 0.1452 seconds
2020-07-11 17:08:31,752 [INFO] [reports]  writing report to file - K:\REPORTS\m-cba-nsw-bellavista-sbc01_m-cba-nsw-bellavista-sbc02.csv
2020-07-11 17:08:31,756 [INFO] [reports]  report writing completed

2020-07-11 17:08:31,760 [ERROR] [<module>]  !!! Exception Occured !!!!
Traceback (most recent call last):
  File "C:\nora\reports.py", line 99, in <module>
    cleanup(DAYS_TO_KEEP_REPORTS,REPORT_OCAL_FILE_PATH,"REPORTS","Reports")
NameError: name 'REPORT_OCAL_FILE_PATH' is not defined
2020-07-11 17:09:21,901 [INFO] [<module>]  **** reports script started ****
2020-07-11 17:09:21,905 [INFO] [reports]  search for file(s) starting 
2020-07-11 17:09:27,662 [INFO] [reports]  found 398 file(s)
2020-07-11 17:09:27,662 [INFO] [reports]  loading file(s) starting 
2020-07-11 17:09:28,655 [INFO] [reports]  loaded 398 file(s) 
2020-07-11 17:09:28,655 [INFO] [reports]  processing data... this may take a while
2020-07-11 17:09:28,796 [INFO] [reports]  processing data complete.operation took 0.1382 seconds
2020-07-11 17:09:28,796 [INFO] [reports]  writing report to file - K:\REPORTS\m-cba-nsw-bellavista-sbc01_m-cba-nsw-bellavista-sbc02.csv
2020-07-11 17:09:28,804 [INFO] [reports]  report writing completed

2020-07-11 17:09:28,808 [INFO] [cleanup]  **** Reports file cleanup starting ****
2020-07-11 17:09:28,808 [INFO] [cleanup]  sucessfully deleted 0 file(s),
2020-07-11 17:09:28,808 [INFO] [cleanup]  cleanup took 0.0000 seconds
2020-07-11 17:09:28,812 [INFO] [cleanup]  **** Reports file cleanup finished ****

2020-07-11 17:09:28,812 [INFO] [cleanup]  **** HDR file cleanup starting ****
2020-07-11 17:22:37,940 [INFO] [<module>]  **** reports script started ****
2020-07-11 17:22:37,956 [INFO] [reports]  search for file(s) starting 
2020-07-11 17:22:42,448 [ERROR] [<module>]  !!! Exception Occured !!!!
Traceback (most recent call last):
  File "C:\nora\reports.py", line 37, in reports
    stat = os.stat(full_path)
KeyboardInterrupt

During handling of the above exception, another exception occurred:

Traceback (most recent call last):
  File "C:\nora\reports.py", line 97, in <module>
    reports(first_day,last_day,HDR_LOCAL_PATH+f"{name}\system",REPORT_LOCAL_FILE_PATH+f"{name}.csv")
  File "C:\nora\reports.py", line 41, in reports
    except Exceptionn:
NameError: name 'Exceptionn' is not defined
2020-07-11 17:26:00,139 [INFO] [<module>]  **** reports script started ****
2020-07-11 17:26:00,143 [INFO] [reports]  search for file(s) starting 
2020-07-11 17:26:05,918 [INFO] [reports]  found 398 file(s)
2020-07-11 17:26:05,918 [INFO] [reports]  loading file(s) starting 
2020-07-11 17:26:06,899 [INFO] [reports]  loaded 398 file(s) 
2020-07-11 17:26:06,903 [INFO] [reports]  processing data... this may take a while
2020-07-11 17:26:07,039 [INFO] [reports]  processing data complete.operation took 0.1373 seconds
2020-07-11 17:26:07,043 [INFO] [reports]  writing report to file - K:\REPORTS\m-cba-nsw-bellavista-sbc01_m-cba-nsw-bellavista-sbc02.csv
2020-07-11 17:26:07,055 [INFO] [reports]  report writing completed

2020-07-11 17:26:07,059 [INFO] [reports]  search for file(s) starting 
2020-07-11 17:26:07,059 [INFO] [reports]  no files found matching the date range found for K:\HDR\m-cba-nsw-bellavista-sbc03\system
2020-07-11 17:26:07,059 [INFO] [reports]  search for file(s) starting 
2020-07-11 17:26:07,063 [INFO] [reports]  no files found matching the date range found for K:\HDR\m-cba-nsw-bellavista-sbc04\system
2020-07-11 17:26:07,063 [INFO] [reports]  search for file(s) starting 
2020-07-11 17:26:07,067 [INFO] [reports]  no files found matching the date range found for K:\HDR\m-cba-nsw-burwood-sbc01_m-cba-nsw-burwood-sbc02\system
2020-07-11 17:26:07,067 [INFO] [reports]  search for file(s) starting 
2020-07-11 17:26:07,067 [INFO] [reports]  no files found matching the date range found for K:\HDR\m-cba-nsw-burwood-sbc03\system
2020-07-11 17:26:07,071 [INFO] [reports]  search for file(s) starting 
2020-07-11 17:26:07,071 [INFO] [reports]  no files found matching the date range found for K:\HDR\m-cba-nsw-burwood-sbc04\system
2020-07-11 17:26:07,071 [INFO] [cleanup]  **** Reports file cleanup starting ****
2020-07-11 17:26:07,075 [INFO] [cleanup]  sucessfully deleted 0 file(s),
2020-07-11 17:26:07,075 [INFO] [cleanup]  cleanup took 0.0003 seconds
2020-07-11 17:26:07,079 [INFO] [cleanup]  **** Reports file cleanup finished ****

2020-07-11 17:26:07,083 [INFO] [cleanup]  **** HDR file cleanup starting ****
2020-07-11 17:33:27,274 [INFO] [main]  **** reports script started ****
2020-07-11 17:33:27,278 [INFO] [reports]  search for file(s) starting 
2020-07-11 17:33:32,939 [INFO] [reports]  found 398 file(s)
2020-07-11 17:33:32,943 [INFO] [reports]  loading file(s) starting 
2020-07-11 17:33:33,936 [INFO] [reports]  loaded 398 file(s) 
2020-07-11 17:33:33,992 [INFO] [reports]  processing data... this may take a while
2020-07-11 17:33:34,140 [INFO] [reports]  processing data complete.operation took 0.1493 seconds
2020-07-11 17:33:34,144 [INFO] [reports]  writing report to file - K:\REPORTS\m-cba-nsw-bellavista-sbc01_m-cba-nsw-bellavista-sbc02.csv
2020-07-11 17:33:34,152 [INFO] [reports]  report writing completed

2020-07-11 17:33:34,156 [INFO] [reports]  search for file(s) starting 
2020-07-11 17:33:34,160 [INFO] [reports]  no files found matching the date range found for K:\HDR\m-cba-nsw-bellavista-sbc03\system
2020-07-11 17:33:34,164 [INFO] [reports]  search for file(s) starting 
2020-07-11 17:33:34,168 [INFO] [reports]  no files found matching the date range found for K:\HDR\m-cba-nsw-bellavista-sbc04\system
2020-07-11 17:33:34,176 [INFO] [reports]  search for file(s) starting 
2020-07-11 17:33:34,180 [INFO] [reports]  no files found matching the date range found for K:\HDR\m-cba-nsw-burwood-sbc01_m-cba-nsw-burwood-sbc02\system
2020-07-11 17:33:34,184 [INFO] [reports]  search for file(s) starting 
2020-07-11 17:33:34,188 [INFO] [reports]  no files found matching the date range found for K:\HDR\m-cba-nsw-burwood-sbc03\system
2020-07-11 17:33:34,192 [INFO] [reports]  search for file(s) starting 
2020-07-11 17:33:34,196 [INFO] [reports]  no files found matching the date range found for K:\HDR\m-cba-nsw-burwood-sbc04\system
2020-07-11 17:33:34,202 [INFO] [cleanup]  **** Reports file cleanup starting ****
2020-07-11 17:33:34,210 [INFO] [cleanup]  sucessfully deleted 0 file(s),
2020-07-11 17:33:34,214 [INFO] [cleanup]  cleanup took 0.0003 seconds
2020-07-11 17:33:34,218 [INFO] [cleanup]  **** Reports file cleanup finished ****

2020-07-11 17:33:34,222 [INFO] [cleanup]  **** HDR file cleanup starting ****
2020-07-11 17:36:17,117 [INFO] [main]  **** reports script started ****
2020-07-11 17:36:17,133 [INFO] [reports]  search for file(s) between 2020-07-01 00:00:00 - 2020-07-31 00:00:00
2020-07-11 17:36:22,872 [INFO] [reports]  found 398 file(s)
2020-07-11 17:36:22,892 [INFO] [reports]  loading file(s) starting 
2020-07-11 17:36:23,907 [INFO] [reports]  loaded 398 file(s) 
2020-07-11 17:36:23,948 [INFO] [reports]  processing data... this may take a while
2020-07-11 17:36:26,339 [INFO] [reports]  processing data complete.operation took 2.3922 seconds
2020-07-11 17:36:26,355 [INFO] [reports]  writing report to file - K:\REPORTS\m-cba-nsw-bellavista-sbc01_m-cba-nsw-bellavista-sbc02.csv
2020-07-11 17:36:26,367 [INFO] [reports]  report writing completed

2020-07-11 17:36:26,375 [INFO] [reports]  search for file(s) between 2020-07-01 00:00:00 - 2020-07-31 00:00:00
2020-07-11 17:36:26,379 [INFO] [reports]  no files found matching the date range found for K:\HDR\m-cba-nsw-bellavista-sbc03\system
2020-07-11 17:36:26,383 [INFO] [reports]  search for file(s) between 2020-07-01 00:00:00 - 2020-07-31 00:00:00
2020-07-11 17:36:26,387 [INFO] [reports]  no files found matching the date range found for K:\HDR\m-cba-nsw-bellavista-sbc04\system
2020-07-11 17:36:26,391 [INFO] [reports]  search for file(s) between 2020-07-01 00:00:00 - 2020-07-31 00:00:00
2020-07-11 17:36:26,395 [INFO] [reports]  no files found matching the date range found for K:\HDR\m-cba-nsw-burwood-sbc01_m-cba-nsw-burwood-sbc02\system
2020-07-11 17:36:26,399 [INFO] [reports]  search for file(s) between 2020-07-01 00:00:00 - 2020-07-31 00:00:00
2020-07-11 17:36:26,403 [INFO] [reports]  no files found matching the date range found for K:\HDR\m-cba-nsw-burwood-sbc03\system
2020-07-11 17:36:26,407 [INFO] [reports]  search for file(s) between 2020-07-01 00:00:00 - 2020-07-31 00:00:00
2020-07-11 17:36:26,411 [INFO] [reports]  no files found matching the date range found for K:\HDR\m-cba-nsw-burwood-sbc04\system
2020-07-11 17:36:26,415 [INFO] [cleanup]  **** Reports file cleanup starting ****
2020-07-11 17:36:26,419 [INFO] [cleanup]  sucessfully deleted 0 file(s),
2020-07-11 17:36:26,423 [INFO] [cleanup]  cleanup took 0.0003 seconds
2020-07-11 17:36:26,427 [INFO] [cleanup]  **** Reports file cleanup finished ****

2020-07-11 17:36:26,435 [INFO] [cleanup]  **** HDR file cleanup starting ****
2020-07-11 17:37:31,353 [INFO] [main]  **** reports script started ****
2020-07-11 17:37:31,406 [INFO] [reports]  search for file(s) between 2020-07-01 00:00:00 - 2020-07-31 00:00:00
2020-07-11 17:37:37,097 [INFO] [reports]  found 398 file(s)
2020-07-11 17:37:37,121 [INFO] [reports]  loading file(s) starting 
2020-07-11 17:37:38,141 [INFO] [reports]  loaded 398 file(s) 
2020-07-11 17:37:38,158 [INFO] [reports]  processing data... this may take a while
2020-07-11 17:37:38,294 [INFO] [reports]  processing data complete.operation took 0.1383 seconds
2020-07-11 17:37:38,298 [INFO] [reports]  writing report to file - K:\REPORTS\m-cba-nsw-bellavista-sbc01_m-cba-nsw-bellavista-sbc02.csv
2020-07-11 17:37:38,302 [INFO] [reports]  report writing completed

2020-07-11 17:37:38,306 [INFO] [reports]  search for file(s) between 2020-07-01 00:00:00 - 2020-07-31 00:00:00
2020-07-11 17:37:38,484 [INFO] [reports]  search for file(s) between 2020-07-01 00:00:00 - 2020-07-31 00:00:00
2020-07-11 17:37:38,635 [INFO] [reports]  search for file(s) between 2020-07-01 00:00:00 - 2020-07-31 00:00:00
2020-07-11 17:37:38,806 [INFO] [reports]  search for file(s) between 2020-07-01 00:00:00 - 2020-07-31 00:00:00
2020-07-11 17:37:38,969 [INFO] [reports]  search for file(s) between 2020-07-01 00:00:00 - 2020-07-31 00:00:00
2020-07-11 17:37:39,124 [INFO] [cleanup]  **** Reports file cleanup starting ****
2020-07-11 17:37:39,128 [INFO] [cleanup]  sucessfully deleted 0 file(s),
2020-07-11 17:37:39,132 [INFO] [cleanup]  cleanup took 0.0003 seconds
2020-07-11 17:37:39,136 [INFO] [cleanup]  **** Reports file cleanup finished ****

2020-07-11 17:37:39,140 [INFO] [cleanup]  **** HDR file cleanup starting ****
2020-07-11 17:38:32,922 [INFO] [main]  **** reports script started ****
2020-07-11 17:38:32,930 [INFO] [reports]  search for file(s) between 2020-07-01 00:00:00 - 2020-07-31 00:00:00
2020-07-11 17:38:38,650 [INFO] [reports]  found 398 file(s)
2020-07-11 17:38:38,694 [INFO] [reports]  loading file(s) starting 
2020-07-11 17:38:39,703 [INFO] [reports]  loaded 398 file(s) 
2020-07-11 17:38:39,744 [INFO] [reports]  processing data... this may take a while
2020-07-11 17:38:41,214 [INFO] [reports]  processing data complete.operation took 1.4701 seconds
2020-07-11 17:38:41,218 [INFO] [reports]  writing report to file - K:\REPORTS\m-cba-nsw-bellavista-sbc01_m-cba-nsw-bellavista-sbc02.csv
2020-07-11 17:38:41,234 [INFO] [reports]  report writing completed

2020-07-11 17:38:41,238 [INFO] [reports]  search for file(s) between 2020-07-01 00:00:00 - 2020-07-31 00:00:00
2020-07-11 17:38:41,242 [INFO] [reports]  no files found matching the date range found for K:\HDR\m-cba-nsw-bellavista-sbc03\system 

2020-07-11 17:38:41,247 [INFO] [reports]  search for file(s) between 2020-07-01 00:00:00 - 2020-07-31 00:00:00
2020-07-11 17:38:41,251 [INFO] [reports]  no files found matching the date range found for K:\HDR\m-cba-nsw-bellavista-sbc04\system 

2020-07-11 17:38:41,255 [INFO] [reports]  search for file(s) between 2020-07-01 00:00:00 - 2020-07-31 00:00:00
2020-07-11 17:38:41,259 [INFO] [reports]  no files found matching the date range found for K:\HDR\m-cba-nsw-burwood-sbc01_m-cba-nsw-burwood-sbc02\system 

2020-07-11 17:38:41,263 [INFO] [reports]  search for file(s) between 2020-07-01 00:00:00 - 2020-07-31 00:00:00
2020-07-11 17:38:41,271 [INFO] [reports]  no files found matching the date range found for K:\HDR\m-cba-nsw-burwood-sbc03\system 

2020-07-11 17:38:41,275 [INFO] [reports]  search for file(s) between 2020-07-01 00:00:00 - 2020-07-31 00:00:00
2020-07-11 17:38:41,279 [INFO] [reports]  no files found matching the date range found for K:\HDR\m-cba-nsw-burwood-sbc04\system 

2020-07-11 17:38:41,283 [INFO] [cleanup]  **** Reports file cleanup starting ****
2020-07-11 17:38:41,287 [INFO] [cleanup]  sucessfully deleted 0 file(s),
2020-07-11 17:38:41,291 [INFO] [cleanup]  cleanup took 0.0003 seconds
2020-07-11 17:38:41,295 [INFO] [cleanup]  **** Reports file cleanup finished ****

2020-07-11 17:38:41,299 [INFO] [cleanup]  **** HDR file cleanup starting ****
2020-07-11 17:40:03,131 [INFO] [main]  **** reports script started ****
2020-07-11 17:40:03,135 [INFO] [reports]  search for file(s) between 2020-07-01 00:00:00 - 2020-07-31 00:00:00 for K:\HDR\m-cba-nsw-bellavista-sbc01_m-cba-nsw-bellavista-sbc02\system
2020-07-11 17:40:11,469 [INFO] [reports]  found 398 file(s)
2020-07-11 17:40:11,498 [INFO] [reports]  loading file(s) starting 
2020-07-11 17:40:12,503 [INFO] [reports]  loaded 398 file(s) 
2020-07-11 17:40:12,543 [INFO] [reports]  processing data... this may take a while
2020-07-11 17:40:12,684 [INFO] [reports]  processing data complete.operation took 0.1430 seconds
2020-07-11 17:40:12,688 [INFO] [reports]  writing report to file - K:\REPORTS\m-cba-nsw-bellavista-sbc01_m-cba-nsw-bellavista-sbc02.csv
2020-07-11 17:40:12,692 [INFO] [reports]  report writing completed

2020-07-11 17:40:12,696 [INFO] [reports]  search for file(s) between 2020-07-01 00:00:00 - 2020-07-31 00:00:00 for K:\HDR\m-cba-nsw-bellavista-sbc03\system
2020-07-11 17:40:12,700 [INFO] [reports]  no files found matching the date range found for K:\HDR\m-cba-nsw-bellavista-sbc03\system 

2020-07-11 17:40:12,700 [INFO] [reports]  search for file(s) between 2020-07-01 00:00:00 - 2020-07-31 00:00:00 for K:\HDR\m-cba-nsw-bellavista-sbc04\system
2020-07-11 17:40:12,704 [INFO] [reports]  no files found matching the date range found for K:\HDR\m-cba-nsw-bellavista-sbc04\system 

2020-07-11 17:40:12,704 [INFO] [reports]  search for file(s) between 2020-07-01 00:00:00 - 2020-07-31 00:00:00 for K:\HDR\m-cba-nsw-burwood-sbc01_m-cba-nsw-burwood-sbc02\system
2020-07-11 17:40:12,708 [INFO] [reports]  no files found matching the date range found for K:\HDR\m-cba-nsw-burwood-sbc01_m-cba-nsw-burwood-sbc02\system 

2020-07-11 17:40:12,708 [INFO] [reports]  search for file(s) between 2020-07-01 00:00:00 - 2020-07-31 00:00:00 for K:\HDR\m-cba-nsw-burwood-sbc03\system
2020-07-11 17:40:12,708 [INFO] [reports]  no files found matching the date range found for K:\HDR\m-cba-nsw-burwood-sbc03\system 

2020-07-11 17:40:12,712 [INFO] [reports]  search for file(s) between 2020-07-01 00:00:00 - 2020-07-31 00:00:00 for K:\HDR\m-cba-nsw-burwood-sbc04\system
2020-07-11 17:40:12,712 [INFO] [reports]  no files found matching the date range found for K:\HDR\m-cba-nsw-burwood-sbc04\system 

2020-07-11 17:40:12,716 [INFO] [cleanup]  **** Reports file cleanup starting ****
2020-07-11 17:40:12,716 [INFO] [cleanup]  sucessfully deleted 0 file(s),
2020-07-11 17:40:12,721 [INFO] [cleanup]  cleanup took 0.0002 seconds
2020-07-11 17:40:12,725 [INFO] [cleanup]  **** Reports file cleanup finished ****

2020-07-11 17:40:12,725 [INFO] [cleanup]  **** HDR file cleanup starting ****
2020-07-11 17:43:14,121 [INFO] [main]  **** reports script started ****
2020-07-11 17:43:14,121 [INFO] [reports]  search for file(s) between 2020-07-01 00:00:00 - 2020-07-31 00:00:00 for K:\HDR\m-cba-nsw-bellavista-sbc01_m-cba-nsw-bellavista-sbc02\system
2020-07-11 17:43:19,903 [INFO] [reports]  found 398 file(s)
2020-07-11 17:43:19,907 [INFO] [reports]  loading file(s) starting 
2020-07-11 17:43:20,904 [INFO] [reports]  loaded 398 file(s) 
2020-07-11 17:43:20,904 [INFO] [reports]  processing data... this may take a while
2020-07-11 17:43:22,622 [INFO] [reports]  processing data complete.operation took 1.7184 seconds
2020-07-11 17:43:22,622 [INFO] [reports]  writing report to file - K:\REPORTS\m-cba-nsw-bellavista-sbc01_m-cba-nsw-bellavista-sbc02.csv
2020-07-11 17:43:22,630 [INFO] [reports]  report writing completed

2020-07-11 17:43:22,630 [INFO] [reports]  search for file(s) between 2020-07-01 00:00:00 - 2020-07-31 00:00:00 for K:\HDR\m-cba-nsw-bellavista-sbc03\system
2020-07-11 17:43:22,630 [INFO] [reports]  no files found matching the date range found for K:\HDR\m-cba-nsw-bellavista-sbc03\system 

2020-07-11 17:43:22,634 [INFO] [reports]  search for file(s) between 2020-07-01 00:00:00 - 2020-07-31 00:00:00 for K:\HDR\m-cba-nsw-bellavista-sbc04\system
2020-07-11 17:43:22,634 [INFO] [reports]  no files found matching the date range found for K:\HDR\m-cba-nsw-bellavista-sbc04\system 

2020-07-11 17:43:22,634 [INFO] [reports]  search for file(s) between 2020-07-01 00:00:00 - 2020-07-31 00:00:00 for K:\HDR\m-cba-nsw-burwood-sbc01_m-cba-nsw-burwood-sbc02\system
2020-07-11 17:43:22,634 [INFO] [reports]  no files found matching the date range found for K:\HDR\m-cba-nsw-burwood-sbc01_m-cba-nsw-burwood-sbc02\system 

2020-07-11 17:43:22,634 [INFO] [reports]  search for file(s) between 2020-07-01 00:00:00 - 2020-07-31 00:00:00 for K:\HDR\m-cba-nsw-burwood-sbc03\system
2020-07-11 17:43:22,634 [INFO] [reports]  no files found matching the date range found for K:\HDR\m-cba-nsw-burwood-sbc03\system 

2020-07-11 17:43:22,638 [INFO] [reports]  search for file(s) between 2020-07-01 00:00:00 - 2020-07-31 00:00:00 for K:\HDR\m-cba-nsw-burwood-sbc04\system
2020-07-11 17:43:22,638 [INFO] [reports]  no files found matching the date range found for K:\HDR\m-cba-nsw-burwood-sbc04\system 

2020-07-11 17:43:22,642 [INFO] [cleanup]  **** Reports file cleanup starting ****
2020-07-11 17:43:22,642 [INFO] [cleanup]  sucessfully deleted 0 file(s),
2020-07-11 17:43:22,642 [INFO] [cleanup]  cleanup took 0.0002 seconds
2020-07-11 17:43:22,642 [INFO] [cleanup]  **** Reports file cleanup finished ****

2020-07-11 17:43:22,642 [INFO] [cleanup]  **** HDR file cleanup starting ****
2020-07-11 17:43:40,133 [INFO] [main]  **** reports script started ****
2020-07-11 17:43:40,137 [INFO] [reports]  search for file(s) between 2020-07-01 00:00:00 - 2020-07-31 00:00:00 for K:\HDR\m-cba-nsw-bellavista-sbc01_m-cba-nsw-bellavista-sbc02\system
2020-07-11 17:43:44,427 [ERROR] [main]  !!! Exception Occured !!!!
Traceback (most recent call last):
  File "reports.py", line 37, in reports
    stat = os.stat(full_path)
KeyboardInterrupt

During handling of the above exception, another exception occurred:

Traceback (most recent call last):
  File "reports.py", line 99, in main
    reports(first_day,last_day,HDR_LOCAL_PATH+f"{name}\system",REPORT_LOCAL_FILE_PATH+f"{name}.csv")
  File "reports.py", line 41, in reports
    except Exceptionn:
NameError: name 'Exceptionn' is not defined
2020-07-11 18:42:26,643 [INFO] [main]  **** reports script started ****
2020-07-11 18:42:26,643 [INFO] [reports]  search for file(s) between 2020-07-01 00:00:00 - 2020-07-31 00:00:00 for K:\HDR\m-cba-nsw-bellavista-sbc01_m-cba-nsw-bellavista-sbc02\system
2020-07-11 18:42:32,427 [INFO] [reports]  found 398 file(s)
2020-07-11 18:42:32,435 [INFO] [reports]  loading file(s) starting 
2020-07-11 18:42:33,437 [INFO] [reports]  loaded 398 file(s) 
2020-07-11 18:42:33,489 [INFO] [reports]  processing data... this may take a while
2020-07-11 18:42:36,300 [INFO] [reports]  processing data complete.operation took 2.8120 seconds
2020-07-11 18:42:36,324 [INFO] [reports]  writing report to file - K:\REPORTS\m-cba-nsw-bellavista-sbc01_m-cba-nsw-bellavista-sbc02.csv
2020-07-11 18:42:36,340 [INFO] [reports]  report writing completed

2020-07-11 18:42:36,348 [INFO] [reports]  search for file(s) between 2020-07-01 00:00:00 - 2020-07-31 00:00:00 for K:\HDR\m-cba-nsw-bellavista-sbc03\system
2020-07-11 18:42:36,356 [INFO] [reports]  no files found matching the date range found for K:\HDR\m-cba-nsw-bellavista-sbc03\system 

2020-07-11 18:42:36,366 [INFO] [reports]  search for file(s) between 2020-07-01 00:00:00 - 2020-07-31 00:00:00 for K:\HDR\m-cba-nsw-bellavista-sbc04\system
2020-07-11 18:42:36,370 [INFO] [reports]  no files found matching the date range found for K:\HDR\m-cba-nsw-bellavista-sbc04\system 

2020-07-11 18:42:36,382 [INFO] [reports]  search for file(s) between 2020-07-01 00:00:00 - 2020-07-31 00:00:00 for K:\HDR\m-cba-nsw-burwood-sbc01_m-cba-nsw-burwood-sbc02\system
2020-07-11 18:42:36,386 [INFO] [reports]  no files found matching the date range found for K:\HDR\m-cba-nsw-burwood-sbc01_m-cba-nsw-burwood-sbc02\system 

2020-07-11 18:42:36,394 [INFO] [reports]  search for file(s) between 2020-07-01 00:00:00 - 2020-07-31 00:00:00 for K:\HDR\m-cba-nsw-burwood-sbc03\system
2020-07-11 18:42:36,398 [INFO] [reports]  no files found matching the date range found for K:\HDR\m-cba-nsw-burwood-sbc03\system 

2020-07-11 18:42:36,406 [INFO] [reports]  search for file(s) between 2020-07-01 00:00:00 - 2020-07-31 00:00:00 for K:\HDR\m-cba-nsw-burwood-sbc04\system
2020-07-11 18:42:36,415 [INFO] [reports]  no files found matching the date range found for K:\HDR\m-cba-nsw-burwood-sbc04\system 

2020-07-11 18:42:36,419 [INFO] [cleanup]  **** Reports file cleanup starting ****
2020-07-11 18:42:36,431 [INFO] [cleanup]  sucessfully deleted 0 file(s),
2020-07-11 18:42:36,435 [INFO] [cleanup]  cleanup took 0.0004 seconds
2020-07-11 18:42:36,443 [INFO] [cleanup]  **** Reports file cleanup finished ****

2020-07-11 18:42:36,451 [INFO] [cleanup]  **** HDR file cleanup starting ****
2020-07-11 18:43:29,893 [INFO] [main]  **** reports script started ****
2020-07-11 18:43:29,893 [INFO] [reports]  search for file(s) between 2020-07-01 00:00:00 - 2020-07-31 00:00:00 for K:\HDR\m-cba-nsw-bellavista-sbc01_m-cba-nsw-bellavista-sbc02\system
2020-07-11 18:43:32,963 [ERROR] [main]  !!! Exception Occured !!!!
Traceback (most recent call last):
  File "reports.py", line 36, in reports
    full_path = os.path.join(root, file)
  File "C:\Program Files\Python38\lib\ntpath.py", line 91, in join
    for p in map(os.fspath, paths):
KeyboardInterrupt

During handling of the above exception, another exception occurred:

Traceback (most recent call last):
  File "reports.py", line 99, in main
    reports(first_day,last_day,HDR_LOCAL_PATH+f"{name}\system",REPORT_LOCAL_FILE_PATH+f"{name}.csv")
  File "reports.py", line 41, in reports
    except Exceptionn:
NameError: name 'Exceptionn' is not defined
2020-07-11 18:48:15,194 [INFO] [main]  **** reports script started ****
2020-07-11 18:48:15,202 [INFO] [reports]  search for file(s) between 2020-07-01 00:00:00 - 2020-07-31 00:00:00 for K:\HDR\m-cba-nsw-bellavista-sbc01_m-cba-nsw-bellavista-sbc02\system
2020-07-11 18:48:18,912 [ERROR] [main]  !!! Exception Occured !!!!
Traceback (most recent call last):
  File "C:\nora\reports.py", line 37, in reports
    stat = os.stat(full_path)
KeyboardInterrupt

During handling of the above exception, another exception occurred:

Traceback (most recent call last):
  File "C:\nora\reports.py", line 99, in main
    reports(first_day,last_day,HDR_LOCAL_PATH+f"{name}\system",REPORT_LOCAL_FILE_PATH+f"{name}.csv")
  File "C:\nora\reports.py", line 41, in reports
    except Exceptionn:
NameError: name 'Exceptionn' is not defined
2020-07-11 18:49:13,824 [INFO] [main]  **** reports script started ****
2020-07-11 18:49:13,824 [INFO] [reports]  search for file(s) between 2020-07-01 00:00:00 - 2020-07-31 00:00:00 for K:\HDR\m-cba-nsw-bellavista-sbc01_m-cba-nsw-bellavista-sbc02\system
2020-07-11 18:49:19,619 [INFO] [reports]  found 398 file(s)
2020-07-11 18:49:19,619 [INFO] [reports]  loading file(s) starting 
2020-07-11 18:49:20,639 [INFO] [reports]  loaded 398 file(s) 
2020-07-11 18:49:20,643 [INFO] [reports]  processing data... this may take a while
2020-07-11 18:49:22,432 [ERROR] [reports]  !!!! Exception Occured !!!!
Traceback (most recent call last):
  File "reports.py", line 58, in reports
    df['TimeStamp']=pd.DatetimeIndex(pd.to_datetime(df['TimeStamp'],unit='s')).tz_localize('UTC').tz_convert('Australia/Sydney')
  File "C:\Program Files\Python38\lib\site-packages\pandas\core\accessor.py", line 99, in f
    return self._delegate_method(name, *args, **kwargs)
  File "C:\Program Files\Python38\lib\site-packages\pandas\core\indexes\datetimelike.py", line 905, in _delegate_method
    result = operator.methodcaller(name, *args, **kwargs)(self._data)
  File "C:\Program Files\Python38\lib\site-packages\pandas\core\arrays\datetimes.py", line 815, in tz_convert
    tz = timezones.maybe_get_tz(tz)
  File "pandas\_libs\tslibs\timezones.pyx", line 84, in pandas._libs.tslibs.timezones.maybe_get_tz
  File "pandas\_libs\tslibs\timezones.pyx", line 99, in pandas._libs.tslibs.timezones.maybe_get_tz
  File "C:\Program Files\Python38\lib\site-packages\pytz\__init__.py", line 172, in timezone
    zone = _case_insensitive_zone_lookup(_unmunge_zone(zone))
  File "C:\Program Files\Python38\lib\site-packages\pytz\__init__.py", line 198, in _case_insensitive_zone_lookup
    _all_timezones_lower_to_standard = dict((tz.lower(), tz) for tz in all_timezones)  # noqa
  File "C:\Program Files\Python38\lib\site-packages\pytz\lazy.py", line 101, in _lazy
    list.extend(self, fill_iter.pop())
  File "C:\Program Files\Python38\lib\site-packages\pytz\__init__.py", line 1105, in <genexpr>
    tz for tz in all_timezones if resource_exists(tz))
  File "C:\Program Files\Python38\lib\site-packages\pytz\__init__.py", line 114, in resource_exists
    open_resource(name).close()
  File "C:\Program Files\Python38\lib\site-packages\pytz\__init__.py", line 108, in open_resource
    return open(filename, 'rb')
KeyboardInterrupt
2020-07-11 18:49:22,513 [INFO] [reports]  writing report to file - K:\REPORTS\m-cba-nsw-bellavista-sbc01_m-cba-nsw-bellavista-sbc02.csv
2020-07-11 18:49:22,537 [INFO] [reports]  report writing completed

2020-07-11 18:49:22,541 [INFO] [reports]  search for file(s) between 2020-07-01 00:00:00 - 2020-07-31 00:00:00 for K:\HDR\m-cba-nsw-bellavista-sbc03\system
2020-07-11 18:49:22,541 [INFO] [reports]  no files found matching the date range found for K:\HDR\m-cba-nsw-bellavista-sbc03\system 

2020-07-11 18:49:22,541 [INFO] [reports]  search for file(s) between 2020-07-01 00:00:00 - 2020-07-31 00:00:00 for K:\HDR\m-cba-nsw-bellavista-sbc04\system
2020-07-11 18:49:22,541 [INFO] [reports]  no files found matching the date range found for K:\HDR\m-cba-nsw-bellavista-sbc04\system 

2020-07-11 18:49:22,545 [INFO] [reports]  search for file(s) between 2020-07-01 00:00:00 - 2020-07-31 00:00:00 for K:\HDR\m-cba-nsw-burwood-sbc01_m-cba-nsw-burwood-sbc02\system
2020-07-11 18:49:22,545 [INFO] [reports]  no files found matching the date range found for K:\HDR\m-cba-nsw-burwood-sbc01_m-cba-nsw-burwood-sbc02\system 

2020-07-11 18:49:22,545 [INFO] [reports]  search for file(s) between 2020-07-01 00:00:00 - 2020-07-31 00:00:00 for K:\HDR\m-cba-nsw-burwood-sbc03\system
2020-07-11 18:49:22,545 [INFO] [reports]  no files found matching the date range found for K:\HDR\m-cba-nsw-burwood-sbc03\system 

2020-07-11 18:49:22,549 [INFO] [reports]  search for file(s) between 2020-07-01 00:00:00 - 2020-07-31 00:00:00 for K:\HDR\m-cba-nsw-burwood-sbc04\system
2020-07-11 18:49:22,549 [INFO] [reports]  no files found matching the date range found for K:\HDR\m-cba-nsw-burwood-sbc04\system 

2020-07-11 18:49:22,549 [INFO] [cleanup]  **** Reports file cleanup starting ****
2020-07-11 18:49:22,549 [INFO] [cleanup]  sucessfully deleted 0 file(s),
2020-07-11 18:49:22,549 [INFO] [cleanup]  cleanup took 0.0002 seconds
2020-07-11 18:49:22,549 [INFO] [cleanup]  **** Reports file cleanup finished ****

2020-07-11 18:49:22,553 [INFO] [cleanup]  **** HDR file cleanup starting ****
2020-07-11 18:50:22,274 [INFO] [main]  **** reports script started ****
2020-07-11 18:50:22,274 [INFO] [reports]  search for file(s) between 2020-07-01 00:00:00 - 2020-07-31 00:00:00 for K:\HDR\m-cba-nsw-bellavista-sbc01_m-cba-nsw-bellavista-sbc02\system
2020-07-11 18:50:28,409 [INFO] [reports]  found 398 file(s)
2020-07-11 18:50:28,413 [INFO] [reports]  loading file(s) starting 
2020-07-11 18:50:29,447 [INFO] [reports]  loaded 398 file(s) 
2020-07-11 18:50:29,447 [INFO] [reports]  processing data... this may take a while
2020-07-11 18:50:29,632 [INFO] [reports]  processing data complete.operation took 0.1823 seconds
2020-07-11 18:50:29,632 [INFO] [reports]  writing report to file - K:\REPORTS\m-cba-nsw-bellavista-sbc01_m-cba-nsw-bellavista-sbc02.csv
2020-07-11 18:50:29,636 [INFO] [reports]  report writing completed

2020-07-11 18:50:29,640 [INFO] [reports]  search for file(s) between 2020-07-01 00:00:00 - 2020-07-31 00:00:00 for K:\HDR\m-cba-nsw-bellavista-sbc03\system
2020-07-11 18:50:29,640 [INFO] [reports]  no files found matching the date range found for K:\HDR\m-cba-nsw-bellavista-sbc03\system 

2020-07-11 18:50:29,640 [INFO] [reports]  search for file(s) between 2020-07-01 00:00:00 - 2020-07-31 00:00:00 for K:\HDR\m-cba-nsw-bellavista-sbc04\system
2020-07-11 18:50:29,640 [INFO] [reports]  no files found matching the date range found for K:\HDR\m-cba-nsw-bellavista-sbc04\system 

2020-07-11 18:50:29,640 [INFO] [reports]  search for file(s) between 2020-07-01 00:00:00 - 2020-07-31 00:00:00 for K:\HDR\m-cba-nsw-burwood-sbc01_m-cba-nsw-burwood-sbc02\system
2020-07-11 18:50:29,644 [INFO] [reports]  no files found matching the date range found for K:\HDR\m-cba-nsw-burwood-sbc01_m-cba-nsw-burwood-sbc02\system 

2020-07-11 18:50:29,644 [INFO] [reports]  search for file(s) between 2020-07-01 00:00:00 - 2020-07-31 00:00:00 for K:\HDR\m-cba-nsw-burwood-sbc03\system
2020-07-11 18:50:29,644 [INFO] [reports]  no files found matching the date range found for K:\HDR\m-cba-nsw-burwood-sbc03\system 

2020-07-11 18:50:29,648 [INFO] [reports]  search for file(s) between 2020-07-01 00:00:00 - 2020-07-31 00:00:00 for K:\HDR\m-cba-nsw-burwood-sbc04\system
2020-07-11 18:50:29,648 [INFO] [reports]  no files found matching the date range found for K:\HDR\m-cba-nsw-burwood-sbc04\system 

2020-07-11 18:50:29,648 [INFO] [cleanup]  **** Reports file cleanup starting ****
2020-07-11 18:50:29,652 [INFO] [cleanup]  sucessfully deleted 0 file(s),
2020-07-11 18:50:29,652 [INFO] [cleanup]  cleanup took 0.0003 seconds
2020-07-11 18:50:29,652 [INFO] [cleanup]  **** Reports file cleanup finished ****

2020-07-11 18:50:29,652 [INFO] [cleanup]  **** HDR file cleanup starting ****
2020-07-11 19:06:16,913 [INFO] [main]  **** reports script started ****
2020-07-11 19:06:16,917 [INFO] [reports]  search for file(s) between 2020-07-01 00:00:00 - 2020-07-31 00:00:00 for K:\HDR\m-cba-nsw-bellavista-sbc01_m-cba-nsw-bellavista-sbc02\system
2020-07-11 19:06:21,374 [ERROR] [main]  !!! Exception Occured !!!!
Traceback (most recent call last):
  File "C:\nora\reports.py", line 37, in reports
    stat = os.stat(full_path)
KeyboardInterrupt

During handling of the above exception, another exception occurred:

Traceback (most recent call last):
  File "C:\nora\reports.py", line 105, in main
    reports(first_day,last_day,HDR_LOCAL_PATH+f"{name}\system",REPORT_LOCAL_FILE_PATH+f"{name}.csv")
  File "C:\nora\reports.py", line 41, in reports
    except Exceptionn:
NameError: name 'Exceptionn' is not defined
2020-07-11 19:06:44,008 [INFO] [main]  **** reports script started ****
2020-07-11 19:06:44,008 [INFO] [reports]  search for file(s) between 2020-07-01 00:00:00 - 2020-07-31 00:00:00 for K:\HDR\m-cba-nsw-bellavista-sbc01_m-cba-nsw-bellavista-sbc02\system
2020-07-11 19:06:48,491 [ERROR] [main]  !!! Exception Occured !!!!
Traceback (most recent call last):
  File "reports.py", line 37, in reports
    stat = os.stat(full_path)
KeyboardInterrupt

During handling of the above exception, another exception occurred:

Traceback (most recent call last):
  File "reports.py", line 105, in main
    reports(first_day,last_day,HDR_LOCAL_PATH+f"{name}\system",REPORT_LOCAL_FILE_PATH+f"{name}.csv")
  File "reports.py", line 41, in reports
    except Exceptionn:
NameError: name 'Exceptionn' is not defined
2020-07-11 19:07:27,049 [INFO] [main]  **** reports script started ****
2020-07-11 19:07:27,049 [INFO] [reports]  search for file(s) between 2020-10-01 00:00:00 - 2020-11-01 00:00:00 for K:\HDR\m-cba-nsw-bellavista-sbc01_m-cba-nsw-bellavista-sbc02\system
2020-07-11 19:07:32,782 [INFO] [reports]  no files found matching the date range found for K:\HDR\m-cba-nsw-bellavista-sbc01_m-cba-nsw-bellavista-sbc02\system 

2020-07-11 19:07:32,786 [INFO] [reports]  search for file(s) between 2020-10-01 00:00:00 - 2020-11-01 00:00:00 for K:\HDR\m-cba-nsw-bellavista-sbc03\system
2020-07-11 19:07:32,786 [INFO] [reports]  no files found matching the date range found for K:\HDR\m-cba-nsw-bellavista-sbc03\system 

2020-07-11 19:07:32,786 [INFO] [reports]  search for file(s) between 2020-10-01 00:00:00 - 2020-11-01 00:00:00 for K:\HDR\m-cba-nsw-bellavista-sbc04\system
2020-07-11 19:07:32,786 [INFO] [reports]  no files found matching the date range found for K:\HDR\m-cba-nsw-bellavista-sbc04\system 

2020-07-11 19:07:32,786 [INFO] [reports]  search for file(s) between 2020-10-01 00:00:00 - 2020-11-01 00:00:00 for K:\HDR\m-cba-nsw-burwood-sbc01_m-cba-nsw-burwood-sbc02\system
2020-07-11 19:07:32,786 [INFO] [reports]  no files found matching the date range found for K:\HDR\m-cba-nsw-burwood-sbc01_m-cba-nsw-burwood-sbc02\system 

2020-07-11 19:07:32,790 [INFO] [reports]  search for file(s) between 2020-10-01 00:00:00 - 2020-11-01 00:00:00 for K:\HDR\m-cba-nsw-burwood-sbc03\system
2020-07-11 19:07:32,790 [INFO] [reports]  no files found matching the date range found for K:\HDR\m-cba-nsw-burwood-sbc03\system 

2020-07-11 19:07:32,790 [INFO] [reports]  search for file(s) between 2020-10-01 00:00:00 - 2020-11-01 00:00:00 for K:\HDR\m-cba-nsw-burwood-sbc04\system
2020-07-11 19:07:32,790 [INFO] [reports]  no files found matching the date range found for K:\HDR\m-cba-nsw-burwood-sbc04\system 

2020-07-11 19:07:32,790 [INFO] [cleanup]  **** Reports file cleanup starting ****
2020-07-11 19:07:32,790 [INFO] [cleanup]  sucessfully deleted 0 file(s),
2020-07-11 19:07:32,794 [INFO] [cleanup]  cleanup took 0.0003 seconds
2020-07-11 19:07:32,794 [INFO] [cleanup]  **** Reports file cleanup finished ****

2020-07-11 19:07:32,794 [INFO] [cleanup]  **** HDR file cleanup starting ****
2020-07-11 19:08:31,986 [INFO] [main]  **** reports script started ****
2020-07-11 19:08:31,986 [INFO] [reports]  search for file(s) between 2020-10-01 00:00:00 - 2020-11-01 00:00:00 for K:\HDR\m-cba-nsw-bellavista-sbc01_m-cba-nsw-bellavista-sbc02\system
2020-07-11 19:08:37,968 [INFO] [reports]  no files found matching the date range found for K:\HDR\m-cba-nsw-bellavista-sbc01_m-cba-nsw-bellavista-sbc02\system 

2020-07-11 19:08:37,972 [INFO] [reports]  search for file(s) between 2020-10-01 00:00:00 - 2020-11-01 00:00:00 for K:\HDR\m-cba-nsw-bellavista-sbc03\system
2020-07-11 19:08:37,972 [INFO] [reports]  no files found matching the date range found for K:\HDR\m-cba-nsw-bellavista-sbc03\system 

2020-07-11 19:08:37,972 [INFO] [reports]  search for file(s) between 2020-10-01 00:00:00 - 2020-11-01 00:00:00 for K:\HDR\m-cba-nsw-bellavista-sbc04\system
2020-07-11 19:08:37,972 [INFO] [reports]  no files found matching the date range found for K:\HDR\m-cba-nsw-bellavista-sbc04\system 

2020-07-11 19:08:37,972 [INFO] [reports]  search for file(s) between 2020-10-01 00:00:00 - 2020-11-01 00:00:00 for K:\HDR\m-cba-nsw-burwood-sbc01_m-cba-nsw-burwood-sbc02\system
2020-07-11 19:08:37,976 [INFO] [reports]  no files found matching the date range found for K:\HDR\m-cba-nsw-burwood-sbc01_m-cba-nsw-burwood-sbc02\system 

2020-07-11 19:08:37,976 [INFO] [reports]  search for file(s) between 2020-10-01 00:00:00 - 2020-11-01 00:00:00 for K:\HDR\m-cba-nsw-burwood-sbc03\system
2020-07-11 19:08:37,976 [INFO] [reports]  no files found matching the date range found for K:\HDR\m-cba-nsw-burwood-sbc03\system 

2020-07-11 19:08:37,976 [INFO] [reports]  search for file(s) between 2020-10-01 00:00:00 - 2020-11-01 00:00:00 for K:\HDR\m-cba-nsw-burwood-sbc04\system
2020-07-11 19:08:37,980 [INFO] [reports]  no files found matching the date range found for K:\HDR\m-cba-nsw-burwood-sbc04\system 

2020-07-11 19:08:37,980 [INFO] [cleanup]  **** Reports file cleanup starting ****
2020-07-11 19:08:37,984 [INFO] [cleanup]  sucessfully deleted 0 file(s),
2020-07-11 19:08:37,984 [INFO] [cleanup]  cleanup took 0.0003 seconds
2020-07-11 19:08:37,984 [INFO] [cleanup]  **** Reports file cleanup finished ****

2020-07-11 19:08:37,984 [INFO] [cleanup]  **** HDR file cleanup starting ****
2020-07-11 19:09:17,047 [INFO] [main]  **** reports script started ****
2020-07-11 19:09:17,047 [INFO] [reports]  search for file(s) between 2020-07-01 00:00:00 - 2020-07-31 00:00:00 for K:\HDR\m-cba-nsw-bellavista-sbc01_m-cba-nsw-bellavista-sbc02\system
2020-07-11 19:09:23,473 [INFO] [reports]  found 398 file(s)
2020-07-11 19:09:23,477 [INFO] [reports]  loading file(s) starting 
2020-07-11 19:09:24,504 [INFO] [reports]  loaded 398 file(s) 
2020-07-11 19:09:24,504 [INFO] [reports]  processing data... this may take a while
2020-07-11 19:09:24,652 [INFO] [reports]  processing data complete.operation took 0.1483 seconds
2020-07-11 19:09:24,652 [INFO] [reports]  writing report to file - K:\REPORTS\m-cba-nsw-bellavista-sbc01_m-cba-nsw-bellavista-sbc02.csv
2020-07-11 19:09:24,660 [INFO] [reports]  report writing completed

2020-07-11 19:09:24,660 [INFO] [reports]  search for file(s) between 2020-07-01 00:00:00 - 2020-07-31 00:00:00 for K:\HDR\m-cba-nsw-bellavista-sbc03\system
2020-07-11 19:09:24,660 [INFO] [reports]  no files found matching the date range found for K:\HDR\m-cba-nsw-bellavista-sbc03\system 

2020-07-11 19:09:24,660 [INFO] [reports]  search for file(s) between 2020-07-01 00:00:00 - 2020-07-31 00:00:00 for K:\HDR\m-cba-nsw-bellavista-sbc04\system
2020-07-11 19:09:24,664 [INFO] [reports]  no files found matching the date range found for K:\HDR\m-cba-nsw-bellavista-sbc04\system 

2020-07-11 19:09:24,664 [INFO] [reports]  search for file(s) between 2020-07-01 00:00:00 - 2020-07-31 00:00:00 for K:\HDR\m-cba-nsw-burwood-sbc01_m-cba-nsw-burwood-sbc02\system
2020-07-11 19:09:24,664 [INFO] [reports]  no files found matching the date range found for K:\HDR\m-cba-nsw-burwood-sbc01_m-cba-nsw-burwood-sbc02\system 

2020-07-11 19:09:24,664 [INFO] [reports]  search for file(s) between 2020-07-01 00:00:00 - 2020-07-31 00:00:00 for K:\HDR\m-cba-nsw-burwood-sbc03\system
2020-07-11 19:09:24,668 [INFO] [reports]  no files found matching the date range found for K:\HDR\m-cba-nsw-burwood-sbc03\system 

2020-07-11 19:09:24,668 [INFO] [reports]  search for file(s) between 2020-07-01 00:00:00 - 2020-07-31 00:00:00 for K:\HDR\m-cba-nsw-burwood-sbc04\system
2020-07-11 19:09:24,672 [INFO] [reports]  no files found matching the date range found for K:\HDR\m-cba-nsw-burwood-sbc04\system 

2020-07-11 19:09:24,672 [INFO] [cleanup]  **** Reports file cleanup starting ****
2020-07-11 19:09:24,672 [INFO] [cleanup]  sucessfully deleted 0 file(s),
2020-07-11 19:09:24,672 [INFO] [cleanup]  cleanup took 0.0002 seconds
2020-07-11 19:09:24,672 [INFO] [cleanup]  **** Reports file cleanup finished ****

2020-07-11 19:09:24,676 [INFO] [cleanup]  **** HDR file cleanup starting ****
2020-07-11 19:35:55,252 [INFO] [main]  **** reports script started ****
2020-07-11 19:35:55,260 [ERROR] [main]  !!! Exception Occured !!!!
Traceback (most recent call last):
  File "C:\nora\reports.py", line 106, in main
    reports(first_day,last_day,HDR_LOCAL_PATH+f"{name}\system",REPORT_LOCAL_FILE_PATH+f"{name}.csv")
TypeError: reports() takes 3 positional arguments but 4 were given
2020-07-11 19:36:32,306 [INFO] [main]  **** reports script started ****
2020-07-11 19:36:32,314 [ERROR] [main]  !!! Exception Occured !!!!
Traceback (most recent call last):
  File "C:\nora\reports.py", line 106, in main
    reports(first_day,last_day,name)
  File "C:\nora\reports.py", line 30, in reports
    logger.info("search for file(s) between %s - %s for %s",begin_datetime,end_datetime,root_path)
NameError: name 'root_path' is not defined
2020-07-11 19:37:19,247 [INFO] [main]  **** reports script started ****
2020-07-11 19:37:19,255 [INFO] [reports]  search for file(s) between 2020-07-01 00:00:00 - 2020-07-31 00:00:00 for K:\HDR\m-cba-nsw-bellavista-sbc01_m-cba-nsw-bellavista-sbc02\system
2020-07-11 19:37:25,233 [INFO] [reports]  found 398 file(s)
2020-07-11 19:37:25,237 [INFO] [reports]  loading file(s) starting 
2020-07-11 19:37:26,251 [INFO] [reports]  loaded 398 file(s) 
2020-07-11 19:37:26,295 [INFO] [reports]  processing data... this may take a while
2020-07-11 19:37:26,448 [INFO] [reports]  processing data complete.operation took 0.1532 seconds
2020-07-11 19:37:26,452 [INFO] [reports]  writing report to file - K:\REPORTS\m-cba-nsw-bellavista-sbc01_m-cba-nsw-bellavista-sbc02.csv
2020-07-11 19:37:26,468 [INFO] [reports]  report writing completed

2020-07-11 19:37:26,476 [INFO] [reports]  search for file(s) between 2020-07-01 00:00:00 - 2020-07-31 00:00:00 for K:\HDR\m-cba-nsw-bellavista-sbc03\system
2020-07-11 19:37:26,480 [ERROR] [main]  !!! Exception Occured !!!!
Traceback (most recent call last):
  File "C:\nora\reports.py", line 106, in main
    reports(first_day,last_day,name)
  File "C:\nora\reports.py", line 83, in reports
    logger.info("no files found matching the date range found for %s \n",root_path)
NameError: name 'root_path' is not defined
2020-07-11 19:38:03,884 [INFO] [main]  **** reports script started ****
2020-07-11 19:38:03,892 [INFO] [reports]  search for file(s) between 2020-07-01 00:00:00 - 2020-07-31 00:00:00 for K:\HDR\m-cba-nsw-bellavista-sbc01_m-cba-nsw-bellavista-sbc02\system
2020-07-11 19:38:09,698 [INFO] [reports]  found 398 file(s)
2020-07-11 19:38:09,706 [INFO] [reports]  loading file(s) starting 
2020-07-11 19:38:10,747 [INFO] [reports]  loaded 398 file(s) 
2020-07-11 19:38:10,759 [INFO] [reports]  processing data... this may take a while
2020-07-11 19:38:10,904 [INFO] [reports]  processing data complete.operation took 0.1435 seconds
2020-07-11 19:38:10,908 [INFO] [reports]  writing report to file - K:\REPORTS\m-cba-nsw-bellavista-sbc01_m-cba-nsw-bellavista-sbc02.csv
2020-07-11 19:38:10,920 [INFO] [reports]  report writing completed

2020-07-11 19:38:10,928 [INFO] [reports]  search for file(s) between 2020-07-01 00:00:00 - 2020-07-31 00:00:00 for K:\HDR\m-cba-nsw-bellavista-sbc03\system
2020-07-11 19:38:10,936 [INFO] [reports]  no files found matching the date range found for K:\HDR\m-cba-nsw-bellavista-sbc03\system 

2020-07-11 19:38:10,940 [INFO] [reports]  search for file(s) between 2020-07-01 00:00:00 - 2020-07-31 00:00:00 for K:\HDR\m-cba-nsw-bellavista-sbc04\system
2020-07-11 19:38:10,948 [INFO] [reports]  no files found matching the date range found for K:\HDR\m-cba-nsw-bellavista-sbc04\system 

2020-07-11 19:38:10,956 [INFO] [reports]  search for file(s) between 2020-07-01 00:00:00 - 2020-07-31 00:00:00 for K:\HDR\m-cba-nsw-burwood-sbc01_m-cba-nsw-burwood-sbc02\system
2020-07-11 19:38:10,960 [INFO] [reports]  no files found matching the date range found for K:\HDR\m-cba-nsw-burwood-sbc01_m-cba-nsw-burwood-sbc02\system 

2020-07-11 19:38:10,972 [INFO] [reports]  search for file(s) between 2020-07-01 00:00:00 - 2020-07-31 00:00:00 for K:\HDR\m-cba-nsw-burwood-sbc03\system
2020-07-11 19:38:10,976 [INFO] [reports]  no files found matching the date range found for K:\HDR\m-cba-nsw-burwood-sbc03\system 

2020-07-11 19:38:10,985 [INFO] [reports]  search for file(s) between 2020-07-01 00:00:00 - 2020-07-31 00:00:00 for K:\HDR\m-cba-nsw-burwood-sbc04\system
2020-07-11 19:38:10,989 [INFO] [reports]  no files found matching the date range found for K:\HDR\m-cba-nsw-burwood-sbc04\system 

2020-07-11 19:38:10,997 [INFO] [cleanup]  **** Reports file cleanup starting ****
2020-07-11 19:38:11,006 [INFO] [cleanup]  sucessfully deleted 0 file(s),
2020-07-11 19:38:11,014 [INFO] [cleanup]  cleanup took 0.0003 seconds
2020-07-11 19:38:11,022 [INFO] [cleanup]  **** Reports file cleanup finished ****

2020-07-11 19:38:11,030 [INFO] [cleanup]  **** HDR file cleanup starting ****
2020-07-11 19:39:20,437 [INFO] [main]  **** reports script started ****
2020-07-11 19:39:20,449 [INFO] [reports]  search for file(s) between 2020-07-01 00:00:00 - 2020-07-31 00:00:00 for K:\HDR\m-cba-nsw-bellavista-sbc01_m-cba-nsw-bellavista-sbc02\system
2020-07-11 19:39:26,430 [INFO] [reports]  found 398 file(s)
2020-07-11 19:39:26,438 [INFO] [reports]  loading file(s) starting 
2020-07-11 19:39:27,448 [INFO] [reports]  loaded 398 file(s) 
2020-07-11 19:39:27,497 [INFO] [reports]  processing data... this may take a while
2020-07-11 19:39:27,645 [INFO] [reports]  processing data complete.operation took 0.1486 seconds
2020-07-11 19:39:27,649 [INFO] [reports]  writing report to file - K:\REPORTS\\TEST\m-cba-nsw-bellavista-sbc01_m-cba-nsw-bellavista-sbc02.csv
2020-07-11 19:39:27,661 [INFO] [reports]  report writing completed

2020-07-11 19:39:27,669 [INFO] [reports]  search for file(s) between 2020-07-01 00:00:00 - 2020-07-31 00:00:00 for K:\HDR\m-cba-nsw-bellavista-sbc03\system
2020-07-11 19:39:27,677 [INFO] [reports]  no files found matching the date range found for K:\HDR\m-cba-nsw-bellavista-sbc03\system 

2020-07-11 19:39:27,681 [INFO] [reports]  search for file(s) between 2020-07-01 00:00:00 - 2020-07-31 00:00:00 for K:\HDR\m-cba-nsw-bellavista-sbc04\system
2020-07-11 19:39:27,689 [INFO] [reports]  no files found matching the date range found for K:\HDR\m-cba-nsw-bellavista-sbc04\system 

2020-07-11 19:39:27,697 [INFO] [reports]  search for file(s) between 2020-07-01 00:00:00 - 2020-07-31 00:00:00 for K:\HDR\m-cba-nsw-burwood-sbc01_m-cba-nsw-burwood-sbc02\system
2020-07-11 19:39:27,702 [INFO] [reports]  no files found matching the date range found for K:\HDR\m-cba-nsw-burwood-sbc01_m-cba-nsw-burwood-sbc02\system 

2020-07-11 19:39:27,714 [INFO] [reports]  search for file(s) between 2020-07-01 00:00:00 - 2020-07-31 00:00:00 for K:\HDR\m-cba-nsw-burwood-sbc03\system
2020-07-11 19:39:27,718 [INFO] [reports]  no files found matching the date range found for K:\HDR\m-cba-nsw-burwood-sbc03\system 

2020-07-11 19:39:27,726 [INFO] [reports]  search for file(s) between 2020-07-01 00:00:00 - 2020-07-31 00:00:00 for K:\HDR\m-cba-nsw-burwood-sbc04\system
2020-07-11 19:39:27,734 [INFO] [reports]  no files found matching the date range found for K:\HDR\m-cba-nsw-burwood-sbc04\system 

2020-07-11 19:39:27,742 [INFO] [cleanup]  **** Reports file cleanup starting ****
2020-07-11 19:39:27,751 [INFO] [cleanup]  sucessfully deleted 0 file(s),
2020-07-11 19:39:27,755 [INFO] [cleanup]  cleanup took 0.0004 seconds
2020-07-11 19:39:27,763 [INFO] [cleanup]  **** Reports file cleanup finished ****

2020-07-11 19:39:27,771 [INFO] [cleanup]  **** HDR file cleanup starting ****
2020-07-11 19:40:53,319 [INFO] [main]  **** reports script started ****
2020-07-11 19:40:53,327 [INFO] [reports]  search for file(s) between 2020-07-01 00:00:00 - 2020-07-31 00:00:00 for K:\HDR\m-cba-nsw-bellavista-sbc01_m-cba-nsw-bellavista-sbc02\system
2020-07-11 19:40:59,088 [INFO] [reports]  found 398 file(s)
2020-07-11 19:40:59,092 [INFO] [reports]  loading file(s) starting 
2020-07-11 19:41:00,098 [INFO] [reports]  loaded 398 file(s) 
2020-07-11 19:41:00,146 [INFO] [reports]  processing data... this may take a while
2020-07-11 19:41:00,295 [INFO] [reports]  processing data complete.operation took 0.1480 seconds
2020-07-11 19:41:00,299 [INFO] [reports]  writing report to file - K:\REPORTS\TEST\m-cba-nsw-bellavista-sbc01_m-cba-nsw-bellavista-sbc02.csv
2020-07-11 19:41:00,315 [INFO] [reports]  report writing completed

2020-07-11 19:41:00,323 [INFO] [reports]  search for file(s) between 2020-07-01 00:00:00 - 2020-07-31 00:00:00 for K:\HDR\m-cba-nsw-bellavista-sbc03\system
2020-07-11 19:41:00,328 [INFO] [reports]  no files found matching the date range found for K:\HDR\m-cba-nsw-bellavista-sbc03\system 

2020-07-11 19:41:00,336 [INFO] [reports]  search for file(s) between 2020-07-01 00:00:00 - 2020-07-31 00:00:00 for K:\HDR\m-cba-nsw-bellavista-sbc04\system
2020-07-11 19:41:00,340 [INFO] [reports]  no files found matching the date range found for K:\HDR\m-cba-nsw-bellavista-sbc04\system 

2020-07-11 19:41:00,349 [INFO] [reports]  search for file(s) between 2020-07-01 00:00:00 - 2020-07-31 00:00:00 for K:\HDR\m-cba-nsw-burwood-sbc01_m-cba-nsw-burwood-sbc02\system
2020-07-11 19:41:00,357 [INFO] [reports]  no files found matching the date range found for K:\HDR\m-cba-nsw-burwood-sbc01_m-cba-nsw-burwood-sbc02\system 

2020-07-11 19:41:00,369 [INFO] [reports]  search for file(s) between 2020-07-01 00:00:00 - 2020-07-31 00:00:00 for K:\HDR\m-cba-nsw-burwood-sbc03\system
2020-07-11 19:41:00,373 [INFO] [reports]  no files found matching the date range found for K:\HDR\m-cba-nsw-burwood-sbc03\system 

2020-07-11 19:41:00,383 [INFO] [reports]  search for file(s) between 2020-07-01 00:00:00 - 2020-07-31 00:00:00 for K:\HDR\m-cba-nsw-burwood-sbc04\system
2020-07-11 19:41:00,387 [INFO] [reports]  no files found matching the date range found for K:\HDR\m-cba-nsw-burwood-sbc04\system 

2020-07-11 19:41:00,395 [INFO] [cleanup]  **** Reports file cleanup starting ****
2020-07-11 19:41:00,403 [INFO] [cleanup]  sucessfully deleted 0 file(s),
2020-07-11 19:41:00,407 [INFO] [cleanup]  cleanup took 0.0003 seconds
2020-07-11 19:41:00,415 [INFO] [cleanup]  **** Reports file cleanup finished ****

2020-07-11 19:41:00,424 [INFO] [cleanup]  **** HDR file cleanup starting ****
2020-07-11 19:43:56,152 [INFO] [main]  **** reports script started ****
2020-07-11 19:43:56,164 [INFO] [reports]  search for file(s) between 2020-07-01 00:00:00 - 2020-07-31 00:00:00 for K:\HDR\m-cba-nsw-bellavista-sbc01_m-cba-nsw-bellavista-sbc02\system
2020-07-11 19:44:01,845 [INFO] [reports]  found 398 file(s)
2020-07-11 19:44:01,849 [INFO] [reports]  loading file(s) starting 
2020-07-11 19:44:02,851 [INFO] [reports]  loaded 398 file(s) 
2020-07-11 19:44:02,895 [INFO] [reports]  processing data... this may take a while
2020-07-11 19:44:03,048 [INFO] [reports]  processing data complete.operation took 0.1514 seconds
2020-07-11 19:44:03,052 [INFO] [reports]  writing report to file - K:\REPORTS\TEST\m-cba-nsw-bellavista-sbc01_m-cba-nsw-bellavista-sbc02.csv
2020-07-11 19:44:03,060 [ERROR] [reports]  !!!! Exception Occured !!!!
Traceback (most recent call last):
  File "C:\nora\reports.py", line 74, in reports
    df.to_csv(report_path)
  File "C:\Program Files\Python38\lib\site-packages\pandas\core\generic.py", line 3204, in to_csv
    formatter.save()
  File "C:\Program Files\Python38\lib\site-packages\pandas\io\formats\csvs.py", line 184, in save
    f, handles = get_handle(
  File "C:\Program Files\Python38\lib\site-packages\pandas\io\common.py", line 455, in get_handle
    f = open(path_or_buf, mode, encoding=encoding, newline="")
FileNotFoundError: [Errno 2] No such file or directory: 'K:\\REPORTS\\TEST\\m-cba-nsw-bellavista-sbc01_m-cba-nsw-bellavista-sbc02.csv'
2020-07-11 19:44:03,173 [INFO] [reports]  search for file(s) between 2020-07-01 00:00:00 - 2020-07-31 00:00:00 for K:\HDR\m-cba-nsw-bellavista-sbc03\system
2020-07-11 19:44:03,177 [INFO] [reports]  no files found matching the date range found for K:\HDR\m-cba-nsw-bellavista-sbc03\system 

2020-07-11 19:44:03,185 [INFO] [reports]  search for file(s) between 2020-07-01 00:00:00 - 2020-07-31 00:00:00 for K:\HDR\m-cba-nsw-bellavista-sbc04\system
2020-07-11 19:44:03,193 [INFO] [reports]  no files found matching the date range found for K:\HDR\m-cba-nsw-bellavista-sbc04\system 

2020-07-11 19:44:03,201 [INFO] [reports]  search for file(s) between 2020-07-01 00:00:00 - 2020-07-31 00:00:00 for K:\HDR\m-cba-nsw-burwood-sbc01_m-cba-nsw-burwood-sbc02\system
2020-07-11 19:44:03,209 [INFO] [reports]  no files found matching the date range found for K:\HDR\m-cba-nsw-burwood-sbc01_m-cba-nsw-burwood-sbc02\system 

2020-07-11 19:44:03,217 [INFO] [reports]  search for file(s) between 2020-07-01 00:00:00 - 2020-07-31 00:00:00 for K:\HDR\m-cba-nsw-burwood-sbc03\system
2020-07-11 19:44:03,221 [INFO] [reports]  no files found matching the date range found for K:\HDR\m-cba-nsw-burwood-sbc03\system 

2020-07-11 19:44:03,231 [INFO] [reports]  search for file(s) between 2020-07-01 00:00:00 - 2020-07-31 00:00:00 for K:\HDR\m-cba-nsw-burwood-sbc04\system
2020-07-11 19:44:03,235 [INFO] [reports]  no files found matching the date range found for K:\HDR\m-cba-nsw-burwood-sbc04\system 

2020-07-11 19:44:03,243 [INFO] [cleanup]  **** Reports file cleanup starting ****
2020-07-11 19:44:03,247 [INFO] [cleanup]  sucessfully deleted 0 file(s),
2020-07-11 19:44:03,251 [INFO] [cleanup]  cleanup took 0.0003 seconds
2020-07-11 19:44:03,263 [INFO] [cleanup]  **** Reports file cleanup finished ****

2020-07-11 19:44:03,267 [INFO] [cleanup]  **** HDR file cleanup starting ****
2020-07-11 19:45:48,401 [INFO] [main]  **** reports script started ****
2020-07-11 19:45:48,405 [INFO] [reports]  search for file(s) between 2020-07-01 00:00:00 - 2020-07-31 00:00:00 for K:\HDR\m-cba-nsw-bellavista-sbc01_m-cba-nsw-bellavista-sbc02\system
2020-07-11 19:45:54,115 [INFO] [reports]  found 398 file(s)
2020-07-11 19:45:54,167 [INFO] [reports]  loading file(s) starting 
2020-07-11 19:45:55,194 [INFO] [reports]  loaded 398 file(s) 
2020-07-11 19:45:55,222 [INFO] [reports]  processing data... this may take a while
2020-07-11 19:45:55,371 [INFO] [reports]  processing data complete.operation took 0.1509 seconds
2020-07-11 19:45:55,379 [INFO] [reports]  writing report to file - K:\REPORTS\TEST\m-cba-nsw-bellavista-sbc01_m-cba-nsw-bellavista-sbc02.csv
2020-07-11 19:45:55,387 [INFO] [reports]  report writing completed

2020-07-11 19:45:55,399 [INFO] [reports]  search for file(s) between 2020-07-01 00:00:00 - 2020-07-31 00:00:00 for K:\HDR\m-cba-nsw-bellavista-sbc03\system
2020-07-11 19:45:55,407 [INFO] [reports]  no files found matching the date range found for K:\HDR\m-cba-nsw-bellavista-sbc03\system 

2020-07-11 19:45:55,415 [INFO] [reports]  search for file(s) between 2020-07-01 00:00:00 - 2020-07-31 00:00:00 for K:\HDR\m-cba-nsw-bellavista-sbc04\system
2020-07-11 19:45:55,423 [INFO] [reports]  no files found matching the date range found for K:\HDR\m-cba-nsw-bellavista-sbc04\system 

2020-07-11 19:45:55,427 [INFO] [reports]  search for file(s) between 2020-07-01 00:00:00 - 2020-07-31 00:00:00 for K:\HDR\m-cba-nsw-burwood-sbc01_m-cba-nsw-burwood-sbc02\system
2020-07-11 19:45:55,435 [INFO] [reports]  no files found matching the date range found for K:\HDR\m-cba-nsw-burwood-sbc01_m-cba-nsw-burwood-sbc02\system 

2020-07-11 19:45:55,439 [INFO] [reports]  search for file(s) between 2020-07-01 00:00:00 - 2020-07-31 00:00:00 for K:\HDR\m-cba-nsw-burwood-sbc03\system
2020-07-11 19:45:55,449 [INFO] [reports]  no files found matching the date range found for K:\HDR\m-cba-nsw-burwood-sbc03\system 

2020-07-11 19:45:55,457 [INFO] [reports]  search for file(s) between 2020-07-01 00:00:00 - 2020-07-31 00:00:00 for K:\HDR\m-cba-nsw-burwood-sbc04\system
2020-07-11 19:45:55,461 [INFO] [reports]  no files found matching the date range found for K:\HDR\m-cba-nsw-burwood-sbc04\system 

2020-07-11 19:45:55,473 [INFO] [cleanup]  **** Reports file cleanup starting ****
2020-07-11 19:45:55,477 [INFO] [cleanup]  sucessfully deleted 0 file(s),
2020-07-11 19:45:55,485 [INFO] [cleanup]  cleanup took 0.0006 seconds
2020-07-11 19:45:55,489 [INFO] [cleanup]  **** Reports file cleanup finished ****

2020-07-11 19:45:55,498 [INFO] [cleanup]  **** HDR file cleanup starting ****
2020-07-11 19:48:47,803 [INFO] [main]  **** reports script started ****
2020-07-11 19:48:47,803 [INFO] [reports]  search for file(s) between 2020-06-01 00:00:00 - 2020-07-01 00:00:00 for K:\HDR\m-cba-nsw-bellavista-sbc01_m-cba-nsw-bellavista-sbc02\system
2020-07-11 19:48:53,683 [INFO] [reports]  found 23332 file(s)
2020-07-11 19:48:53,687 [INFO] [reports]  loading file(s) starting 
2020-07-11 19:51:43,670 [INFO] [cleanup]  sucessfully deleted 0 file(s),
2020-07-11 19:51:43,678 [INFO] [cleanup]  cleanup took 348.1735 seconds
2020-07-11 19:51:43,686 [INFO] [cleanup]  **** HDR file cleanup finished ****

2020-07-11 19:51:43,694 [INFO] [main]  **** report script finished ****

2020-07-11 19:52:24,090 [INFO] [reports]  loaded 23332 file(s) 
2020-07-11 19:52:24,090 [INFO] [reports]  processing data... this may take a while
2020-07-11 19:52:27,665 [INFO] [reports]  processing data complete.operation took 3.5747 seconds
2020-07-11 19:52:27,665 [INFO] [reports]  writing report to file - K:\REPORTS\TEST\m-cba-nsw-bellavista-sbc01_m-cba-nsw-bellavista-sbc02.csv
2020-07-11 19:52:27,669 [ERROR] [reports]  !!!! Exception Occured !!!!
Traceback (most recent call last):
  File "reports.py", line 74, in reports
    df.to_csv(report_path)
  File "C:\Program Files\Python38\lib\site-packages\pandas\core\generic.py", line 3204, in to_csv
    formatter.save()
  File "C:\Program Files\Python38\lib\site-packages\pandas\io\formats\csvs.py", line 184, in save
    f, handles = get_handle(
  File "C:\Program Files\Python38\lib\site-packages\pandas\io\common.py", line 455, in get_handle
    f = open(path_or_buf, mode, encoding=encoding, newline="")
FileNotFoundError: [Errno 2] No such file or directory: 'K:\\REPORTS\\TEST\\m-cba-nsw-bellavista-sbc01_m-cba-nsw-bellavista-sbc02.csv'
2020-07-11 19:52:27,681 [INFO] [reports]  search for file(s) between 2020-06-01 00:00:00 - 2020-07-01 00:00:00 for K:\HDR\m-cba-nsw-bellavista-sbc03\system
2020-07-11 19:52:27,681 [INFO] [reports]  no files found matching the date range found for K:\HDR\m-cba-nsw-bellavista-sbc03\system 

2020-07-11 19:52:27,685 [INFO] [reports]  search for file(s) between 2020-06-01 00:00:00 - 2020-07-01 00:00:00 for K:\HDR\m-cba-nsw-bellavista-sbc04\system
2020-07-11 19:52:27,685 [INFO] [reports]  no files found matching the date range found for K:\HDR\m-cba-nsw-bellavista-sbc04\system 

2020-07-11 19:52:27,685 [INFO] [reports]  search for file(s) between 2020-06-01 00:00:00 - 2020-07-01 00:00:00 for K:\HDR\m-cba-nsw-burwood-sbc01_m-cba-nsw-burwood-sbc02\system
2020-07-11 19:52:27,689 [INFO] [reports]  no files found matching the date range found for K:\HDR\m-cba-nsw-burwood-sbc01_m-cba-nsw-burwood-sbc02\system 

2020-07-11 19:52:27,689 [INFO] [reports]  search for file(s) between 2020-06-01 00:00:00 - 2020-07-01 00:00:00 for K:\HDR\m-cba-nsw-burwood-sbc03\system
2020-07-11 19:52:27,689 [INFO] [reports]  no files found matching the date range found for K:\HDR\m-cba-nsw-burwood-sbc03\system 

2020-07-11 19:52:27,689 [INFO] [reports]  search for file(s) between 2020-06-01 00:00:00 - 2020-07-01 00:00:00 for K:\HDR\m-cba-nsw-burwood-sbc04\system
2020-07-11 19:52:27,693 [INFO] [reports]  no files found matching the date range found for K:\HDR\m-cba-nsw-burwood-sbc04\system 

2020-07-11 19:52:27,693 [INFO] [cleanup]  **** Reports file cleanup starting ****
2020-07-11 19:52:27,697 [INFO] [cleanup]  sucessfully deleted 0 file(s),
2020-07-11 19:52:27,697 [INFO] [cleanup]  cleanup took 0.0003 seconds
2020-07-11 19:52:27,697 [INFO] [cleanup]  **** Reports file cleanup finished ****

2020-07-11 19:52:27,697 [INFO] [cleanup]  **** HDR file cleanup starting ****
2020-07-11 19:53:41,742 [INFO] [main]  **** reports script started ****
2020-07-11 19:53:41,746 [INFO] [reports]  search for file(s) between 2020-07-01 00:00:00 - 2020-07-31 00:00:00 for K:\HDR\m-cba-nsw-bellavista-sbc01_m-cba-nsw-bellavista-sbc02\system
2020-07-11 19:53:45,062 [ERROR] [main]  !!! Exception Occured !!!!
Traceback (most recent call last):
  File "C:\nora\reports.py", line 38, in reports
    stat = os.stat(full_path)
KeyboardInterrupt

During handling of the above exception, another exception occurred:

Traceback (most recent call last):
  File "C:\nora\reports.py", line 105, in main
    reports(first_day,last_day,name)
  File "C:\nora\reports.py", line 42, in reports
    except Exceptionn:
NameError: name 'Exceptionn' is not defined
2020-07-11 19:53:53,149 [INFO] [main]  **** reports script started ****
2020-07-11 19:53:53,149 [INFO] [reports]  search for file(s) between 2020-06-01 00:00:00 - 2020-07-01 00:00:00 for K:\HDR\m-cba-nsw-bellavista-sbc01_m-cba-nsw-bellavista-sbc02\system
2020-07-11 19:53:58,567 [INFO] [reports]  found 23332 file(s)
2020-07-11 19:53:58,567 [INFO] [reports]  loading file(s) starting 
2020-07-11 19:54:57,504 [INFO] [reports]  loaded 23332 file(s) 
2020-07-11 19:54:57,504 [INFO] [reports]  processing data... this may take a while
2020-07-11 19:54:58,457 [INFO] [reports]  processing data complete.operation took 0.9551 seconds
2020-07-11 19:54:58,461 [INFO] [reports]  writing report to file - K:\REPORTS\m-cba-nsw-bellavista-sbc01_m-cba-nsw-bellavista-sbc02.csv
2020-07-11 19:54:58,466 [INFO] [reports]  report writing completed

2020-07-11 19:54:58,474 [INFO] [reports]  search for file(s) between 2020-06-01 00:00:00 - 2020-07-01 00:00:00 for K:\HDR\m-cba-nsw-bellavista-sbc03\system
2020-07-11 19:54:58,474 [INFO] [reports]  no files found matching the date range found for K:\HDR\m-cba-nsw-bellavista-sbc03\system 

2020-07-11 19:54:58,478 [INFO] [reports]  search for file(s) between 2020-06-01 00:00:00 - 2020-07-01 00:00:00 for K:\HDR\m-cba-nsw-bellavista-sbc04\system
2020-07-11 19:54:58,478 [INFO] [reports]  no files found matching the date range found for K:\HDR\m-cba-nsw-bellavista-sbc04\system 

2020-07-11 19:54:58,478 [INFO] [reports]  search for file(s) between 2020-06-01 00:00:00 - 2020-07-01 00:00:00 for K:\HDR\m-cba-nsw-burwood-sbc01_m-cba-nsw-burwood-sbc02\system
2020-07-11 19:54:58,478 [INFO] [reports]  no files found matching the date range found for K:\HDR\m-cba-nsw-burwood-sbc01_m-cba-nsw-burwood-sbc02\system 

2020-07-11 19:54:58,482 [INFO] [reports]  search for file(s) between 2020-06-01 00:00:00 - 2020-07-01 00:00:00 for K:\HDR\m-cba-nsw-burwood-sbc03\system
2020-07-11 19:54:58,482 [INFO] [reports]  no files found matching the date range found for K:\HDR\m-cba-nsw-burwood-sbc03\system 

2020-07-11 19:54:58,486 [INFO] [reports]  search for file(s) between 2020-06-01 00:00:00 - 2020-07-01 00:00:00 for K:\HDR\m-cba-nsw-burwood-sbc04\system
2020-07-11 19:54:58,490 [INFO] [reports]  no files found matching the date range found for K:\HDR\m-cba-nsw-burwood-sbc04\system 

2020-07-11 19:54:58,490 [INFO] [cleanup]  **** Reports file cleanup starting ****
2020-07-11 19:54:58,490 [INFO] [cleanup]  sucessfully deleted 0 file(s),
2020-07-11 19:54:58,490 [INFO] [cleanup]  cleanup took 0.0002 seconds
2020-07-11 19:54:58,490 [INFO] [cleanup]  **** Reports file cleanup finished ****

2020-07-11 19:54:58,494 [INFO] [cleanup]  **** HDR file cleanup starting ****
2020-07-11 20:00:52,313 [INFO] [cleanup]  sucessfully deleted 0 file(s),
2020-07-11 20:00:52,313 [INFO] [cleanup]  cleanup took 353.8239 seconds
2020-07-11 20:00:52,317 [INFO] [cleanup]  **** HDR file cleanup finished ****

2020-07-11 20:00:52,317 [INFO] [main]  **** report script finished ****

2020-07-11 20:01:30,714 [INFO] [main]  **** reports script started ****
2020-07-11 20:01:30,722 [INFO] [reports]  search for file(s) between 2020-07-01 00:00:00 - 2020-07-31 00:00:00 for K:\HDR\m-cba-nsw-bellavista-sbc01_m-cba-nsw-bellavista-sbc02\system
2020-07-11 20:01:36,129 [INFO] [reports]  found 398 file(s)
2020-07-11 20:01:36,161 [INFO] [reports]  loading file(s) starting 
2020-07-11 20:01:37,176 [INFO] [reports]  loaded 398 file(s) 
2020-07-11 20:01:37,224 [INFO] [reports]  processing data... this may take a while
2020-07-11 20:01:37,374 [INFO] [reports]  processing data complete.operation took 0.1510 seconds
2020-07-11 20:01:37,382 [INFO] [reports]  writing report to file - K:\REPORTS\2020-07-11-200130-m-cba-nsw-bellavista-sbc01_m-cba-nsw-bellavista-sbc02.csv
2020-07-11 20:01:37,398 [INFO] [reports]  report writing completed

2020-07-11 20:01:37,406 [INFO] [reports]  search for file(s) between 2020-07-01 00:00:00 - 2020-07-31 00:00:00 for K:\HDR\m-cba-nsw-bellavista-sbc03\system
2020-07-11 20:01:37,410 [INFO] [reports]  no files found matching the date range for K:\HDR\m-cba-nsw-bellavista-sbc03\system 

2020-07-11 20:01:37,418 [INFO] [reports]  search for file(s) between 2020-07-01 00:00:00 - 2020-07-31 00:00:00 for K:\HDR\m-cba-nsw-bellavista-sbc04\system
2020-07-11 20:01:37,426 [INFO] [reports]  no files found matching the date range for K:\HDR\m-cba-nsw-bellavista-sbc04\system 

2020-07-11 20:01:37,430 [INFO] [reports]  search for file(s) between 2020-07-01 00:00:00 - 2020-07-31 00:00:00 for K:\HDR\m-cba-nsw-burwood-sbc01_m-cba-nsw-burwood-sbc02\system
2020-07-11 20:01:37,442 [INFO] [reports]  no files found matching the date range for K:\HDR\m-cba-nsw-burwood-sbc01_m-cba-nsw-burwood-sbc02\system 

2020-07-11 20:01:37,446 [INFO] [reports]  search for file(s) between 2020-07-01 00:00:00 - 2020-07-31 00:00:00 for K:\HDR\m-cba-nsw-burwood-sbc03\system
2020-07-11 20:01:37,458 [INFO] [reports]  no files found matching the date range for K:\HDR\m-cba-nsw-burwood-sbc03\system 

2020-07-11 20:01:37,462 [INFO] [reports]  search for file(s) between 2020-07-01 00:00:00 - 2020-07-31 00:00:00 for K:\HDR\m-cba-nsw-burwood-sbc04\system
2020-07-11 20:01:37,470 [INFO] [reports]  no files found matching the date range for K:\HDR\m-cba-nsw-burwood-sbc04\system 

2020-07-11 20:01:37,478 [INFO] [cleanup]  **** Reports file cleanup starting ****
2020-07-11 20:01:37,482 [INFO] [cleanup]  sucessfully deleted 0 file(s),
2020-07-11 20:01:37,493 [INFO] [cleanup]  cleanup took 0.0004 seconds
2020-07-11 20:01:37,497 [INFO] [cleanup]  **** Reports file cleanup finished ****

2020-07-11 20:01:37,501 [INFO] [cleanup]  **** HDR file cleanup starting ****
2020-07-11 20:03:32,727 [INFO] [main]  **** reports script started ****
2020-07-11 20:03:32,727 [INFO] [reports]  search for file(s) between 2020-07-01 00:00:00 - 2020-08-01 00:00:00 for K:\HDR\m-cba-nsw-bellavista-sbc01_m-cba-nsw-bellavista-sbc02\system
2020-07-11 20:03:37,968 [INFO] [reports]  found 398 file(s)
2020-07-11 20:03:37,968 [INFO] [reports]  loading file(s) starting 
2020-07-11 20:03:39,002 [INFO] [reports]  loaded 398 file(s) 
2020-07-11 20:03:39,002 [INFO] [reports]  processing data... this may take a while
2020-07-11 20:03:39,157 [INFO] [reports]  processing data complete.operation took 0.1539 seconds
2020-07-11 20:03:39,161 [INFO] [reports]  writing report to file - K:\REPORTS\2020-07-11-200332-m-cba-nsw-bellavista-sbc01_m-cba-nsw-bellavista-sbc02.csv
2020-07-11 20:03:39,165 [INFO] [reports]  report writing completed

2020-07-11 20:03:39,169 [INFO] [reports]  search for file(s) between 2020-07-01 00:00:00 - 2020-08-01 00:00:00 for K:\HDR\m-cba-nsw-bellavista-sbc03\system
2020-07-11 20:03:39,169 [INFO] [reports]  no files found matching the date range for K:\HDR\m-cba-nsw-bellavista-sbc03\system 

2020-07-11 20:03:39,169 [INFO] [reports]  search for file(s) between 2020-07-01 00:00:00 - 2020-08-01 00:00:00 for K:\HDR\m-cba-nsw-bellavista-sbc04\system
2020-07-11 20:03:39,173 [INFO] [reports]  no files found matching the date range for K:\HDR\m-cba-nsw-bellavista-sbc04\system 

2020-07-11 20:03:39,177 [INFO] [reports]  search for file(s) between 2020-07-01 00:00:00 - 2020-08-01 00:00:00 for K:\HDR\m-cba-nsw-burwood-sbc01_m-cba-nsw-burwood-sbc02\system
2020-07-11 20:03:39,177 [INFO] [reports]  no files found matching the date range for K:\HDR\m-cba-nsw-burwood-sbc01_m-cba-nsw-burwood-sbc02\system 

2020-07-11 20:03:39,177 [INFO] [reports]  search for file(s) between 2020-07-01 00:00:00 - 2020-08-01 00:00:00 for K:\HDR\m-cba-nsw-burwood-sbc03\system
2020-07-11 20:03:39,181 [INFO] [reports]  no files found matching the date range for K:\HDR\m-cba-nsw-burwood-sbc03\system 

2020-07-11 20:03:39,181 [INFO] [reports]  search for file(s) between 2020-07-01 00:00:00 - 2020-08-01 00:00:00 for K:\HDR\m-cba-nsw-burwood-sbc04\system
2020-07-11 20:03:39,186 [INFO] [reports]  no files found matching the date range for K:\HDR\m-cba-nsw-burwood-sbc04\system 

2020-07-11 20:03:39,186 [INFO] [cleanup]  **** Reports file cleanup starting ****
2020-07-11 20:03:39,189 [INFO] [cleanup]  sucessfully deleted 0 file(s),
2020-07-11 20:03:39,193 [INFO] [cleanup]  cleanup took 0.0004 seconds
2020-07-11 20:03:39,193 [INFO] [cleanup]  **** Reports file cleanup finished ****

2020-07-11 20:03:39,193 [INFO] [cleanup]  **** HDR file cleanup starting ****
2020-07-11 20:07:33,001 [INFO] [cleanup]  sucessfully deleted 0 file(s),
2020-07-11 20:07:33,009 [INFO] [cleanup]  cleanup took 355.4957 seconds
2020-07-11 20:07:33,013 [INFO] [cleanup]  **** HDR file cleanup finished ****

2020-07-11 20:07:33,017 [INFO] [main]  **** report script finished ****

2020-07-11 20:09:27,903 [INFO] [cleanup]  sucessfully deleted 0 file(s),
2020-07-11 20:09:27,903 [INFO] [cleanup]  cleanup took 348.7119 seconds
2020-07-11 20:09:27,907 [INFO] [cleanup]  **** HDR file cleanup finished ****

2020-07-11 20:09:27,907 [INFO] [main]  **** report script finished ****

